{"C:\\Users\\bandi\\meeting-summary-dashboard\\frontend\\src\\App.jsx": {"path":"C:\\Users\\bandi\\meeting-summary-dashboard\\frontend\\src\\App.jsx","all":false,"statementMap":{"1":{"start":{"line":2,"column":0},"end":{"line":2,"column":40}},"2":{"start":{"line":3,"column":0},"end":{"line":3,"column":54}},"3":{"start":{"line":4,"column":0},"end":{"line":4,"column":51}},"4":{"start":{"line":5,"column":0},"end":{"line":5,"column":31}},"5":{"start":{"line":6,"column":0},"end":{"line":6,"column":43}},"6":{"start":{"line":7,"column":0},"end":{"line":7,"column":51}},"7":{"start":{"line":8,"column":0},"end":{"line":8,"column":59}},"8":{"start":{"line":9,"column":0},"end":{"line":9,"column":63}},"9":{"start":{"line":10,"column":0},"end":{"line":10,"column":11}},"10":{"start":{"line":11,"column":0},"end":{"line":11,"column":19}},"11":{"start":{"line":12,"column":0},"end":{"line":12,"column":16}},"12":{"start":{"line":13,"column":0},"end":{"line":13,"column":16}},"13":{"start":{"line":14,"column":0},"end":{"line":14,"column":18}},"14":{"start":{"line":15,"column":0},"end":{"line":15,"column":18}},"15":{"start":{"line":16,"column":0},"end":{"line":16,"column":23}},"16":{"start":{"line":17,"column":0},"end":{"line":17,"column":21}},"17":{"start":{"line":18,"column":0},"end":{"line":18,"column":26}},"18":{"start":{"line":19,"column":0},"end":{"line":19,"column":22}},"19":{"start":{"line":20,"column":0},"end":{"line":20,"column":19}},"20":{"start":{"line":21,"column":0},"end":{"line":21,"column":67}},"21":{"start":{"line":22,"column":0},"end":{"line":22,"column":26}},"23":{"start":{"line":24,"column":0},"end":{"line":24,"column":43}},"24":{"start":{"line":25,"column":0},"end":{"line":25,"column":25}},"25":{"start":{"line":26,"column":0},"end":{"line":26,"column":13}},"26":{"start":{"line":27,"column":0},"end":{"line":27,"column":60}},"27":{"start":{"line":28,"column":0},"end":{"line":28,"column":49}},"28":{"start":{"line":29,"column":0},"end":{"line":29,"column":53}},"29":{"start":{"line":30,"column":0},"end":{"line":30,"column":44}},"30":{"start":{"line":31,"column":0},"end":{"line":31,"column":20}},"31":{"start":{"line":32,"column":0},"end":{"line":32,"column":59}},"32":{"start":{"line":33,"column":0},"end":{"line":33,"column":76}},"33":{"start":{"line":34,"column":0},"end":{"line":34,"column":13}},"34":{"start":{"line":35,"column":0},"end":{"line":35,"column":23}},"35":{"start":{"line":36,"column":0},"end":{"line":36,"column":47}},"36":{"start":{"line":37,"column":0},"end":{"line":37,"column":54}},"37":{"start":{"line":38,"column":0},"end":{"line":38,"column":9}},"38":{"start":{"line":39,"column":0},"end":{"line":39,"column":6}},"41":{"start":{"line":42,"column":0},"end":{"line":42,"column":37}},"42":{"start":{"line":43,"column":0},"end":{"line":43,"column":49}},"43":{"start":{"line":44,"column":0},"end":{"line":44,"column":34}},"44":{"start":{"line":45,"column":0},"end":{"line":45,"column":51}},"45":{"start":{"line":46,"column":0},"end":{"line":46,"column":57}},"46":{"start":{"line":47,"column":0},"end":{"line":47,"column":19}},"47":{"start":{"line":48,"column":0},"end":{"line":48,"column":9}},"48":{"start":{"line":49,"column":0},"end":{"line":49,"column":54}},"49":{"start":{"line":50,"column":0},"end":{"line":50,"column":85}},"50":{"start":{"line":51,"column":0},"end":{"line":51,"column":19}},"51":{"start":{"line":52,"column":0},"end":{"line":52,"column":9}},"52":{"start":{"line":53,"column":0},"end":{"line":53,"column":30}},"53":{"start":{"line":54,"column":0},"end":{"line":54,"column":6}},"55":{"start":{"line":56,"column":0},"end":{"line":56,"column":39}},"56":{"start":{"line":57,"column":0},"end":{"line":57,"column":27}},"57":{"start":{"line":58,"column":0},"end":{"line":58,"column":26}},"58":{"start":{"line":59,"column":0},"end":{"line":59,"column":29}},"59":{"start":{"line":60,"column":0},"end":{"line":60,"column":31}},"60":{"start":{"line":61,"column":0},"end":{"line":61,"column":54}},"61":{"start":{"line":62,"column":0},"end":{"line":62,"column":27}},"62":{"start":{"line":63,"column":0},"end":{"line":63,"column":38}},"63":{"start":{"line":64,"column":0},"end":{"line":64,"column":9}},"64":{"start":{"line":65,"column":0},"end":{"line":65,"column":6}},"66":{"start":{"line":67,"column":0},"end":{"line":67,"column":51}},"67":{"start":{"line":68,"column":0},"end":{"line":68,"column":65}},"68":{"start":{"line":69,"column":0},"end":{"line":69,"column":49}},"69":{"start":{"line":70,"column":0},"end":{"line":70,"column":46}},"70":{"start":{"line":71,"column":0},"end":{"line":71,"column":33}},"71":{"start":{"line":72,"column":0},"end":{"line":72,"column":21}},"72":{"start":{"line":73,"column":0},"end":{"line":73,"column":6}},"74":{"start":{"line":75,"column":0},"end":{"line":75,"column":40}},"75":{"start":{"line":76,"column":0},"end":{"line":76,"column":29}},"76":{"start":{"line":77,"column":0},"end":{"line":77,"column":31}},"77":{"start":{"line":78,"column":0},"end":{"line":78,"column":13}},"78":{"start":{"line":79,"column":0},"end":{"line":79,"column":59}},"79":{"start":{"line":80,"column":0},"end":{"line":80,"column":31}},"80":{"start":{"line":81,"column":0},"end":{"line":81,"column":64}},"81":{"start":{"line":82,"column":0},"end":{"line":82,"column":50}},"82":{"start":{"line":83,"column":0},"end":{"line":83,"column":15}},"83":{"start":{"line":84,"column":0},"end":{"line":84,"column":47}},"84":{"start":{"line":85,"column":0},"end":{"line":85,"column":30}},"85":{"start":{"line":86,"column":0},"end":{"line":86,"column":68}},"86":{"start":{"line":87,"column":0},"end":{"line":87,"column":20}},"87":{"start":{"line":88,"column":0},"end":{"line":88,"column":74}},"88":{"start":{"line":89,"column":0},"end":{"line":89,"column":13}},"89":{"start":{"line":90,"column":0},"end":{"line":90,"column":23}},"90":{"start":{"line":91,"column":0},"end":{"line":91,"column":56}},"91":{"start":{"line":92,"column":0},"end":{"line":92,"column":9}},"92":{"start":{"line":93,"column":0},"end":{"line":93,"column":6}},"94":{"start":{"line":95,"column":0},"end":{"line":95,"column":12}},"95":{"start":{"line":96,"column":0},"end":{"line":96,"column":56}},"96":{"start":{"line":97,"column":0},"end":{"line":97,"column":100}},"98":{"start":{"line":99,"column":0},"end":{"line":99,"column":19}},"99":{"start":{"line":100,"column":0},"end":{"line":100,"column":43}},"100":{"start":{"line":101,"column":0},"end":{"line":101,"column":94}},"102":{"start":{"line":103,"column":0},"end":{"line":103,"column":21}},"104":{"start":{"line":105,"column":0},"end":{"line":105,"column":59}},"105":{"start":{"line":106,"column":0},"end":{"line":106,"column":101}},"106":{"start":{"line":107,"column":0},"end":{"line":107,"column":22}},"107":{"start":{"line":108,"column":0},"end":{"line":108,"column":46}},"108":{"start":{"line":109,"column":0},"end":{"line":109,"column":37}},"109":{"start":{"line":110,"column":0},"end":{"line":110,"column":31}},"110":{"start":{"line":111,"column":0},"end":{"line":111,"column":36}},"111":{"start":{"line":112,"column":0},"end":{"line":112,"column":47}},"112":{"start":{"line":113,"column":0},"end":{"line":113,"column":78}},"113":{"start":{"line":114,"column":0},"end":{"line":114,"column":18}},"114":{"start":{"line":115,"column":0},"end":{"line":115,"column":58}},"115":{"start":{"line":116,"column":0},"end":{"line":116,"column":62}},"116":{"start":{"line":117,"column":0},"end":{"line":117,"column":20}},"117":{"start":{"line":118,"column":0},"end":{"line":118,"column":23}},"118":{"start":{"line":119,"column":0},"end":{"line":119,"column":33}},"119":{"start":{"line":120,"column":0},"end":{"line":120,"column":92}},"120":{"start":{"line":121,"column":0},"end":{"line":121,"column":49}},"121":{"start":{"line":122,"column":0},"end":{"line":122,"column":90}},"123":{"start":{"line":124,"column":0},"end":{"line":124,"column":34}},"124":{"start":{"line":125,"column":0},"end":{"line":125,"column":30}},"125":{"start":{"line":126,"column":0},"end":{"line":126,"column":77}},"127":{"start":{"line":128,"column":0},"end":{"line":128,"column":31}},"129":{"start":{"line":130,"column":0},"end":{"line":130,"column":42}},"131":{"start":{"line":132,"column":0},"end":{"line":132,"column":25}},"133":{"start":{"line":134,"column":0},"end":{"line":134,"column":31}},"134":{"start":{"line":135,"column":0},"end":{"line":135,"column":106}},"136":{"start":{"line":137,"column":0},"end":{"line":137,"column":19}},"139":{"start":{"line":140,"column":0},"end":{"line":140,"column":27}},"140":{"start":{"line":141,"column":0},"end":{"line":141,"column":82}},"141":{"start":{"line":142,"column":0},"end":{"line":142,"column":31}},"142":{"start":{"line":143,"column":0},"end":{"line":143,"column":20}},"145":{"start":{"line":146,"column":0},"end":{"line":146,"column":23}},"146":{"start":{"line":147,"column":0},"end":{"line":147,"column":82}},"147":{"start":{"line":148,"column":0},"end":{"line":148,"column":27}},"148":{"start":{"line":149,"column":0},"end":{"line":149,"column":20}},"150":{"start":{"line":151,"column":0},"end":{"line":151,"column":31}},"151":{"start":{"line":152,"column":0},"end":{"line":152,"column":82}},"152":{"start":{"line":153,"column":0},"end":{"line":153,"column":35}},"153":{"start":{"line":154,"column":0},"end":{"line":154,"column":20}},"155":{"start":{"line":156,"column":0},"end":{"line":156,"column":33}},"156":{"start":{"line":157,"column":0},"end":{"line":157,"column":85}},"157":{"start":{"line":158,"column":0},"end":{"line":158,"column":37}},"158":{"start":{"line":159,"column":0},"end":{"line":159,"column":20}},"161":{"start":{"line":162,"column":0},"end":{"line":162,"column":55}},"162":{"start":{"line":163,"column":0},"end":{"line":163,"column":21}},"163":{"start":{"line":164,"column":0},"end":{"line":164,"column":75}},"164":{"start":{"line":165,"column":0},"end":{"line":165,"column":93}},"165":{"start":{"line":166,"column":0},"end":{"line":166,"column":36}},"166":{"start":{"line":167,"column":0},"end":{"line":167,"column":26}},"167":{"start":{"line":168,"column":0},"end":{"line":168,"column":27}},"168":{"start":{"line":169,"column":0},"end":{"line":169,"column":81}},"169":{"start":{"line":170,"column":0},"end":{"line":170,"column":84}},"170":{"start":{"line":171,"column":0},"end":{"line":171,"column":21}},"172":{"start":{"line":173,"column":0},"end":{"line":173,"column":29}},"173":{"start":{"line":174,"column":0},"end":{"line":174,"column":22}},"177":{"start":{"line":178,"column":0},"end":{"line":178,"column":36}},"178":{"start":{"line":179,"column":0},"end":{"line":179,"column":21}},"179":{"start":{"line":180,"column":0},"end":{"line":180,"column":72}},"180":{"start":{"line":181,"column":0},"end":{"line":181,"column":66}},"181":{"start":{"line":182,"column":0},"end":{"line":182,"column":69}},"182":{"start":{"line":183,"column":0},"end":{"line":183,"column":25}},"183":{"start":{"line":184,"column":0},"end":{"line":184,"column":27}},"184":{"start":{"line":185,"column":0},"end":{"line":185,"column":81}},"185":{"start":{"line":186,"column":0},"end":{"line":186,"column":89}},"186":{"start":{"line":187,"column":0},"end":{"line":187,"column":21}},"188":{"start":{"line":189,"column":0},"end":{"line":189,"column":29}},"189":{"start":{"line":190,"column":0},"end":{"line":190,"column":22}},"192":{"start":{"line":193,"column":0},"end":{"line":193,"column":38}},"193":{"start":{"line":194,"column":0},"end":{"line":194,"column":21}},"194":{"start":{"line":195,"column":0},"end":{"line":195,"column":74}},"195":{"start":{"line":196,"column":0},"end":{"line":196,"column":66}},"196":{"start":{"line":197,"column":0},"end":{"line":197,"column":71}},"197":{"start":{"line":198,"column":0},"end":{"line":198,"column":25}},"198":{"start":{"line":199,"column":0},"end":{"line":199,"column":22}},"201":{"start":{"line":202,"column":0},"end":{"line":202,"column":36}},"202":{"start":{"line":203,"column":0},"end":{"line":203,"column":38}},"203":{"start":{"line":204,"column":0},"end":{"line":204,"column":95}},"204":{"start":{"line":205,"column":0},"end":{"line":205,"column":71}},"205":{"start":{"line":206,"column":0},"end":{"line":206,"column":81}},"206":{"start":{"line":207,"column":0},"end":{"line":207,"column":26}},"207":{"start":{"line":208,"column":0},"end":{"line":208,"column":27}},"208":{"start":{"line":209,"column":0},"end":{"line":209,"column":99}},"209":{"start":{"line":210,"column":0},"end":{"line":210,"column":48}},"210":{"start":{"line":211,"column":0},"end":{"line":211,"column":21}},"212":{"start":{"line":213,"column":0},"end":{"line":213,"column":29}},"213":{"start":{"line":214,"column":0},"end":{"line":214,"column":22}},"215":{"start":{"line":216,"column":0},"end":{"line":216,"column":14}},"217":{"start":{"line":218,"column":0},"end":{"line":218,"column":1}}},"s":{"1":1,"2":1,"3":1,"4":23,"5":23,"6":23,"7":23,"8":23,"9":23,"10":23,"11":23,"12":23,"13":23,"14":23,"15":23,"16":23,"17":23,"18":23,"19":23,"20":23,"21":23,"23":23,"24":0,"25":0,"26":0,"27":0,"28":0,"29":0,"30":0,"31":0,"32":0,"33":0,"34":0,"35":0,"36":0,"37":0,"38":0,"41":23,"42":6,"43":6,"44":6,"45":2,"46":2,"47":2,"48":6,"49":0,"50":0,"51":0,"52":3,"53":6,"55":23,"56":1,"57":1,"58":1,"59":1,"60":1,"61":1,"62":0,"63":0,"64":1,"66":23,"67":0,"68":0,"69":0,"70":0,"71":0,"72":0,"74":23,"75":3,"76":3,"77":3,"78":3,"79":3,"80":3,"81":3,"82":3,"83":2,"84":1,"85":1,"86":3,"87":0,"88":0,"89":3,"90":2,"91":2,"92":3,"94":23,"95":23,"96":23,"98":23,"99":23,"100":23,"102":23,"104":23,"105":23,"106":23,"107":23,"108":23,"109":23,"110":23,"111":23,"112":23,"113":23,"114":23,"115":23,"116":23,"117":23,"118":23,"119":23,"120":23,"121":23,"123":23,"124":0,"125":0,"127":0,"129":23,"131":23,"133":23,"134":0,"136":23,"139":23,"140":0,"141":0,"142":0,"145":23,"146":23,"147":23,"148":23,"150":23,"151":2,"152":2,"153":2,"155":23,"156":1,"157":1,"158":1,"161":23,"162":23,"163":23,"164":23,"165":23,"166":23,"167":23,"168":23,"169":23,"170":23,"172":23,"173":23,"177":23,"178":23,"179":23,"180":23,"181":23,"182":23,"183":23,"184":23,"185":23,"186":23,"188":23,"189":23,"192":23,"193":23,"194":23,"195":23,"196":23,"197":23,"198":23,"201":23,"202":23,"203":23,"204":23,"205":23,"206":23,"207":23,"208":23,"209":23,"210":23,"212":23,"213":23,"215":23,"217":23},"branchMap":{"0":{"type":"branch","line":5,"loc":{"start":{"line":5,"column":0},"end":{"line":218,"column":1}},"locations":[{"start":{"line":5,"column":0},"end":{"line":218,"column":1}}]},"1":{"type":"branch","line":116,"loc":{"start":{"line":116,"column":36},"end":{"line":116,"column":55}},"locations":[{"start":{"line":116,"column":36},"end":{"line":116,"column":55}}]},"2":{"type":"branch","line":116,"loc":{"start":{"line":116,"column":48},"end":{"line":116,"column":62}},"locations":[{"start":{"line":116,"column":48},"end":{"line":116,"column":62}}]},"3":{"type":"branch","line":124,"loc":{"start":{"line":124,"column":21},"end":{"line":128,"column":31}},"locations":[{"start":{"line":124,"column":21},"end":{"line":128,"column":31}}]},"4":{"type":"branch","line":134,"loc":{"start":{"line":134,"column":17},"end":{"line":135,"column":106}},"locations":[{"start":{"line":134,"column":17},"end":{"line":135,"column":106}}]},"5":{"type":"branch","line":140,"loc":{"start":{"line":140,"column":13},"end":{"line":143,"column":20}},"locations":[{"start":{"line":140,"column":13},"end":{"line":143,"column":20}}]},"6":{"type":"branch","line":151,"loc":{"start":{"line":151,"column":13},"end":{"line":154,"column":20}},"locations":[{"start":{"line":151,"column":13},"end":{"line":154,"column":20}}]},"7":{"type":"branch","line":156,"loc":{"start":{"line":156,"column":13},"end":{"line":159,"column":20}},"locations":[{"start":{"line":156,"column":13},"end":{"line":159,"column":20}}]},"8":{"type":"branch","line":42,"loc":{"start":{"line":42,"column":29},"end":{"line":54,"column":6}},"locations":[{"start":{"line":42,"column":29},"end":{"line":54,"column":6}}]},"9":{"type":"branch","line":43,"loc":{"start":{"line":43,"column":38},"end":{"line":43,"column":49}},"locations":[{"start":{"line":43,"column":38},"end":{"line":43,"column":49}}]},"10":{"type":"branch","line":44,"loc":{"start":{"line":44,"column":27},"end":{"line":44,"column":34}},"locations":[{"start":{"line":44,"column":27},"end":{"line":44,"column":34}}]},"11":{"type":"branch","line":44,"loc":{"start":{"line":44,"column":27},"end":{"line":45,"column":50}},"locations":[{"start":{"line":44,"column":27},"end":{"line":45,"column":50}}]},"12":{"type":"branch","line":45,"loc":{"start":{"line":45,"column":50},"end":{"line":48,"column":9}},"locations":[{"start":{"line":45,"column":50},"end":{"line":48,"column":9}}]},"13":{"type":"branch","line":48,"loc":{"start":{"line":48,"column":8},"end":{"line":49,"column":53}},"locations":[{"start":{"line":48,"column":8},"end":{"line":49,"column":53}}]},"14":{"type":"branch","line":49,"loc":{"start":{"line":49,"column":53},"end":{"line":52,"column":9}},"locations":[{"start":{"line":49,"column":53},"end":{"line":52,"column":9}}]},"15":{"type":"branch","line":52,"loc":{"start":{"line":52,"column":8},"end":{"line":53,"column":30}},"locations":[{"start":{"line":52,"column":8},"end":{"line":53,"column":30}}]},"16":{"type":"branch","line":56,"loc":{"start":{"line":56,"column":25},"end":{"line":65,"column":6}},"locations":[{"start":{"line":56,"column":25},"end":{"line":65,"column":6}}]},"17":{"type":"branch","line":58,"loc":{"start":{"line":58,"column":19},"end":{"line":58,"column":26}},"locations":[{"start":{"line":58,"column":19},"end":{"line":58,"column":26}}]},"18":{"type":"branch","line":62,"loc":{"start":{"line":62,"column":26},"end":{"line":64,"column":9}},"locations":[{"start":{"line":62,"column":26},"end":{"line":64,"column":9}}]},"19":{"type":"branch","line":75,"loc":{"start":{"line":75,"column":27},"end":{"line":93,"column":6}},"locations":[{"start":{"line":75,"column":27},"end":{"line":93,"column":6}}]},"20":{"type":"branch","line":83,"loc":{"start":{"line":83,"column":13},"end":{"line":84,"column":47}},"locations":[{"start":{"line":83,"column":13},"end":{"line":84,"column":47}}]},"21":{"type":"branch","line":84,"loc":{"start":{"line":84,"column":45},"end":{"line":87,"column":19}},"locations":[{"start":{"line":84,"column":45},"end":{"line":87,"column":19}}]},"22":{"type":"branch","line":87,"loc":{"start":{"line":87,"column":12},"end":{"line":89,"column":13}},"locations":[{"start":{"line":87,"column":12},"end":{"line":89,"column":13}}]},"23":{"type":"branch","line":90,"loc":{"start":{"line":90,"column":8},"end":{"line":92,"column":9}},"locations":[{"start":{"line":90,"column":8},"end":{"line":92,"column":9}}]},"24":{"type":"branch","line":182,"loc":{"start":{"line":182,"column":37},"end":{"line":182,"column":67}},"locations":[{"start":{"line":182,"column":37},"end":{"line":182,"column":67}}]},"25":{"type":"branch","line":197,"loc":{"start":{"line":197,"column":39},"end":{"line":197,"column":69}},"locations":[{"start":{"line":197,"column":39},"end":{"line":197,"column":69}}]}},"b":{"0":[23],"1":[4],"2":[19],"3":[0],"4":[0],"5":[0],"6":[2],"7":[1],"8":[6],"9":[5],"10":[1],"11":[5],"12":[2],"13":[3],"14":[0],"15":[3],"16":[1],"17":[0],"18":[0],"19":[3],"20":[2],"21":[1],"22":[0],"23":[2],"24":[46],"25":[23]},"fnMap":{"0":{"name":"App","decl":{"start":{"line":5,"column":0},"end":{"line":218,"column":1}},"loc":{"start":{"line":5,"column":0},"end":{"line":218,"column":1}},"line":5},"1":{"name":"handleZohoConnect","decl":{"start":{"line":24,"column":30},"end":{"line":39,"column":6}},"loc":{"start":{"line":24,"column":30},"end":{"line":39,"column":6}},"line":24},"2":{"name":"handleFileChange","decl":{"start":{"line":42,"column":29},"end":{"line":54,"column":6}},"loc":{"start":{"line":42,"column":29},"end":{"line":54,"column":6}},"line":42},"3":{"name":"handleSubmit","decl":{"start":{"line":56,"column":25},"end":{"line":65,"column":6}},"loc":{"start":{"line":56,"column":25},"end":{"line":65,"column":6}},"line":56},"4":{"name":"handleDownload","decl":{"start":{"line":67,"column":27},"end":{"line":73,"column":6}},"loc":{"start":{"line":67,"column":27},"end":{"line":73,"column":6}},"line":67},"5":{"name":"handleSchedule","decl":{"start":{"line":75,"column":27},"end":{"line":93,"column":6}},"loc":{"start":{"line":75,"column":27},"end":{"line":93,"column":6}},"line":75},"6":{"name":"onClick","decl":{"start":{"line":170,"column":33},"end":{"line":170,"column":84}},"loc":{"start":{"line":170,"column":33},"end":{"line":170,"column":84}},"line":170},"7":{"name":"onClick","decl":{"start":{"line":186,"column":33},"end":{"line":186,"column":89}},"loc":{"start":{"line":186,"column":33},"end":{"line":186,"column":89}},"line":186}},"f":{"0":23,"1":0,"2":6,"3":1,"4":0,"5":3,"6":0,"7":0}}
,"C:\\Users\\bandi\\meeting-summary-dashboard\\frontend\\src\\components\\AudioUploader.jsx": {"path":"C:\\Users\\bandi\\meeting-summary-dashboard\\frontend\\src\\components\\AudioUploader.jsx","all":false,"statementMap":{"0":{"start":{"line":1,"column":0},"end":{"line":1,"column":40}},"2":{"start":{"line":3,"column":0},"end":{"line":3,"column":26}},"3":{"start":{"line":4,"column":0},"end":{"line":4,"column":51}},"4":{"start":{"line":5,"column":0},"end":{"line":5,"column":51}},"5":{"start":{"line":6,"column":0},"end":{"line":6,"column":45}},"6":{"start":{"line":7,"column":0},"end":{"line":7,"column":45}},"7":{"start":{"line":8,"column":0},"end":{"line":8,"column":49}},"8":{"start":{"line":9,"column":0},"end":{"line":9,"column":48}},"10":{"start":{"line":11,"column":0},"end":{"line":11,"column":35}},"11":{"start":{"line":12,"column":0},"end":{"line":12,"column":36}},"12":{"start":{"line":13,"column":0},"end":{"line":13,"column":4}},"14":{"start":{"line":15,"column":0},"end":{"line":15,"column":35}},"15":{"start":{"line":16,"column":0},"end":{"line":16,"column":27}},"16":{"start":{"line":17,"column":0},"end":{"line":17,"column":44}},"17":{"start":{"line":18,"column":0},"end":{"line":18,"column":45}},"18":{"start":{"line":19,"column":0},"end":{"line":19,"column":15}},"19":{"start":{"line":20,"column":0},"end":{"line":20,"column":5}},"21":{"start":{"line":22,"column":0},"end":{"line":22,"column":21}},"23":{"start":{"line":24,"column":0},"end":{"line":24,"column":36}},"24":{"start":{"line":25,"column":0},"end":{"line":25,"column":40}},"26":{"start":{"line":27,"column":0},"end":{"line":27,"column":9}},"27":{"start":{"line":28,"column":0},"end":{"line":28,"column":70}},"28":{"start":{"line":29,"column":0},"end":{"line":29,"column":23}},"29":{"start":{"line":30,"column":0},"end":{"line":30,"column":23}},"30":{"start":{"line":31,"column":0},"end":{"line":31,"column":9}},"32":{"start":{"line":33,"column":0},"end":{"line":33,"column":36}},"33":{"start":{"line":34,"column":0},"end":{"line":34,"column":28}},"34":{"start":{"line":35,"column":0},"end":{"line":35,"column":39}},"35":{"start":{"line":36,"column":0},"end":{"line":36,"column":51}},"36":{"start":{"line":37,"column":0},"end":{"line":37,"column":14}},"37":{"start":{"line":38,"column":0},"end":{"line":38,"column":38}},"38":{"start":{"line":39,"column":0},"end":{"line":39,"column":7}},"39":{"start":{"line":40,"column":0},"end":{"line":40,"column":19}},"40":{"start":{"line":41,"column":0},"end":{"line":41,"column":45}},"41":{"start":{"line":42,"column":0},"end":{"line":42,"column":32}},"42":{"start":{"line":43,"column":0},"end":{"line":43,"column":5}},"44":{"start":{"line":45,"column":0},"end":{"line":45,"column":22}},"45":{"start":{"line":46,"column":0},"end":{"line":46,"column":4}},"47":{"start":{"line":48,"column":0},"end":{"line":48,"column":47}},"48":{"start":{"line":49,"column":0},"end":{"line":49,"column":9}},"49":{"start":{"line":50,"column":0},"end":{"line":50,"column":54}},"50":{"start":{"line":51,"column":0},"end":{"line":51,"column":23}},"51":{"start":{"line":52,"column":0},"end":{"line":52,"column":18}},"52":{"start":{"line":53,"column":0},"end":{"line":53,"column":45}},"53":{"start":{"line":54,"column":0},"end":{"line":54,"column":10}},"54":{"start":{"line":55,"column":0},"end":{"line":55,"column":51}},"55":{"start":{"line":56,"column":0},"end":{"line":56,"column":9}},"57":{"start":{"line":58,"column":0},"end":{"line":58,"column":36}},"58":{"start":{"line":59,"column":0},"end":{"line":59,"column":37}},"59":{"start":{"line":60,"column":0},"end":{"line":60,"column":37}},"60":{"start":{"line":61,"column":0},"end":{"line":61,"column":41}},"61":{"start":{"line":62,"column":0},"end":{"line":62,"column":19}},"62":{"start":{"line":63,"column":0},"end":{"line":63,"column":25}},"63":{"start":{"line":64,"column":0},"end":{"line":64,"column":36}},"64":{"start":{"line":65,"column":0},"end":{"line":65,"column":5}},"65":{"start":{"line":66,"column":0},"end":{"line":66,"column":4}},"67":{"start":{"line":68,"column":0},"end":{"line":68,"column":12}},"68":{"start":{"line":69,"column":0},"end":{"line":69,"column":57}},"69":{"start":{"line":70,"column":0},"end":{"line":70,"column":75}},"71":{"start":{"line":72,"column":0},"end":{"line":72,"column":18}},"72":{"start":{"line":73,"column":0},"end":{"line":73,"column":27}},"73":{"start":{"line":74,"column":0},"end":{"line":74,"column":32}},"74":{"start":{"line":75,"column":0},"end":{"line":75,"column":43}},"75":{"start":{"line":76,"column":0},"end":{"line":76,"column":53}},"76":{"start":{"line":77,"column":0},"end":{"line":77,"column":14}},"78":{"start":{"line":79,"column":0},"end":{"line":79,"column":19}},"79":{"start":{"line":80,"column":0},"end":{"line":80,"column":37}},"80":{"start":{"line":81,"column":0},"end":{"line":81,"column":34}},"81":{"start":{"line":82,"column":0},"end":{"line":82,"column":86}},"83":{"start":{"line":84,"column":0},"end":{"line":84,"column":67}},"84":{"start":{"line":85,"column":0},"end":{"line":85,"column":21}},"86":{"start":{"line":87,"column":0},"end":{"line":87,"column":28}},"87":{"start":{"line":88,"column":0},"end":{"line":88,"column":25}},"88":{"start":{"line":89,"column":0},"end":{"line":89,"column":76}},"89":{"start":{"line":90,"column":0},"end":{"line":90,"column":71}},"90":{"start":{"line":91,"column":0},"end":{"line":91,"column":26}},"93":{"start":{"line":94,"column":0},"end":{"line":94,"column":37}},"94":{"start":{"line":95,"column":0},"end":{"line":95,"column":25}},"95":{"start":{"line":96,"column":0},"end":{"line":96,"column":73}},"96":{"start":{"line":97,"column":0},"end":{"line":97,"column":51}},"97":{"start":{"line":98,"column":0},"end":{"line":98,"column":48}},"98":{"start":{"line":99,"column":0},"end":{"line":99,"column":48}},"99":{"start":{"line":100,"column":0},"end":{"line":100,"column":27}},"100":{"start":{"line":101,"column":0},"end":{"line":101,"column":25}},"101":{"start":{"line":102,"column":0},"end":{"line":102,"column":26}},"104":{"start":{"line":105,"column":0},"end":{"line":105,"column":37}},"105":{"start":{"line":106,"column":0},"end":{"line":106,"column":25}},"106":{"start":{"line":107,"column":0},"end":{"line":107,"column":78}},"107":{"start":{"line":108,"column":0},"end":{"line":108,"column":51}},"108":{"start":{"line":109,"column":0},"end":{"line":109,"column":48}},"109":{"start":{"line":110,"column":0},"end":{"line":110,"column":48}},"110":{"start":{"line":111,"column":0},"end":{"line":111,"column":27}},"111":{"start":{"line":112,"column":0},"end":{"line":112,"column":25}},"112":{"start":{"line":113,"column":0},"end":{"line":113,"column":26}},"115":{"start":{"line":116,"column":0},"end":{"line":116,"column":39}},"116":{"start":{"line":117,"column":0},"end":{"line":117,"column":25}},"117":{"start":{"line":118,"column":0},"end":{"line":118,"column":75}},"118":{"start":{"line":119,"column":0},"end":{"line":119,"column":51}},"119":{"start":{"line":120,"column":0},"end":{"line":120,"column":50}},"120":{"start":{"line":121,"column":0},"end":{"line":121,"column":48}},"121":{"start":{"line":122,"column":0},"end":{"line":122,"column":27}},"122":{"start":{"line":123,"column":0},"end":{"line":123,"column":25}},"123":{"start":{"line":124,"column":0},"end":{"line":124,"column":26}},"125":{"start":{"line":126,"column":0},"end":{"line":126,"column":14}},"127":{"start":{"line":128,"column":0},"end":{"line":128,"column":1}},"129":{"start":{"line":130,"column":0},"end":{"line":130,"column":29}}},"s":{"0":1,"2":22,"3":22,"4":22,"5":22,"6":22,"7":22,"8":22,"10":22,"11":5,"12":5,"14":22,"15":6,"16":6,"17":1,"18":1,"19":1,"21":4,"23":4,"24":4,"26":4,"27":4,"28":4,"29":4,"30":4,"32":3,"33":6,"34":2,"35":2,"36":6,"37":1,"38":1,"39":6,"40":1,"41":1,"42":1,"44":4,"45":6,"47":22,"48":2,"49":2,"50":2,"51":2,"52":2,"53":2,"54":2,"55":2,"57":1,"58":2,"59":2,"60":2,"61":2,"62":1,"63":1,"64":1,"65":2,"67":22,"68":22,"69":22,"71":22,"72":22,"73":22,"74":22,"75":22,"76":22,"78":22,"79":22,"80":22,"81":22,"83":22,"84":22,"86":22,"87":5,"88":5,"89":5,"90":5,"93":22,"94":2,"95":2,"96":2,"97":2,"98":2,"99":2,"100":2,"101":2,"104":22,"105":2,"106":2,"107":2,"108":2,"109":2,"110":2,"111":2,"112":2,"115":22,"116":2,"117":2,"118":2,"119":2,"120":2,"121":2,"122":2,"123":2,"125":22,"127":22,"129":1},"branchMap":{"0":{"type":"branch","line":3,"loc":{"start":{"line":3,"column":0},"end":{"line":128,"column":1}},"locations":[{"start":{"line":3,"column":0},"end":{"line":128,"column":1}}]},"1":{"type":"branch","line":84,"loc":{"start":{"line":84,"column":17},"end":{"line":84,"column":45}},"locations":[{"start":{"line":84,"column":17},"end":{"line":84,"column":45}}]},"2":{"type":"branch","line":84,"loc":{"start":{"line":84,"column":27},"end":{"line":84,"column":67}},"locations":[{"start":{"line":84,"column":27},"end":{"line":84,"column":67}}]},"3":{"type":"branch","line":87,"loc":{"start":{"line":87,"column":13},"end":{"line":91,"column":26}},"locations":[{"start":{"line":87,"column":13},"end":{"line":91,"column":26}}]},"4":{"type":"branch","line":94,"loc":{"start":{"line":94,"column":31},"end":{"line":102,"column":26}},"locations":[{"start":{"line":94,"column":31},"end":{"line":102,"column":26}}]},"5":{"type":"branch","line":105,"loc":{"start":{"line":105,"column":31},"end":{"line":113,"column":26}},"locations":[{"start":{"line":105,"column":31},"end":{"line":113,"column":26}}]},"6":{"type":"branch","line":116,"loc":{"start":{"line":116,"column":33},"end":{"line":124,"column":26}},"locations":[{"start":{"line":116,"column":33},"end":{"line":124,"column":26}}]},"7":{"type":"branch","line":11,"loc":{"start":{"line":11,"column":27},"end":{"line":13,"column":4}},"locations":[{"start":{"line":11,"column":27},"end":{"line":13,"column":4}}]},"8":{"type":"branch","line":15,"loc":{"start":{"line":15,"column":22},"end":{"line":46,"column":4}},"locations":[{"start":{"line":15,"column":22},"end":{"line":46,"column":4}}]},"9":{"type":"branch","line":16,"loc":{"start":{"line":16,"column":20},"end":{"line":16,"column":27}},"locations":[{"start":{"line":16,"column":20},"end":{"line":16,"column":27}}]},"10":{"type":"branch","line":16,"loc":{"start":{"line":16,"column":20},"end":{"line":17,"column":43}},"locations":[{"start":{"line":16,"column":20},"end":{"line":17,"column":43}}]},"11":{"type":"branch","line":17,"loc":{"start":{"line":17,"column":43},"end":{"line":20,"column":5}},"locations":[{"start":{"line":17,"column":43},"end":{"line":20,"column":5}}]},"12":{"type":"branch","line":20,"loc":{"start":{"line":20,"column":4},"end":{"line":31,"column":9}},"locations":[{"start":{"line":20,"column":4},"end":{"line":31,"column":9}}]},"13":{"type":"branch","line":31,"loc":{"start":{"line":31,"column":7},"end":{"line":34,"column":27}},"locations":[{"start":{"line":31,"column":7},"end":{"line":34,"column":27}}]},"14":{"type":"branch","line":34,"loc":{"start":{"line":34,"column":27},"end":{"line":37,"column":13}},"locations":[{"start":{"line":34,"column":27},"end":{"line":37,"column":13}}]},"15":{"type":"branch","line":37,"loc":{"start":{"line":37,"column":6},"end":{"line":39,"column":7}},"locations":[{"start":{"line":37,"column":6},"end":{"line":39,"column":7}}]},"16":{"type":"branch","line":40,"loc":{"start":{"line":40,"column":4},"end":{"line":43,"column":5}},"locations":[{"start":{"line":40,"column":4},"end":{"line":43,"column":5}}]},"17":{"type":"branch","line":43,"loc":{"start":{"line":43,"column":4},"end":{"line":45,"column":22}},"locations":[{"start":{"line":43,"column":4},"end":{"line":45,"column":22}}]},"18":{"type":"branch","line":48,"loc":{"start":{"line":48,"column":30},"end":{"line":66,"column":4}},"locations":[{"start":{"line":48,"column":30},"end":{"line":66,"column":4}}]},"19":{"type":"branch","line":56,"loc":{"start":{"line":56,"column":7},"end":{"line":59,"column":33}},"locations":[{"start":{"line":56,"column":7},"end":{"line":59,"column":33}}]},"20":{"type":"branch","line":59,"loc":{"start":{"line":59,"column":22},"end":{"line":59,"column":35}},"locations":[{"start":{"line":59,"column":22},"end":{"line":59,"column":35}}]},"21":{"type":"branch","line":60,"loc":{"start":{"line":60,"column":22},"end":{"line":60,"column":35}},"locations":[{"start":{"line":60,"column":22},"end":{"line":60,"column":35}}]},"22":{"type":"branch","line":61,"loc":{"start":{"line":61,"column":24},"end":{"line":61,"column":39}},"locations":[{"start":{"line":61,"column":24},"end":{"line":61,"column":39}}]},"23":{"type":"branch","line":62,"loc":{"start":{"line":62,"column":4},"end":{"line":65,"column":5}},"locations":[{"start":{"line":62,"column":4},"end":{"line":65,"column":5}}]},"24":{"type":"branch","line":98,"loc":{"start":{"line":98,"column":37},"end":{"line":99,"column":48}},"locations":[{"start":{"line":98,"column":37},"end":{"line":99,"column":48}}]},"25":{"type":"branch","line":109,"loc":{"start":{"line":109,"column":37},"end":{"line":110,"column":48}},"locations":[{"start":{"line":109,"column":37},"end":{"line":110,"column":48}}]},"26":{"type":"branch","line":120,"loc":{"start":{"line":120,"column":39},"end":{"line":121,"column":48}},"locations":[{"start":{"line":120,"column":39},"end":{"line":121,"column":48}}]}},"b":{"0":[22],"1":[7],"2":[15],"3":[5],"4":[2],"5":[2],"6":[2],"7":[5],"8":[6],"9":[1],"10":[5],"11":[1],"12":[4],"13":[3],"14":[2],"15":[1],"16":[1],"17":[4],"18":[2],"19":[1],"20":[0],"21":[0],"22":[0],"23":[1],"24":[2],"25":[2],"26":[2]},"fnMap":{"0":{"name":"AudioUploader","decl":{"start":{"line":3,"column":0},"end":{"line":128,"column":1}},"loc":{"start":{"line":3,"column":0},"end":{"line":128,"column":1}},"line":3},"1":{"name":"handleFileChange","decl":{"start":{"line":11,"column":27},"end":{"line":13,"column":4}},"loc":{"start":{"line":11,"column":27},"end":{"line":13,"column":4}},"line":11},"2":{"name":"uploadAudio","decl":{"start":{"line":15,"column":22},"end":{"line":46,"column":4}},"loc":{"start":{"line":15,"column":22},"end":{"line":46,"column":4}},"line":15},"3":{"name":"summarizeTranscript","decl":{"start":{"line":48,"column":30},"end":{"line":66,"column":4}},"loc":{"start":{"line":48,"column":30},"end":{"line":66,"column":4}},"line":48}},"f":{"0":22,"1":5,"2":6,"3":2}}
,"C:\\Users\\bandi\\meeting-summary-dashboard\\frontend\\src\\components\\CalendarEventForm.jsx": {"path":"C:\\Users\\bandi\\meeting-summary-dashboard\\frontend\\src\\components\\CalendarEventForm.jsx","all":false,"statementMap":{"0":{"start":{"line":1,"column":0},"end":{"line":1,"column":40}},"1":{"start":{"line":2,"column":0},"end":{"line":2,"column":26}},"3":{"start":{"line":4,"column":0},"end":{"line":4,"column":45}},"4":{"start":{"line":5,"column":0},"end":{"line":5,"column":38}},"5":{"start":{"line":6,"column":0},"end":{"line":6,"column":18}},"6":{"start":{"line":7,"column":0},"end":{"line":7,"column":24}},"7":{"start":{"line":8,"column":0},"end":{"line":8,"column":17}},"8":{"start":{"line":9,"column":0},"end":{"line":9,"column":17}},"9":{"start":{"line":10,"column":0},"end":{"line":10,"column":23}},"10":{"start":{"line":11,"column":0},"end":{"line":11,"column":7}},"11":{"start":{"line":12,"column":0},"end":{"line":12,"column":45}},"13":{"start":{"line":14,"column":0},"end":{"line":14,"column":33}},"14":{"start":{"line":15,"column":0},"end":{"line":15,"column":62}},"15":{"start":{"line":16,"column":0},"end":{"line":16,"column":6}},"17":{"start":{"line":18,"column":0},"end":{"line":18,"column":39}},"18":{"start":{"line":19,"column":0},"end":{"line":19,"column":27}},"19":{"start":{"line":20,"column":0},"end":{"line":20,"column":39}},"21":{"start":{"line":22,"column":0},"end":{"line":22,"column":13}},"22":{"start":{"line":23,"column":0},"end":{"line":23,"column":85}},"23":{"start":{"line":24,"column":0},"end":{"line":24,"column":55}},"24":{"start":{"line":25,"column":0},"end":{"line":25,"column":23}},"25":{"start":{"line":26,"column":0},"end":{"line":26,"column":31}},"26":{"start":{"line":27,"column":0},"end":{"line":27,"column":49}},"27":{"start":{"line":28,"column":0},"end":{"line":28,"column":9}},"28":{"start":{"line":29,"column":0},"end":{"line":29,"column":6}},"30":{"start":{"line":31,"column":0},"end":{"line":31,"column":12}},"31":{"start":{"line":32,"column":0},"end":{"line":32,"column":73}},"32":{"start":{"line":33,"column":0},"end":{"line":33,"column":81}},"33":{"start":{"line":34,"column":0},"end":{"line":34,"column":64}},"34":{"start":{"line":35,"column":0},"end":{"line":35,"column":148}},"35":{"start":{"line":36,"column":0},"end":{"line":36,"column":169}},"36":{"start":{"line":37,"column":0},"end":{"line":37,"column":138}},"37":{"start":{"line":38,"column":0},"end":{"line":38,"column":138}},"38":{"start":{"line":39,"column":0},"end":{"line":39,"column":172}},"39":{"start":{"line":40,"column":0},"end":{"line":40,"column":130}},"40":{"start":{"line":41,"column":0},"end":{"line":41,"column":19}},"41":{"start":{"line":42,"column":0},"end":{"line":42,"column":64}},"42":{"start":{"line":43,"column":0},"end":{"line":43,"column":14}},"44":{"start":{"line":45,"column":0},"end":{"line":45,"column":1}}},"s":{"0":1,"1":1,"3":16,"4":16,"5":16,"6":16,"7":16,"8":16,"9":16,"10":16,"11":16,"13":16,"14":10,"15":10,"17":16,"18":2,"19":2,"21":2,"22":2,"23":2,"24":2,"25":1,"26":1,"27":1,"28":2,"30":16,"31":16,"32":16,"33":16,"34":16,"35":16,"36":16,"37":16,"38":16,"39":16,"40":16,"41":16,"42":16,"44":16},"branchMap":{"0":{"type":"branch","line":4,"loc":{"start":{"line":4,"column":0},"end":{"line":45,"column":1}},"locations":[{"start":{"line":4,"column":0},"end":{"line":45,"column":1}}]},"1":{"type":"branch","line":42,"loc":{"start":{"line":42,"column":13},"end":{"line":42,"column":64}},"locations":[{"start":{"line":42,"column":13},"end":{"line":42,"column":64}}]},"2":{"type":"branch","line":14,"loc":{"start":{"line":14,"column":25},"end":{"line":16,"column":6}},"locations":[{"start":{"line":14,"column":25},"end":{"line":16,"column":6}}]},"3":{"type":"branch","line":18,"loc":{"start":{"line":18,"column":25},"end":{"line":29,"column":6}},"locations":[{"start":{"line":18,"column":25},"end":{"line":29,"column":6}}]},"4":{"type":"branch","line":23,"loc":{"start":{"line":23,"column":83},"end":{"line":24,"column":53}},"locations":[{"start":{"line":23,"column":83},"end":{"line":24,"column":53}}]},"5":{"type":"branch","line":25,"loc":{"start":{"line":25,"column":8},"end":{"line":28,"column":9}},"locations":[{"start":{"line":25,"column":8},"end":{"line":28,"column":9}}]}},"b":{"0":[16],"1":[4],"2":[10],"3":[2],"4":[1],"5":[1]},"fnMap":{"0":{"name":"CalendarEventForm","decl":{"start":{"line":4,"column":0},"end":{"line":45,"column":1}},"loc":{"start":{"line":4,"column":0},"end":{"line":45,"column":1}},"line":4},"1":{"name":"handleChange","decl":{"start":{"line":14,"column":25},"end":{"line":16,"column":6}},"loc":{"start":{"line":14,"column":25},"end":{"line":16,"column":6}},"line":14},"2":{"name":"handleSubmit","decl":{"start":{"line":18,"column":25},"end":{"line":29,"column":6}},"loc":{"start":{"line":18,"column":25},"end":{"line":29,"column":6}},"line":18}},"f":{"0":16,"1":10,"2":2}}
,"C:\\Users\\bandi\\meeting-summary-dashboard\\frontend\\src\\components\\ReviewPanel.jsx": {"path":"C:\\Users\\bandi\\meeting-summary-dashboard\\frontend\\src\\components\\ReviewPanel.jsx","all":false,"statementMap":{"0":{"start":{"line":1,"column":0},"end":{"line":1,"column":26}},"1":{"start":{"line":2,"column":0},"end":{"line":2,"column":26}},"3":{"start":{"line":4,"column":0},"end":{"line":4,"column":50}},"4":{"start":{"line":5,"column":0},"end":{"line":5,"column":65}},"5":{"start":{"line":6,"column":0},"end":{"line":6,"column":83}},"6":{"start":{"line":7,"column":0},"end":{"line":7,"column":60}},"8":{"start":{"line":9,"column":0},"end":{"line":9,"column":40}},"9":{"start":{"line":10,"column":0},"end":{"line":10,"column":27}},"10":{"start":{"line":11,"column":0},"end":{"line":11,"column":29}},"11":{"start":{"line":12,"column":0},"end":{"line":12,"column":26}},"13":{"start":{"line":14,"column":0},"end":{"line":14,"column":24}},"14":{"start":{"line":15,"column":0},"end":{"line":15,"column":13}},"16":{"start":{"line":17,"column":0},"end":{"line":17,"column":76}},"17":{"start":{"line":18,"column":0},"end":{"line":18,"column":58}},"18":{"start":{"line":19,"column":0},"end":{"line":19,"column":25}},"19":{"start":{"line":20,"column":0},"end":{"line":20,"column":58}},"20":{"start":{"line":21,"column":0},"end":{"line":21,"column":35}},"21":{"start":{"line":22,"column":0},"end":{"line":22,"column":32}},"22":{"start":{"line":23,"column":0},"end":{"line":23,"column":19}},"23":{"start":{"line":24,"column":0},"end":{"line":24,"column":9}},"25":{"start":{"line":26,"column":0},"end":{"line":26,"column":13}},"26":{"start":{"line":27,"column":0},"end":{"line":27,"column":51}},"27":{"start":{"line":28,"column":0},"end":{"line":28,"column":79}},"28":{"start":{"line":29,"column":0},"end":{"line":29,"column":14}},"30":{"start":{"line":31,"column":0},"end":{"line":31,"column":30}},"31":{"start":{"line":32,"column":0},"end":{"line":32,"column":53}},"32":{"start":{"line":33,"column":0},"end":{"line":33,"column":37}},"33":{"start":{"line":34,"column":0},"end":{"line":34,"column":70}},"34":{"start":{"line":35,"column":0},"end":{"line":35,"column":25}},"35":{"start":{"line":36,"column":0},"end":{"line":36,"column":36}},"36":{"start":{"line":37,"column":0},"end":{"line":37,"column":51}},"37":{"start":{"line":38,"column":0},"end":{"line":38,"column":60}},"38":{"start":{"line":39,"column":0},"end":{"line":39,"column":58}},"39":{"start":{"line":40,"column":0},"end":{"line":40,"column":69}},"40":{"start":{"line":41,"column":0},"end":{"line":41,"column":30}},"41":{"start":{"line":42,"column":0},"end":{"line":42,"column":26}},"42":{"start":{"line":43,"column":0},"end":{"line":43,"column":25}},"43":{"start":{"line":44,"column":0},"end":{"line":44,"column":38}},"44":{"start":{"line":45,"column":0},"end":{"line":45,"column":80}},"45":{"start":{"line":46,"column":0},"end":{"line":46,"column":30}},"46":{"start":{"line":47,"column":0},"end":{"line":47,"column":25}},"47":{"start":{"line":48,"column":0},"end":{"line":48,"column":21}},"48":{"start":{"line":49,"column":0},"end":{"line":49,"column":17}},"49":{"start":{"line":50,"column":0},"end":{"line":50,"column":14}},"51":{"start":{"line":52,"column":0},"end":{"line":52,"column":62}},"52":{"start":{"line":53,"column":0},"end":{"line":53,"column":37}},"53":{"start":{"line":54,"column":0},"end":{"line":54,"column":25}},"54":{"start":{"line":55,"column":0},"end":{"line":55,"column":56}},"55":{"start":{"line":56,"column":0},"end":{"line":56,"column":35}},"56":{"start":{"line":57,"column":0},"end":{"line":57,"column":19}},"57":{"start":{"line":58,"column":0},"end":{"line":58,"column":32}},"58":{"start":{"line":59,"column":0},"end":{"line":59,"column":9}},"59":{"start":{"line":60,"column":0},"end":{"line":60,"column":6}},"61":{"start":{"line":62,"column":0},"end":{"line":62,"column":51}},"62":{"start":{"line":63,"column":0},"end":{"line":63,"column":40}},"63":{"start":{"line":64,"column":0},"end":{"line":64,"column":52}},"65":{"start":{"line":66,"column":0},"end":{"line":66,"column":60}},"66":{"start":{"line":67,"column":0},"end":{"line":67,"column":9}},"67":{"start":{"line":68,"column":0},"end":{"line":68,"column":41}},"68":{"start":{"line":69,"column":0},"end":{"line":69,"column":31}},"69":{"start":{"line":70,"column":0},"end":{"line":70,"column":6}},"71":{"start":{"line":72,"column":0},"end":{"line":72,"column":12}},"72":{"start":{"line":73,"column":0},"end":{"line":73,"column":30}},"73":{"start":{"line":74,"column":0},"end":{"line":74,"column":87}},"74":{"start":{"line":75,"column":0},"end":{"line":75,"column":63}},"75":{"start":{"line":76,"column":0},"end":{"line":76,"column":49}},"77":{"start":{"line":78,"column":0},"end":{"line":78,"column":95}},"78":{"start":{"line":79,"column":0},"end":{"line":79,"column":87}},"79":{"start":{"line":80,"column":0},"end":{"line":80,"column":93}},"80":{"start":{"line":81,"column":0},"end":{"line":81,"column":89}},"82":{"start":{"line":83,"column":0},"end":{"line":83,"column":28}},"83":{"start":{"line":84,"column":0},"end":{"line":84,"column":41}},"85":{"start":{"line":86,"column":0},"end":{"line":86,"column":90}},"86":{"start":{"line":87,"column":0},"end":{"line":87,"column":37}},"87":{"start":{"line":88,"column":0},"end":{"line":88,"column":85}},"88":{"start":{"line":89,"column":0},"end":{"line":89,"column":40}},"89":{"start":{"line":90,"column":0},"end":{"line":90,"column":50}},"90":{"start":{"line":91,"column":0},"end":{"line":91,"column":30}},"91":{"start":{"line":92,"column":0},"end":{"line":92,"column":34}},"92":{"start":{"line":93,"column":0},"end":{"line":93,"column":85}},"93":{"start":{"line":94,"column":0},"end":{"line":94,"column":43}},"94":{"start":{"line":95,"column":0},"end":{"line":95,"column":51}},"95":{"start":{"line":96,"column":0},"end":{"line":96,"column":45}},"96":{"start":{"line":97,"column":0},"end":{"line":97,"column":94}},"97":{"start":{"line":98,"column":0},"end":{"line":98,"column":30}},"98":{"start":{"line":99,"column":0},"end":{"line":99,"column":34}},"99":{"start":{"line":100,"column":0},"end":{"line":100,"column":85}},"100":{"start":{"line":101,"column":0},"end":{"line":101,"column":53}},"101":{"start":{"line":102,"column":0},"end":{"line":102,"column":48}},"102":{"start":{"line":103,"column":0},"end":{"line":103,"column":97}},"103":{"start":{"line":104,"column":0},"end":{"line":104,"column":30}},"104":{"start":{"line":105,"column":0},"end":{"line":105,"column":73}},"105":{"start":{"line":106,"column":0},"end":{"line":106,"column":38}},"106":{"start":{"line":107,"column":0},"end":{"line":107,"column":51}},"107":{"start":{"line":108,"column":0},"end":{"line":108,"column":53}},"108":{"start":{"line":109,"column":0},"end":{"line":109,"column":102}},"109":{"start":{"line":110,"column":0},"end":{"line":110,"column":68}},"110":{"start":{"line":111,"column":0},"end":{"line":111,"column":34}},"111":{"start":{"line":112,"column":0},"end":{"line":112,"column":64}},"112":{"start":{"line":113,"column":0},"end":{"line":113,"column":34}},"113":{"start":{"line":114,"column":0},"end":{"line":114,"column":30}},"115":{"start":{"line":116,"column":0},"end":{"line":116,"column":19}},"116":{"start":{"line":117,"column":0},"end":{"line":117,"column":18}},"117":{"start":{"line":118,"column":0},"end":{"line":118,"column":19}},"118":{"start":{"line":119,"column":0},"end":{"line":119,"column":91}},"119":{"start":{"line":120,"column":0},"end":{"line":120,"column":40}},"120":{"start":{"line":121,"column":0},"end":{"line":121,"column":36}},"122":{"start":{"line":123,"column":0},"end":{"line":123,"column":67}},"123":{"start":{"line":124,"column":0},"end":{"line":124,"column":21}},"124":{"start":{"line":125,"column":0},"end":{"line":125,"column":31}},"125":{"start":{"line":126,"column":0},"end":{"line":126,"column":18}},"126":{"start":{"line":127,"column":0},"end":{"line":127,"column":122}},"127":{"start":{"line":128,"column":0},"end":{"line":128,"column":72}},"129":{"start":{"line":130,"column":0},"end":{"line":130,"column":35}},"130":{"start":{"line":131,"column":0},"end":{"line":131,"column":20}},"132":{"start":{"line":133,"column":0},"end":{"line":133,"column":14}},"134":{"start":{"line":135,"column":0},"end":{"line":135,"column":2}},"136":{"start":{"line":137,"column":0},"end":{"line":137,"column":27}}},"s":{"0":1,"1":1,"3":1,"4":36,"5":36,"6":36,"8":36,"9":4,"10":4,"11":4,"13":4,"14":4,"16":4,"17":3,"18":4,"19":1,"20":1,"21":1,"22":1,"23":1,"25":3,"26":3,"27":3,"28":3,"30":3,"31":3,"32":3,"33":3,"34":3,"35":3,"36":3,"37":3,"38":3,"39":3,"40":3,"41":3,"42":3,"43":3,"44":3,"45":3,"46":3,"47":3,"48":3,"49":3,"51":2,"52":2,"53":4,"54":1,"55":1,"56":4,"57":3,"58":3,"59":4,"61":36,"62":3,"63":3,"65":0,"66":0,"67":3,"68":3,"69":3,"71":36,"72":36,"73":36,"74":36,"75":36,"77":58,"78":58,"79":58,"80":58,"82":58,"83":58,"85":58,"86":58,"87":58,"88":58,"89":58,"90":58,"91":58,"92":58,"93":58,"94":58,"95":58,"96":58,"97":58,"98":58,"99":58,"100":58,"101":58,"102":58,"103":58,"104":58,"105":58,"106":58,"107":58,"108":58,"109":58,"110":58,"111":58,"112":58,"113":58,"115":36,"116":36,"117":36,"118":36,"119":36,"120":36,"122":36,"123":36,"124":36,"125":4,"126":4,"127":4,"129":4,"130":4,"132":36,"134":36,"136":1},"branchMap":{"0":{"type":"branch","line":4,"loc":{"start":{"line":4,"column":20},"end":{"line":135,"column":2}},"locations":[{"start":{"line":4,"column":20},"end":{"line":135,"column":2}}]},"1":{"type":"branch","line":123,"loc":{"start":{"line":123,"column":17},"end":{"line":123,"column":47}},"locations":[{"start":{"line":123,"column":17},"end":{"line":123,"column":47}}]},"2":{"type":"branch","line":123,"loc":{"start":{"line":123,"column":29},"end":{"line":123,"column":67}},"locations":[{"start":{"line":123,"column":29},"end":{"line":123,"column":67}}]},"3":{"type":"branch","line":125,"loc":{"start":{"line":125,"column":13},"end":{"line":131,"column":20}},"locations":[{"start":{"line":125,"column":13},"end":{"line":131,"column":20}}]},"4":{"type":"branch","line":127,"loc":{"start":{"line":127,"column":74},"end":{"line":127,"column":105}},"locations":[{"start":{"line":127,"column":74},"end":{"line":127,"column":105}}]},"5":{"type":"branch","line":127,"loc":{"start":{"line":127,"column":86},"end":{"line":127,"column":119}},"locations":[{"start":{"line":127,"column":86},"end":{"line":127,"column":119}}]},"6":{"type":"branch","line":128,"loc":{"start":{"line":128,"column":41},"end":{"line":128,"column":64}},"locations":[{"start":{"line":128,"column":41},"end":{"line":128,"column":64}}]},"7":{"type":"branch","line":128,"loc":{"start":{"line":128,"column":53},"end":{"line":128,"column":72}},"locations":[{"start":{"line":128,"column":53},"end":{"line":128,"column":72}}]},"8":{"type":"branch","line":9,"loc":{"start":{"line":9,"column":27},"end":{"line":60,"column":6}},"locations":[{"start":{"line":9,"column":27},"end":{"line":60,"column":6}}]},"9":{"type":"branch","line":17,"loc":{"start":{"line":17,"column":74},"end":{"line":19,"column":17}},"locations":[{"start":{"line":17,"column":74},"end":{"line":19,"column":17}}]},"10":{"type":"branch","line":19,"loc":{"start":{"line":19,"column":8},"end":{"line":24,"column":9}},"locations":[{"start":{"line":19,"column":8},"end":{"line":24,"column":9}}]},"11":{"type":"branch","line":24,"loc":{"start":{"line":24,"column":8},"end":{"line":50,"column":14}},"locations":[{"start":{"line":24,"column":8},"end":{"line":50,"column":14}}]},"12":{"type":"branch","line":50,"loc":{"start":{"line":50,"column":12},"end":{"line":54,"column":17}},"locations":[{"start":{"line":50,"column":12},"end":{"line":54,"column":17}}]},"13":{"type":"branch","line":54,"loc":{"start":{"line":54,"column":8},"end":{"line":57,"column":10}},"locations":[{"start":{"line":54,"column":8},"end":{"line":57,"column":10}}]},"14":{"type":"branch","line":57,"loc":{"start":{"line":57,"column":8},"end":{"line":59,"column":9}},"locations":[{"start":{"line":57,"column":8},"end":{"line":59,"column":9}}]},"15":{"type":"branch","line":28,"loc":{"start":{"line":28,"column":16},"end":{"line":28,"column":79}},"locations":[{"start":{"line":28,"column":16},"end":{"line":28,"column":79}}]},"16":{"type":"branch","line":32,"loc":{"start":{"line":32,"column":36},"end":{"line":48,"column":21}},"locations":[{"start":{"line":32,"column":36},"end":{"line":48,"column":21}}]},"17":{"type":"branch","line":62,"loc":{"start":{"line":62,"column":25},"end":{"line":70,"column":6}},"locations":[{"start":{"line":62,"column":25},"end":{"line":70,"column":6}}]},"18":{"type":"branch","line":64,"loc":{"start":{"line":64,"column":51},"end":{"line":67,"column":9}},"locations":[{"start":{"line":64,"column":51},"end":{"line":67,"column":9}}]},"19":{"type":"branch","line":76,"loc":{"start":{"line":76,"column":29},"end":{"line":116,"column":17}},"locations":[{"start":{"line":76,"column":29},"end":{"line":116,"column":17}}]},"20":{"type":"branch","line":78,"loc":{"start":{"line":78,"column":57},"end":{"line":78,"column":77}},"locations":[{"start":{"line":78,"column":57},"end":{"line":78,"column":77}}]},"21":{"type":"branch","line":78,"loc":{"start":{"line":78,"column":68},"end":{"line":78,"column":95}},"locations":[{"start":{"line":78,"column":68},"end":{"line":78,"column":95}}]},"22":{"type":"branch","line":78,"loc":{"start":{"line":78,"column":84},"end":{"line":78,"column":95}},"locations":[{"start":{"line":78,"column":84},"end":{"line":78,"column":95}}]},"23":{"type":"branch","line":79,"loc":{"start":{"line":79,"column":52},"end":{"line":79,"column":84}},"locations":[{"start":{"line":79,"column":52},"end":{"line":79,"column":84}}]},"24":{"type":"branch","line":79,"loc":{"start":{"line":79,"column":70},"end":{"line":79,"column":84}},"locations":[{"start":{"line":79,"column":70},"end":{"line":79,"column":84}}]},"25":{"type":"branch","line":79,"loc":{"start":{"line":79,"column":79},"end":{"line":79,"column":87}},"locations":[{"start":{"line":79,"column":79},"end":{"line":79,"column":87}}]},"26":{"type":"branch","line":80,"loc":{"start":{"line":80,"column":55},"end":{"line":80,"column":90}},"locations":[{"start":{"line":80,"column":55},"end":{"line":80,"column":90}}]},"27":{"type":"branch","line":80,"loc":{"start":{"line":80,"column":73},"end":{"line":80,"column":90}},"locations":[{"start":{"line":80,"column":73},"end":{"line":80,"column":90}}]},"28":{"type":"branch","line":80,"loc":{"start":{"line":80,"column":85},"end":{"line":80,"column":93}},"locations":[{"start":{"line":80,"column":85},"end":{"line":80,"column":93}}]},"29":{"type":"branch","line":81,"loc":{"start":{"line":81,"column":54},"end":{"line":81,"column":84}},"locations":[{"start":{"line":81,"column":54},"end":{"line":81,"column":84}}]},"30":{"type":"branch","line":81,"loc":{"start":{"line":81,"column":74},"end":{"line":81,"column":89}},"locations":[{"start":{"line":81,"column":74},"end":{"line":81,"column":89}}]},"31":{"type":"branch","line":97,"loc":{"start":{"line":97,"column":42},"end":{"line":97,"column":94}},"locations":[{"start":{"line":97,"column":42},"end":{"line":97,"column":94}}]},"32":{"type":"branch","line":103,"loc":{"start":{"line":103,"column":42},"end":{"line":103,"column":97}},"locations":[{"start":{"line":103,"column":42},"end":{"line":103,"column":97}}]}},"b":{"0":[36],"1":[4],"2":[32],"3":[4],"4":[2],"5":[2],"6":[2],"7":[2],"8":[4],"9":[3],"10":[1],"11":[3],"12":[2],"13":[1],"14":[3],"15":[3],"16":[3],"17":[3],"18":[0],"19":[58],"20":[44],"21":[14],"22":[0],"23":[14],"24":[5],"25":[44],"26":[14],"27":[6],"28":[44],"29":[14],"30":[44],"31":[1],"32":[2]},"fnMap":{"0":{"name":"ReviewPanel","decl":{"start":{"line":4,"column":20},"end":{"line":135,"column":2}},"loc":{"start":{"line":4,"column":20},"end":{"line":135,"column":2}},"line":4},"1":{"name":"handleSchedule","decl":{"start":{"line":9,"column":27},"end":{"line":60,"column":6}},"loc":{"start":{"line":9,"column":27},"end":{"line":60,"column":6}},"line":9},"2":{"name":"updateAction","decl":{"start":{"line":62,"column":25},"end":{"line":70,"column":6}},"loc":{"start":{"line":62,"column":25},"end":{"line":70,"column":6}},"line":62},"3":{"name":"onChange","decl":{"start":{"line":97,"column":42},"end":{"line":97,"column":94}},"loc":{"start":{"line":97,"column":42},"end":{"line":97,"column":94}},"line":97},"4":{"name":"onChange","decl":{"start":{"line":103,"column":42},"end":{"line":103,"column":97}},"loc":{"start":{"line":103,"column":42},"end":{"line":103,"column":97}},"line":103},"5":{"name":"onChange","decl":{"start":{"line":109,"column":46},"end":{"line":109,"column":102}},"loc":{"start":{"line":109,"column":46},"end":{"line":109,"column":102}},"line":109}},"f":{"0":36,"1":4,"2":3,"3":1,"4":2,"5":0}}
,"C:\\Users\\bandi\\meeting-summary-dashboard\\frontend\\src\\hooks\\UseMeetingState.jsx": {"path":"C:\\Users\\bandi\\meeting-summary-dashboard\\frontend\\src\\hooks\\UseMeetingState.jsx","all":false,"statementMap":{"0":{"start":{"line":1,"column":0},"end":{"line":1,"column":46}},"1":{"start":{"line":2,"column":0},"end":{"line":2,"column":26}},"3":{"start":{"line":4,"column":0},"end":{"line":4,"column":31}},"4":{"start":{"line":5,"column":0},"end":{"line":5,"column":53}},"5":{"start":{"line":6,"column":0},"end":{"line":6,"column":47}},"6":{"start":{"line":7,"column":0},"end":{"line":7,"column":47}},"7":{"start":{"line":8,"column":0},"end":{"line":8,"column":51}},"8":{"start":{"line":9,"column":0},"end":{"line":9,"column":54}},"9":{"start":{"line":10,"column":0},"end":{"line":10,"column":46}},"10":{"start":{"line":11,"column":0},"end":{"line":11,"column":60}},"12":{"start":{"line":13,"column":0},"end":{"line":13,"column":54}},"13":{"start":{"line":14,"column":0},"end":{"line":14,"column":27}},"14":{"start":{"line":15,"column":0},"end":{"line":15,"column":24}},"15":{"start":{"line":16,"column":0},"end":{"line":16,"column":44}},"16":{"start":{"line":17,"column":0},"end":{"line":17,"column":13}},"17":{"start":{"line":18,"column":0},"end":{"line":18,"column":44}},"18":{"start":{"line":19,"column":0},"end":{"line":19,"column":42}},"21":{"start":{"line":22,"column":0},"end":{"line":22,"column":75}},"22":{"start":{"line":23,"column":0},"end":{"line":23,"column":49}},"23":{"start":{"line":24,"column":0},"end":{"line":24,"column":38}},"24":{"start":{"line":25,"column":0},"end":{"line":25,"column":24}},"25":{"start":{"line":26,"column":0},"end":{"line":26,"column":23}},"26":{"start":{"line":27,"column":0},"end":{"line":27,"column":21}},"27":{"start":{"line":28,"column":0},"end":{"line":28,"column":71}},"28":{"start":{"line":29,"column":0},"end":{"line":29,"column":14}},"29":{"start":{"line":30,"column":0},"end":{"line":30,"column":58}},"30":{"start":{"line":31,"column":0},"end":{"line":31,"column":25}},"31":{"start":{"line":32,"column":0},"end":{"line":32,"column":19}},"32":{"start":{"line":33,"column":0},"end":{"line":33,"column":32}},"33":{"start":{"line":34,"column":0},"end":{"line":34,"column":9}},"34":{"start":{"line":35,"column":0},"end":{"line":35,"column":11}},"36":{"start":{"line":37,"column":0},"end":{"line":37,"column":55}},"37":{"start":{"line":38,"column":0},"end":{"line":38,"column":27}},"38":{"start":{"line":39,"column":0},"end":{"line":39,"column":24}},"39":{"start":{"line":40,"column":0},"end":{"line":40,"column":13}},"40":{"start":{"line":41,"column":0},"end":{"line":41,"column":78}},"41":{"start":{"line":42,"column":0},"end":{"line":42,"column":66}},"42":{"start":{"line":43,"column":0},"end":{"line":43,"column":32}},"43":{"start":{"line":44,"column":0},"end":{"line":44,"column":32}},"44":{"start":{"line":45,"column":0},"end":{"line":45,"column":36}},"45":{"start":{"line":46,"column":0},"end":{"line":46,"column":23}},"46":{"start":{"line":47,"column":0},"end":{"line":47,"column":21}},"47":{"start":{"line":48,"column":0},"end":{"line":48,"column":76}},"48":{"start":{"line":49,"column":0},"end":{"line":49,"column":14}},"49":{"start":{"line":50,"column":0},"end":{"line":50,"column":63}},"50":{"start":{"line":51,"column":0},"end":{"line":51,"column":19}},"51":{"start":{"line":52,"column":0},"end":{"line":52,"column":32}},"52":{"start":{"line":53,"column":0},"end":{"line":53,"column":9}},"53":{"start":{"line":54,"column":0},"end":{"line":54,"column":21}},"55":{"start":{"line":56,"column":0},"end":{"line":56,"column":47}},"56":{"start":{"line":57,"column":0},"end":{"line":57,"column":26}},"57":{"start":{"line":58,"column":0},"end":{"line":58,"column":23}},"58":{"start":{"line":59,"column":0},"end":{"line":59,"column":23}},"59":{"start":{"line":60,"column":0},"end":{"line":60,"column":25}},"60":{"start":{"line":61,"column":0},"end":{"line":61,"column":29}},"61":{"start":{"line":62,"column":0},"end":{"line":62,"column":24}},"62":{"start":{"line":63,"column":0},"end":{"line":63,"column":11}},"64":{"start":{"line":65,"column":0},"end":{"line":65,"column":12}},"65":{"start":{"line":66,"column":0},"end":{"line":66,"column":19}},"66":{"start":{"line":67,"column":0},"end":{"line":67,"column":22}},"67":{"start":{"line":68,"column":0},"end":{"line":68,"column":16}},"68":{"start":{"line":69,"column":0},"end":{"line":69,"column":16}},"69":{"start":{"line":70,"column":0},"end":{"line":70,"column":18}},"70":{"start":{"line":71,"column":0},"end":{"line":71,"column":18}},"71":{"start":{"line":72,"column":0},"end":{"line":72,"column":14}},"72":{"start":{"line":73,"column":0},"end":{"line":73,"column":23}},"73":{"start":{"line":74,"column":0},"end":{"line":74,"column":26}},"74":{"start":{"line":75,"column":0},"end":{"line":75,"column":21}},"75":{"start":{"line":76,"column":0},"end":{"line":76,"column":26}},"76":{"start":{"line":77,"column":0},"end":{"line":77,"column":24}},"77":{"start":{"line":78,"column":0},"end":{"line":78,"column":6}},"78":{"start":{"line":79,"column":0},"end":{"line":79,"column":2}},"80":{"start":{"line":81,"column":0},"end":{"line":81,"column":31}}},"s":{"0":1,"1":1,"3":1,"4":9,"5":9,"6":9,"7":9,"8":9,"9":9,"10":9,"12":9,"13":2,"14":2,"15":2,"16":2,"17":2,"18":2,"21":2,"22":1,"23":1,"24":1,"25":1,"26":1,"27":1,"28":1,"29":1,"30":1,"31":2,"32":2,"33":2,"34":9,"36":9,"37":2,"38":2,"39":2,"40":2,"41":1,"42":1,"43":1,"44":1,"45":1,"46":1,"47":1,"48":1,"49":1,"50":2,"51":2,"52":2,"53":9,"55":9,"56":0,"57":0,"58":0,"59":0,"60":0,"61":0,"62":9,"64":9,"65":9,"66":9,"67":9,"68":9,"69":9,"70":9,"71":9,"72":9,"73":9,"74":9,"75":9,"76":9,"77":9,"78":9,"80":1},"branchMap":{"0":{"type":"branch","line":4,"loc":{"start":{"line":4,"column":24},"end":{"line":79,"column":2}},"locations":[{"start":{"line":4,"column":24},"end":{"line":79,"column":2}}]},"1":{"type":"branch","line":13,"loc":{"start":{"line":13,"column":37},"end":{"line":35,"column":7}},"locations":[{"start":{"line":13,"column":37},"end":{"line":35,"column":7}}]},"2":{"type":"branch","line":22,"loc":{"start":{"line":22,"column":73},"end":{"line":32,"column":10}},"locations":[{"start":{"line":22,"column":73},"end":{"line":32,"column":10}}]},"3":{"type":"branch","line":28,"loc":{"start":{"line":28,"column":20},"end":{"line":28,"column":47}},"locations":[{"start":{"line":28,"column":20},"end":{"line":28,"column":47}}]},"4":{"type":"branch","line":32,"loc":{"start":{"line":32,"column":8},"end":{"line":32,"column":10}},"locations":[{"start":{"line":32,"column":8},"end":{"line":32,"column":10}}]},"5":{"type":"branch","line":16,"loc":{"start":{"line":16,"column":26},"end":{"line":16,"column":42}},"locations":[{"start":{"line":16,"column":26},"end":{"line":16,"column":42}}]},"6":{"type":"branch","line":37,"loc":{"start":{"line":37,"column":42},"end":{"line":54,"column":7}},"locations":[{"start":{"line":37,"column":42},"end":{"line":54,"column":7}}]},"7":{"type":"branch","line":41,"loc":{"start":{"line":41,"column":76},"end":{"line":51,"column":10}},"locations":[{"start":{"line":41,"column":76},"end":{"line":51,"column":10}}]},"8":{"type":"branch","line":48,"loc":{"start":{"line":48,"column":20},"end":{"line":48,"column":47}},"locations":[{"start":{"line":48,"column":20},"end":{"line":48,"column":47}}]}},"b":{"0":[9],"1":[2],"2":[1],"3":[0],"4":[0],"5":[2],"6":[2],"7":[1],"8":[0]},"fnMap":{"0":{"name":"useMeetingState","decl":{"start":{"line":4,"column":24},"end":{"line":79,"column":2}},"loc":{"start":{"line":4,"column":24},"end":{"line":79,"column":2}},"line":4}},"f":{"0":9}}
,"C:\\Users\\bandi\\meeting-summary-dashboard\\frontend\\src\\utils\\zoho_utils.jsx": {"path":"C:\\Users\\bandi\\meeting-summary-dashboard\\frontend\\src\\utils\\zoho_utils.jsx","all":false,"statementMap":{"0":{"start":{"line":1,"column":0},"end":{"line":1,"column":26}},"4":{"start":{"line":5,"column":0},"end":{"line":5,"column":44}},"5":{"start":{"line":6,"column":0},"end":{"line":6,"column":103}},"6":{"start":{"line":7,"column":0},"end":{"line":7,"column":9}},"7":{"start":{"line":8,"column":0},"end":{"line":8,"column":97}},"8":{"start":{"line":9,"column":0},"end":{"line":9,"column":29}},"9":{"start":{"line":10,"column":0},"end":{"line":10,"column":21}},"10":{"start":{"line":11,"column":0},"end":{"line":11,"column":66}},"11":{"start":{"line":12,"column":0},"end":{"line":12,"column":60}},"12":{"start":{"line":13,"column":0},"end":{"line":13,"column":5}},"13":{"start":{"line":14,"column":0},"end":{"line":14,"column":1}},"16":{"start":{"line":17,"column":0},"end":{"line":17,"column":44}},"17":{"start":{"line":18,"column":0},"end":{"line":18,"column":10}},"18":{"start":{"line":19,"column":0},"end":{"line":19,"column":25}},"19":{"start":{"line":20,"column":0},"end":{"line":20,"column":12}},"20":{"start":{"line":21,"column":0},"end":{"line":21,"column":32}},"21":{"start":{"line":22,"column":0},"end":{"line":22,"column":35}},"22":{"start":{"line":23,"column":0},"end":{"line":23,"column":6}},"23":{"start":{"line":24,"column":0},"end":{"line":24,"column":10}},"24":{"start":{"line":25,"column":0},"end":{"line":25,"column":32}},"25":{"start":{"line":26,"column":0},"end":{"line":26,"column":35}},"26":{"start":{"line":27,"column":0},"end":{"line":27,"column":6}},"27":{"start":{"line":28,"column":0},"end":{"line":28,"column":61}},"28":{"start":{"line":29,"column":0},"end":{"line":29,"column":4}},"29":{"start":{"line":30,"column":0},"end":{"line":30,"column":2}},"32":{"start":{"line":33,"column":0},"end":{"line":33,"column":39}},"33":{"start":{"line":34,"column":0},"end":{"line":34,"column":7}},"34":{"start":{"line":35,"column":0},"end":{"line":35,"column":85}},"35":{"start":{"line":36,"column":0},"end":{"line":36,"column":16}},"36":{"start":{"line":37,"column":0},"end":{"line":37,"column":67}},"37":{"start":{"line":38,"column":0},"end":{"line":38,"column":8}},"38":{"start":{"line":39,"column":0},"end":{"line":39,"column":7}},"39":{"start":{"line":40,"column":0},"end":{"line":40,"column":25}},"40":{"start":{"line":41,"column":0},"end":{"line":41,"column":19}},"41":{"start":{"line":42,"column":0},"end":{"line":42,"column":61}},"42":{"start":{"line":43,"column":0},"end":{"line":43,"column":45}},"43":{"start":{"line":44,"column":0},"end":{"line":44,"column":3}},"44":{"start":{"line":45,"column":0},"end":{"line":45,"column":2}},"47":{"start":{"line":48,"column":0},"end":{"line":48,"column":43}},"48":{"start":{"line":49,"column":0},"end":{"line":49,"column":9}},"49":{"start":{"line":50,"column":0},"end":{"line":50,"column":82}},"50":{"start":{"line":51,"column":0},"end":{"line":51,"column":27}},"51":{"start":{"line":52,"column":0},"end":{"line":52,"column":22}},"52":{"start":{"line":53,"column":0},"end":{"line":53,"column":68}},"53":{"start":{"line":54,"column":0},"end":{"line":54,"column":14}},"54":{"start":{"line":55,"column":0},"end":{"line":55,"column":39}},"55":{"start":{"line":56,"column":0},"end":{"line":56,"column":62}},"56":{"start":{"line":57,"column":0},"end":{"line":57,"column":54}},"57":{"start":{"line":58,"column":0},"end":{"line":58,"column":62}},"58":{"start":{"line":59,"column":0},"end":{"line":59,"column":44}},"59":{"start":{"line":60,"column":0},"end":{"line":60,"column":15}},"60":{"start":{"line":61,"column":0},"end":{"line":61,"column":11}},"62":{"start":{"line":63,"column":0},"end":{"line":63,"column":43}},"63":{"start":{"line":64,"column":0},"end":{"line":64,"column":33}},"64":{"start":{"line":65,"column":0},"end":{"line":65,"column":21}},"65":{"start":{"line":66,"column":0},"end":{"line":66,"column":66}},"66":{"start":{"line":67,"column":0},"end":{"line":67,"column":20}},"67":{"start":{"line":68,"column":0},"end":{"line":68,"column":5}},"68":{"start":{"line":69,"column":0},"end":{"line":69,"column":2}}},"s":{"0":1,"4":7,"5":7,"6":7,"7":7,"8":5,"9":7,"10":2,"11":2,"12":2,"13":7,"16":1,"17":2,"18":2,"19":2,"20":2,"21":2,"22":2,"23":2,"24":2,"25":2,"26":2,"27":2,"28":2,"29":2,"32":1,"33":2,"34":2,"35":2,"36":2,"37":2,"38":2,"39":1,"40":1,"41":1,"42":1,"43":1,"44":2,"47":1,"48":2,"49":2,"50":2,"51":2,"52":2,"53":2,"54":2,"55":2,"56":2,"57":2,"58":2,"59":2,"60":2,"62":1,"63":1,"64":1,"65":1,"66":1,"67":1,"68":2},"branchMap":{"0":{"type":"branch","line":5,"loc":{"start":{"line":5,"column":0},"end":{"line":14,"column":1}},"locations":[{"start":{"line":5,"column":0},"end":{"line":14,"column":1}}]},"1":{"type":"branch","line":6,"loc":{"start":{"line":6,"column":49},"end":{"line":6,"column":100}},"locations":[{"start":{"line":6,"column":49},"end":{"line":6,"column":100}}]},"2":{"type":"branch","line":6,"loc":{"start":{"line":6,"column":96},"end":{"line":6,"column":103}},"locations":[{"start":{"line":6,"column":96},"end":{"line":6,"column":103}}]},"3":{"type":"branch","line":8,"loc":{"start":{"line":8,"column":95},"end":{"line":10,"column":13}},"locations":[{"start":{"line":8,"column":95},"end":{"line":10,"column":13}}]},"4":{"type":"branch","line":10,"loc":{"start":{"line":10,"column":4},"end":{"line":13,"column":5}},"locations":[{"start":{"line":10,"column":4},"end":{"line":13,"column":5}}]},"5":{"type":"branch","line":6,"loc":{"start":{"line":6,"column":68},"end":{"line":6,"column":96}},"locations":[{"start":{"line":6,"column":68},"end":{"line":6,"column":96}}]},"6":{"type":"branch","line":6,"loc":{"start":{"line":6,"column":75},"end":{"line":6,"column":96}},"locations":[{"start":{"line":6,"column":75},"end":{"line":6,"column":96}}]},"7":{"type":"branch","line":17,"loc":{"start":{"line":17,"column":31},"end":{"line":30,"column":2}},"locations":[{"start":{"line":17,"column":31},"end":{"line":30,"column":2}}]},"8":{"type":"branch","line":28,"loc":{"start":{"line":28,"column":22},"end":{"line":28,"column":58}},"locations":[{"start":{"line":28,"column":22},"end":{"line":28,"column":58}}]},"9":{"type":"branch","line":28,"loc":{"start":{"line":28,"column":54},"end":{"line":28,"column":61}},"locations":[{"start":{"line":28,"column":54},"end":{"line":28,"column":61}}]},"10":{"type":"branch","line":33,"loc":{"start":{"line":33,"column":26},"end":{"line":45,"column":2}},"locations":[{"start":{"line":33,"column":26},"end":{"line":45,"column":2}}]},"11":{"type":"branch","line":39,"loc":{"start":{"line":39,"column":5},"end":{"line":44,"column":3}},"locations":[{"start":{"line":39,"column":5},"end":{"line":44,"column":3}}]},"12":{"type":"branch","line":48,"loc":{"start":{"line":48,"column":30},"end":{"line":69,"column":2}},"locations":[{"start":{"line":48,"column":30},"end":{"line":69,"column":2}}]},"13":{"type":"branch","line":61,"loc":{"start":{"line":61,"column":9},"end":{"line":68,"column":5}},"locations":[{"start":{"line":61,"column":9},"end":{"line":68,"column":5}}]}},"b":{"0":[7],"1":[6],"2":[1],"3":[5],"4":[2],"5":[12],"6":[11],"7":[2],"8":[1],"9":[1],"10":[2],"11":[1],"12":[2],"13":[1]},"fnMap":{"0":{"name":"createEvent","decl":{"start":{"line":5,"column":0},"end":{"line":14,"column":1}},"loc":{"start":{"line":5,"column":0},"end":{"line":14,"column":1}},"line":5},"1":{"name":"formatEventData","decl":{"start":{"line":17,"column":31},"end":{"line":30,"column":2}},"loc":{"start":{"line":17,"column":31},"end":{"line":30,"column":2}},"line":17},"2":{"name":"listEvents","decl":{"start":{"line":33,"column":26},"end":{"line":45,"column":2}},"loc":{"start":{"line":33,"column":26},"end":{"line":45,"column":2}},"line":33},"3":{"name":"getAccessToken","decl":{"start":{"line":48,"column":30},"end":{"line":69,"column":2}},"loc":{"start":{"line":48,"column":30},"end":{"line":69,"column":2}},"line":48}},"f":{"0":7,"1":2,"2":2,"3":2}}
}
