{"C:\\Users\\bandi\\meeting-summary-dashboard\\frontend\\src\\App.jsx": {"path":"C:\\Users\\bandi\\meeting-summary-dashboard\\frontend\\src\\App.jsx","all":false,"statementMap":{"11":{"start":{"line":12,"column":0},"end":{"line":12,"column":40}},"12":{"start":{"line":13,"column":0},"end":{"line":13,"column":54}},"13":{"start":{"line":14,"column":0},"end":{"line":14,"column":61}},"14":{"start":{"line":15,"column":0},"end":{"line":15,"column":59}},"15":{"start":{"line":16,"column":0},"end":{"line":16,"column":59}},"16":{"start":{"line":17,"column":0},"end":{"line":17,"column":53}},"17":{"start":{"line":18,"column":0},"end":{"line":18,"column":57}},"18":{"start":{"line":19,"column":0},"end":{"line":19,"column":51}},"19":{"start":{"line":20,"column":0},"end":{"line":20,"column":55}},"21":{"start":{"line":22,"column":0},"end":{"line":22,"column":31}},"28":{"start":{"line":29,"column":0},"end":{"line":29,"column":43}},"29":{"start":{"line":30,"column":0},"end":{"line":30,"column":59}},"30":{"start":{"line":31,"column":0},"end":{"line":31,"column":63}},"31":{"start":{"line":32,"column":0},"end":{"line":32,"column":37}},"32":{"start":{"line":33,"column":0},"end":{"line":33,"column":13}},"33":{"start":{"line":34,"column":0},"end":{"line":34,"column":41}},"34":{"start":{"line":35,"column":0},"end":{"line":35,"column":75}},"35":{"start":{"line":36,"column":0},"end":{"line":36,"column":23}},"36":{"start":{"line":37,"column":0},"end":{"line":37,"column":6}},"41":{"start":{"line":42,"column":0},"end":{"line":42,"column":11}},"42":{"start":{"line":43,"column":0},"end":{"line":43,"column":48}},"43":{"start":{"line":44,"column":0},"end":{"line":44,"column":48}},"44":{"start":{"line":45,"column":0},"end":{"line":45,"column":44}},"45":{"start":{"line":46,"column":0},"end":{"line":46,"column":26}},"50":{"start":{"line":51,"column":0},"end":{"line":51,"column":27}},"51":{"start":{"line":52,"column":0},"end":{"line":52,"column":19}},"52":{"start":{"line":53,"column":0},"end":{"line":53,"column":59}},"53":{"start":{"line":54,"column":0},"end":{"line":54,"column":16}},"54":{"start":{"line":55,"column":0},"end":{"line":55,"column":62}},"55":{"start":{"line":56,"column":0},"end":{"line":56,"column":9}},"56":{"start":{"line":57,"column":0},"end":{"line":57,"column":15}},"63":{"start":{"line":64,"column":0},"end":{"line":64,"column":37}},"64":{"start":{"line":65,"column":0},"end":{"line":65,"column":49}},"65":{"start":{"line":66,"column":0},"end":{"line":66,"column":34}},"66":{"start":{"line":67,"column":0},"end":{"line":67,"column":51}},"67":{"start":{"line":68,"column":0},"end":{"line":68,"column":57}},"68":{"start":{"line":69,"column":0},"end":{"line":69,"column":19}},"69":{"start":{"line":70,"column":0},"end":{"line":70,"column":9}},"70":{"start":{"line":71,"column":0},"end":{"line":71,"column":54}},"71":{"start":{"line":72,"column":0},"end":{"line":72,"column":85}},"72":{"start":{"line":73,"column":0},"end":{"line":73,"column":19}},"73":{"start":{"line":74,"column":0},"end":{"line":74,"column":9}},"74":{"start":{"line":75,"column":0},"end":{"line":75,"column":30}},"75":{"start":{"line":76,"column":0},"end":{"line":76,"column":6}},"81":{"start":{"line":82,"column":0},"end":{"line":82,"column":39}},"82":{"start":{"line":83,"column":0},"end":{"line":83,"column":27}},"83":{"start":{"line":84,"column":0},"end":{"line":84,"column":29}},"84":{"start":{"line":85,"column":0},"end":{"line":85,"column":31}},"85":{"start":{"line":86,"column":0},"end":{"line":86,"column":19}},"86":{"start":{"line":87,"column":0},"end":{"line":87,"column":37}},"87":{"start":{"line":88,"column":0},"end":{"line":88,"column":9}},"88":{"start":{"line":89,"column":0},"end":{"line":89,"column":6}},"94":{"start":{"line":95,"column":0},"end":{"line":95,"column":39}},"95":{"start":{"line":96,"column":0},"end":{"line":96,"column":29}},"96":{"start":{"line":97,"column":0},"end":{"line":97,"column":31}},"97":{"start":{"line":98,"column":0},"end":{"line":98,"column":34}},"98":{"start":{"line":99,"column":0},"end":{"line":99,"column":6}},"105":{"start":{"line":106,"column":0},"end":{"line":106,"column":51}},"106":{"start":{"line":107,"column":0},"end":{"line":107,"column":65}},"107":{"start":{"line":108,"column":0},"end":{"line":108,"column":49}},"108":{"start":{"line":109,"column":0},"end":{"line":109,"column":46}},"109":{"start":{"line":110,"column":0},"end":{"line":110,"column":33}},"110":{"start":{"line":111,"column":0},"end":{"line":111,"column":21}},"111":{"start":{"line":112,"column":0},"end":{"line":112,"column":6}},"118":{"start":{"line":119,"column":0},"end":{"line":119,"column":12}},"119":{"start":{"line":120,"column":0},"end":{"line":120,"column":23}},"120":{"start":{"line":121,"column":0},"end":{"line":121,"column":159}},"122":{"start":{"line":123,"column":0},"end":{"line":123,"column":180}},"123":{"start":{"line":124,"column":0},"end":{"line":124,"column":94}},"124":{"start":{"line":125,"column":0},"end":{"line":125,"column":65}},"126":{"start":{"line":127,"column":0},"end":{"line":127,"column":171}},"127":{"start":{"line":128,"column":0},"end":{"line":128,"column":102}},"128":{"start":{"line":129,"column":0},"end":{"line":129,"column":35}},"129":{"start":{"line":130,"column":0},"end":{"line":130,"column":125}},"131":{"start":{"line":132,"column":0},"end":{"line":132,"column":33}},"132":{"start":{"line":133,"column":0},"end":{"line":133,"column":30}},"133":{"start":{"line":134,"column":0},"end":{"line":134,"column":65}},"134":{"start":{"line":135,"column":0},"end":{"line":135,"column":48}},"136":{"start":{"line":137,"column":0},"end":{"line":137,"column":35}},"137":{"start":{"line":138,"column":0},"end":{"line":138,"column":241}},"138":{"start":{"line":139,"column":0},"end":{"line":139,"column":66}},"139":{"start":{"line":140,"column":0},"end":{"line":140,"column":93}},"140":{"start":{"line":141,"column":0},"end":{"line":141,"column":61}},"142":{"start":{"line":143,"column":0},"end":{"line":143,"column":41}},"144":{"start":{"line":145,"column":0},"end":{"line":145,"column":206}},"147":{"start":{"line":148,"column":0},"end":{"line":148,"column":296}},"149":{"start":{"line":150,"column":0},"end":{"line":150,"column":37}},"150":{"start":{"line":151,"column":0},"end":{"line":151,"column":30}},"151":{"start":{"line":152,"column":0},"end":{"line":152,"column":26}},"152":{"start":{"line":153,"column":0},"end":{"line":153,"column":25}},"153":{"start":{"line":154,"column":0},"end":{"line":154,"column":62}},"155":{"start":{"line":156,"column":0},"end":{"line":156,"column":205}},"156":{"start":{"line":157,"column":0},"end":{"line":157,"column":40}},"157":{"start":{"line":158,"column":0},"end":{"line":158,"column":39}},"158":{"start":{"line":159,"column":0},"end":{"line":159,"column":59}},"159":{"start":{"line":160,"column":0},"end":{"line":160,"column":51}},"160":{"start":{"line":161,"column":0},"end":{"line":161,"column":49}},"161":{"start":{"line":162,"column":0},"end":{"line":162,"column":59}},"162":{"start":{"line":163,"column":0},"end":{"line":163,"column":26}},"163":{"start":{"line":164,"column":0},"end":{"line":164,"column":35}},"164":{"start":{"line":165,"column":0},"end":{"line":165,"column":200}},"165":{"start":{"line":166,"column":0},"end":{"line":166,"column":39}},"166":{"start":{"line":167,"column":0},"end":{"line":167,"column":34}},"168":{"start":{"line":169,"column":0},"end":{"line":169,"column":43}},"169":{"start":{"line":170,"column":0},"end":{"line":170,"column":200}},"170":{"start":{"line":171,"column":0},"end":{"line":171,"column":47}},"171":{"start":{"line":172,"column":0},"end":{"line":172,"column":34}},"173":{"start":{"line":174,"column":0},"end":{"line":174,"column":45}},"174":{"start":{"line":175,"column":0},"end":{"line":175,"column":211}},"175":{"start":{"line":176,"column":0},"end":{"line":176,"column":49}},"176":{"start":{"line":177,"column":0},"end":{"line":177,"column":34}},"178":{"start":{"line":179,"column":0},"end":{"line":179,"column":26}},"179":{"start":{"line":180,"column":0},"end":{"line":180,"column":47}},"180":{"start":{"line":181,"column":0},"end":{"line":181,"column":56}},"181":{"start":{"line":182,"column":0},"end":{"line":182,"column":99}},"182":{"start":{"line":183,"column":0},"end":{"line":183,"column":30}},"183":{"start":{"line":184,"column":0},"end":{"line":184,"column":65}},"184":{"start":{"line":185,"column":0},"end":{"line":185,"column":35}},"185":{"start":{"line":186,"column":0},"end":{"line":186,"column":248}},"186":{"start":{"line":187,"column":0},"end":{"line":187,"column":55}},"187":{"start":{"line":188,"column":0},"end":{"line":188,"column":52}},"188":{"start":{"line":189,"column":0},"end":{"line":189,"column":29}},"190":{"start":{"line":191,"column":0},"end":{"line":191,"column":37}},"192":{"start":{"line":193,"column":0},"end":{"line":193,"column":56}},"193":{"start":{"line":194,"column":0},"end":{"line":194,"column":90}},"194":{"start":{"line":195,"column":0},"end":{"line":195,"column":30}},"195":{"start":{"line":196,"column":0},"end":{"line":196,"column":56}},"196":{"start":{"line":197,"column":0},"end":{"line":197,"column":68}},"197":{"start":{"line":198,"column":0},"end":{"line":198,"column":30}},"198":{"start":{"line":199,"column":0},"end":{"line":199,"column":48}},"199":{"start":{"line":200,"column":0},"end":{"line":200,"column":60}},"200":{"start":{"line":201,"column":0},"end":{"line":201,"column":89}},"201":{"start":{"line":202,"column":0},"end":{"line":202,"column":34}},"203":{"start":{"line":204,"column":0},"end":{"line":204,"column":26}},"204":{"start":{"line":205,"column":0},"end":{"line":205,"column":23}},"205":{"start":{"line":206,"column":0},"end":{"line":206,"column":94}},"206":{"start":{"line":207,"column":0},"end":{"line":207,"column":103}},"207":{"start":{"line":208,"column":0},"end":{"line":208,"column":25}},"208":{"start":{"line":209,"column":0},"end":{"line":209,"column":18}},"209":{"start":{"line":210,"column":0},"end":{"line":210,"column":28}},"211":{"start":{"line":212,"column":0},"end":{"line":212,"column":5}}},"s":{"11":1,"12":1,"13":1,"14":1,"15":1,"16":1,"17":1,"18":1,"19":1,"21":19,"28":19,"29":19,"30":19,"31":19,"32":19,"33":13,"34":13,"35":0,"36":19,"41":19,"42":19,"43":19,"44":19,"45":19,"50":19,"51":15,"52":1,"53":15,"54":14,"55":14,"56":19,"63":19,"64":4,"65":4,"66":4,"67":1,"68":1,"69":1,"70":4,"71":1,"72":1,"73":1,"74":2,"75":4,"81":19,"82":1,"83":1,"84":1,"85":1,"86":1,"87":1,"88":1,"94":19,"95":0,"96":0,"97":0,"98":0,"105":19,"106":2,"107":2,"108":2,"109":2,"110":2,"111":2,"118":19,"119":19,"120":19,"122":19,"123":19,"124":19,"126":19,"127":19,"128":19,"129":19,"131":19,"132":19,"133":19,"134":19,"136":19,"137":19,"138":19,"139":19,"140":19,"142":19,"144":1,"147":18,"149":19,"150":19,"151":19,"152":19,"153":19,"155":19,"156":19,"157":19,"158":19,"159":19,"160":19,"161":19,"162":19,"163":19,"164":2,"165":2,"166":2,"168":19,"169":0,"170":0,"171":0,"173":19,"174":0,"175":0,"176":0,"178":19,"179":19,"180":19,"181":19,"182":19,"183":19,"184":12,"185":12,"186":12,"187":12,"188":12,"190":12,"192":19,"193":19,"194":19,"195":19,"196":19,"197":19,"198":19,"199":11,"200":11,"201":11,"203":19,"204":19,"205":19,"206":19,"207":19,"208":19,"209":19,"211":19},"branchMap":{"0":{"type":"branch","line":22,"loc":{"start":{"line":22,"column":0},"end":{"line":212,"column":5}},"locations":[{"start":{"line":22,"column":0},"end":{"line":212,"column":5}}]},"1":{"type":"branch","line":140,"loc":{"start":{"line":140,"column":39},"end":{"line":140,"column":71}},"locations":[{"start":{"line":140,"column":39},"end":{"line":140,"column":71}}]},"2":{"type":"branch","line":140,"loc":{"start":{"line":140,"column":46},"end":{"line":140,"column":93}},"locations":[{"start":{"line":140,"column":46},"end":{"line":140,"column":93}}]},"3":{"type":"branch","line":143,"loc":{"start":{"line":143,"column":33},"end":{"line":145,"column":206}},"locations":[{"start":{"line":143,"column":33},"end":{"line":145,"column":206}}]},"4":{"type":"branch","line":145,"loc":{"start":{"line":145,"column":200},"end":{"line":148,"column":296}},"locations":[{"start":{"line":145,"column":200},"end":{"line":148,"column":296}}]},"5":{"type":"branch","line":164,"loc":{"start":{"line":164,"column":25},"end":{"line":167,"column":34}},"locations":[{"start":{"line":164,"column":25},"end":{"line":167,"column":34}}]},"6":{"type":"branch","line":169,"loc":{"start":{"line":169,"column":25},"end":{"line":172,"column":34}},"locations":[{"start":{"line":169,"column":25},"end":{"line":172,"column":34}}]},"7":{"type":"branch","line":174,"loc":{"start":{"line":174,"column":25},"end":{"line":177,"column":34}},"locations":[{"start":{"line":174,"column":25},"end":{"line":177,"column":34}}]},"8":{"type":"branch","line":184,"loc":{"start":{"line":184,"column":25},"end":{"line":184,"column":65}},"locations":[{"start":{"line":184,"column":25},"end":{"line":184,"column":65}}]},"9":{"type":"branch","line":184,"loc":{"start":{"line":184,"column":59},"end":{"line":191,"column":37}},"locations":[{"start":{"line":184,"column":59},"end":{"line":191,"column":37}}]},"10":{"type":"branch","line":199,"loc":{"start":{"line":199,"column":42},"end":{"line":202,"column":34}},"locations":[{"start":{"line":199,"column":42},"end":{"line":202,"column":34}}]},"11":{"type":"branch","line":33,"loc":{"start":{"line":33,"column":8},"end":{"line":36,"column":23}},"locations":[{"start":{"line":33,"column":8},"end":{"line":36,"column":23}}]},"12":{"type":"branch","line":35,"loc":{"start":{"line":35,"column":68},"end":{"line":36,"column":23}},"locations":[{"start":{"line":35,"column":68},"end":{"line":36,"column":23}}]},"13":{"type":"branch","line":51,"loc":{"start":{"line":51,"column":20},"end":{"line":57,"column":7}},"locations":[{"start":{"line":51,"column":20},"end":{"line":57,"column":7}}]},"14":{"type":"branch","line":52,"loc":{"start":{"line":52,"column":18},"end":{"line":54,"column":15}},"locations":[{"start":{"line":52,"column":18},"end":{"line":54,"column":15}}]},"15":{"type":"branch","line":54,"loc":{"start":{"line":54,"column":8},"end":{"line":56,"column":9}},"locations":[{"start":{"line":54,"column":8},"end":{"line":56,"column":9}}]},"16":{"type":"branch","line":64,"loc":{"start":{"line":64,"column":29},"end":{"line":76,"column":6}},"locations":[{"start":{"line":64,"column":29},"end":{"line":76,"column":6}}]},"17":{"type":"branch","line":66,"loc":{"start":{"line":66,"column":27},"end":{"line":66,"column":34}},"locations":[{"start":{"line":66,"column":27},"end":{"line":66,"column":34}}]},"18":{"type":"branch","line":67,"loc":{"start":{"line":67,"column":50},"end":{"line":70,"column":9}},"locations":[{"start":{"line":67,"column":50},"end":{"line":70,"column":9}}]},"19":{"type":"branch","line":70,"loc":{"start":{"line":70,"column":8},"end":{"line":71,"column":53}},"locations":[{"start":{"line":70,"column":8},"end":{"line":71,"column":53}}]},"20":{"type":"branch","line":71,"loc":{"start":{"line":71,"column":53},"end":{"line":75,"column":30}},"locations":[{"start":{"line":71,"column":53},"end":{"line":75,"column":30}}]},"21":{"type":"branch","line":71,"loc":{"start":{"line":71,"column":53},"end":{"line":74,"column":9}},"locations":[{"start":{"line":71,"column":53},"end":{"line":74,"column":9}}]},"22":{"type":"branch","line":82,"loc":{"start":{"line":82,"column":25},"end":{"line":89,"column":6}},"locations":[{"start":{"line":82,"column":25},"end":{"line":89,"column":6}}]},"23":{"type":"branch","line":106,"loc":{"start":{"line":106,"column":27},"end":{"line":112,"column":6}},"locations":[{"start":{"line":106,"column":27},"end":{"line":112,"column":6}}]},"24":{"type":"branch","line":139,"loc":{"start":{"line":139,"column":41},"end":{"line":139,"column":66}},"locations":[{"start":{"line":139,"column":41},"end":{"line":139,"column":66}}]},"25":{"type":"branch","line":139,"loc":{"start":{"line":139,"column":55},"end":{"line":139,"column":64}},"locations":[{"start":{"line":139,"column":55},"end":{"line":139,"column":64}}]}},"b":{"0":[19],"1":[1],"2":[18],"3":[1],"4":[18],"5":[2],"6":[0],"7":[0],"8":[12],"9":[12],"10":[11],"11":[13],"12":[0],"13":[15],"14":[1],"15":[14],"16":[4],"17":[0],"18":[1],"19":[3],"20":[2],"21":[1],"22":[1],"23":[2],"24":[2],"25":[2]},"fnMap":{"0":{"name":"App","decl":{"start":{"line":22,"column":0},"end":{"line":212,"column":5}},"loc":{"start":{"line":22,"column":0},"end":{"line":212,"column":5}},"line":22},"1":{"name":"handleFileChange","decl":{"start":{"line":64,"column":29},"end":{"line":76,"column":6}},"loc":{"start":{"line":64,"column":29},"end":{"line":76,"column":6}},"line":64},"2":{"name":"handleSubmit","decl":{"start":{"line":82,"column":25},"end":{"line":89,"column":6}},"loc":{"start":{"line":82,"column":25},"end":{"line":89,"column":6}},"line":82},"3":{"name":"handleAnalyze","decl":{"start":{"line":95,"column":26},"end":{"line":99,"column":6}},"loc":{"start":{"line":95,"column":26},"end":{"line":99,"column":6}},"line":95},"4":{"name":"handleDownload","decl":{"start":{"line":106,"column":27},"end":{"line":112,"column":6}},"loc":{"start":{"line":106,"column":27},"end":{"line":112,"column":6}},"line":106},"5":{"name":"onClick","decl":{"start":{"line":139,"column":41},"end":{"line":139,"column":66}},"loc":{"start":{"line":139,"column":41},"end":{"line":139,"column":66}},"line":139}},"f":{"0":19,"1":4,"2":1,"3":0,"4":2,"5":2}}
,"C:\\Users\\bandi\\meeting-summary-dashboard\\frontend\\src\\components\\AudioUploadForm.jsx": {"path":"C:\\Users\\bandi\\meeting-summary-dashboard\\frontend\\src\\components\\AudioUploadForm.jsx","all":false,"statementMap":{"11":{"start":{"line":12,"column":0},"end":{"line":12,"column":38}},"23":{"start":{"line":24,"column":0},"end":{"line":24,"column":102}},"25":{"start":{"line":26,"column":0},"end":{"line":26,"column":34}},"27":{"start":{"line":28,"column":0},"end":{"line":28,"column":12}},"28":{"start":{"line":29,"column":0},"end":{"line":29,"column":51}},"29":{"start":{"line":30,"column":0},"end":{"line":30,"column":93}},"31":{"start":{"line":32,"column":0},"end":{"line":32,"column":20}},"33":{"start":{"line":34,"column":0},"end":{"line":34,"column":18}},"34":{"start":{"line":35,"column":0},"end":{"line":35,"column":34}},"35":{"start":{"line":36,"column":0},"end":{"line":36,"column":42}},"36":{"start":{"line":37,"column":0},"end":{"line":37,"column":33}},"37":{"start":{"line":38,"column":0},"end":{"line":38,"column":28}},"38":{"start":{"line":39,"column":0},"end":{"line":39,"column":27}},"39":{"start":{"line":40,"column":0},"end":{"line":40,"column":32}},"40":{"start":{"line":41,"column":0},"end":{"line":41,"column":39}},"41":{"start":{"line":42,"column":0},"end":{"line":42,"column":34}},"42":{"start":{"line":43,"column":0},"end":{"line":43,"column":14}},"44":{"start":{"line":45,"column":0},"end":{"line":45,"column":19}},"45":{"start":{"line":46,"column":0},"end":{"line":46,"column":29}},"46":{"start":{"line":47,"column":0},"end":{"line":47,"column":61}},"47":{"start":{"line":48,"column":0},"end":{"line":48,"column":91}},"48":{"start":{"line":49,"column":0},"end":{"line":49,"column":13}},"50":{"start":{"line":51,"column":0},"end":{"line":51,"column":21}},"52":{"start":{"line":53,"column":0},"end":{"line":53,"column":70}},"53":{"start":{"line":54,"column":0},"end":{"line":54,"column":35}},"54":{"start":{"line":55,"column":0},"end":{"line":55,"column":21}},"55":{"start":{"line":56,"column":0},"end":{"line":56,"column":72}},"56":{"start":{"line":57,"column":0},"end":{"line":57,"column":70}},"58":{"start":{"line":59,"column":0},"end":{"line":59,"column":16}},"60":{"start":{"line":61,"column":0},"end":{"line":61,"column":19}},"61":{"start":{"line":62,"column":0},"end":{"line":62,"column":29}},"62":{"start":{"line":63,"column":0},"end":{"line":63,"column":45}},"63":{"start":{"line":64,"column":0},"end":{"line":64,"column":45}},"64":{"start":{"line":65,"column":0},"end":{"line":65,"column":91}},"66":{"start":{"line":67,"column":0},"end":{"line":67,"column":30}},"67":{"start":{"line":68,"column":0},"end":{"line":68,"column":26}},"68":{"start":{"line":69,"column":0},"end":{"line":69,"column":73}},"70":{"start":{"line":71,"column":0},"end":{"line":71,"column":27}},"72":{"start":{"line":73,"column":0},"end":{"line":73,"column":38}},"74":{"start":{"line":75,"column":0},"end":{"line":75,"column":21}},"76":{"start":{"line":77,"column":0},"end":{"line":77,"column":27}},"77":{"start":{"line":78,"column":0},"end":{"line":78,"column":76}},"78":{"start":{"line":79,"column":0},"end":{"line":79,"column":56}},"79":{"start":{"line":80,"column":0},"end":{"line":80,"column":22}},"81":{"start":{"line":82,"column":0},"end":{"line":82,"column":15}},"83":{"start":{"line":84,"column":0},"end":{"line":84,"column":1}}},"s":{"11":1,"23":23,"25":23,"27":23,"28":23,"29":23,"31":23,"33":23,"34":23,"35":23,"36":23,"37":23,"38":23,"39":23,"40":23,"41":23,"42":23,"44":23,"45":23,"46":23,"47":23,"48":23,"50":23,"52":23,"53":23,"54":23,"55":5,"56":18,"58":23,"60":23,"61":23,"62":23,"63":23,"64":23,"66":23,"67":2,"68":2,"70":2,"72":21,"74":23,"76":23,"77":2,"78":2,"79":2,"81":23,"83":23},"branchMap":{"0":{"type":"branch","line":24,"loc":{"start":{"line":24,"column":0},"end":{"line":84,"column":1}},"locations":[{"start":{"line":24,"column":0},"end":{"line":84,"column":1}}]},"1":{"type":"branch","line":55,"loc":{"start":{"line":55,"column":17},"end":{"line":56,"column":72}},"locations":[{"start":{"line":55,"column":17},"end":{"line":56,"column":72}}]},"2":{"type":"branch","line":56,"loc":{"start":{"line":56,"column":65},"end":{"line":57,"column":70}},"locations":[{"start":{"line":56,"column":65},"end":{"line":57,"column":70}}]},"3":{"type":"branch","line":63,"loc":{"start":{"line":63,"column":26},"end":{"line":63,"column":45}},"locations":[{"start":{"line":63,"column":26},"end":{"line":63,"column":45}}]},"4":{"type":"branch","line":67,"loc":{"start":{"line":67,"column":17},"end":{"line":71,"column":27}},"locations":[{"start":{"line":67,"column":17},"end":{"line":71,"column":27}}]},"5":{"type":"branch","line":71,"loc":{"start":{"line":71,"column":20},"end":{"line":73,"column":38}},"locations":[{"start":{"line":71,"column":20},"end":{"line":73,"column":38}}]},"6":{"type":"branch","line":77,"loc":{"start":{"line":77,"column":13},"end":{"line":80,"column":22}},"locations":[{"start":{"line":77,"column":13},"end":{"line":80,"column":22}}]}},"b":{"0":[23],"1":[5],"2":[18],"3":[21],"4":[2],"5":[21],"6":[2]},"fnMap":{"0":{"name":"AudioUploadForm","decl":{"start":{"line":24,"column":0},"end":{"line":84,"column":1}},"loc":{"start":{"line":24,"column":0},"end":{"line":84,"column":1}},"line":24},"1":{"name":"onClick","decl":{"start":{"line":47,"column":25},"end":{"line":47,"column":61}},"loc":{"start":{"line":47,"column":25},"end":{"line":47,"column":61}},"line":47}},"f":{"0":23,"1":0}}
,"C:\\Users\\bandi\\meeting-summary-dashboard\\frontend\\src\\components\\AudioUploader.jsx": {"path":"C:\\Users\\bandi\\meeting-summary-dashboard\\frontend\\src\\components\\AudioUploader.jsx","all":false,"statementMap":{"10":{"start":{"line":11,"column":0},"end":{"line":11,"column":40}},"16":{"start":{"line":17,"column":0},"end":{"line":17,"column":26}},"18":{"start":{"line":19,"column":0},"end":{"line":19,"column":77}},"19":{"start":{"line":20,"column":0},"end":{"line":20,"column":81}},"20":{"start":{"line":21,"column":0},"end":{"line":21,"column":77}},"21":{"start":{"line":22,"column":0},"end":{"line":22,"column":76}},"22":{"start":{"line":23,"column":0},"end":{"line":23,"column":73}},"23":{"start":{"line":24,"column":0},"end":{"line":24,"column":77}},"24":{"start":{"line":25,"column":0},"end":{"line":25,"column":77}},"31":{"start":{"line":32,"column":0},"end":{"line":32,"column":37}},"32":{"start":{"line":33,"column":0},"end":{"line":33,"column":40}},"33":{"start":{"line":34,"column":0},"end":{"line":34,"column":21}},"34":{"start":{"line":35,"column":0},"end":{"line":35,"column":6}},"41":{"start":{"line":42,"column":0},"end":{"line":42,"column":37}},"42":{"start":{"line":43,"column":0},"end":{"line":43,"column":21}},"43":{"start":{"line":44,"column":0},"end":{"line":44,"column":31}},"45":{"start":{"line":46,"column":0},"end":{"line":46,"column":48}},"46":{"start":{"line":47,"column":0},"end":{"line":47,"column":52}},"47":{"start":{"line":48,"column":0},"end":{"line":48,"column":56}},"48":{"start":{"line":49,"column":0},"end":{"line":49,"column":19}},"49":{"start":{"line":50,"column":0},"end":{"line":50,"column":9}},"50":{"start":{"line":51,"column":0},"end":{"line":51,"column":25}},"51":{"start":{"line":52,"column":0},"end":{"line":52,"column":40}},"52":{"start":{"line":53,"column":0},"end":{"line":53,"column":44}},"54":{"start":{"line":55,"column":0},"end":{"line":55,"column":13}},"55":{"start":{"line":56,"column":0},"end":{"line":56,"column":76}},"56":{"start":{"line":57,"column":0},"end":{"line":57,"column":31}},"57":{"start":{"line":58,"column":0},"end":{"line":58,"column":31}},"58":{"start":{"line":59,"column":0},"end":{"line":59,"column":15}},"61":{"start":{"line":62,"column":0},"end":{"line":62,"column":26}},"62":{"start":{"line":63,"column":0},"end":{"line":63,"column":67}},"63":{"start":{"line":64,"column":0},"end":{"line":64,"column":87}},"64":{"start":{"line":65,"column":0},"end":{"line":65,"column":34}},"65":{"start":{"line":66,"column":0},"end":{"line":66,"column":38}},"66":{"start":{"line":67,"column":0},"end":{"line":67,"column":34}},"67":{"start":{"line":68,"column":0},"end":{"line":68,"column":23}},"68":{"start":{"line":69,"column":0},"end":{"line":69,"column":13}},"70":{"start":{"line":71,"column":0},"end":{"line":71,"column":42}},"71":{"start":{"line":72,"column":0},"end":{"line":72,"column":34}},"72":{"start":{"line":73,"column":0},"end":{"line":73,"column":47}},"73":{"start":{"line":74,"column":0},"end":{"line":74,"column":59}},"74":{"start":{"line":75,"column":0},"end":{"line":75,"column":20}},"75":{"start":{"line":76,"column":0},"end":{"line":76,"column":69}},"76":{"start":{"line":77,"column":0},"end":{"line":77,"column":34}},"77":{"start":{"line":78,"column":0},"end":{"line":78,"column":38}},"78":{"start":{"line":79,"column":0},"end":{"line":79,"column":13}},"79":{"start":{"line":80,"column":0},"end":{"line":80,"column":23}},"80":{"start":{"line":81,"column":0},"end":{"line":81,"column":39}},"81":{"start":{"line":82,"column":0},"end":{"line":82,"column":43}},"82":{"start":{"line":83,"column":0},"end":{"line":83,"column":9}},"83":{"start":{"line":84,"column":0},"end":{"line":84,"column":26}},"84":{"start":{"line":85,"column":0},"end":{"line":85,"column":6}},"91":{"start":{"line":92,"column":0},"end":{"line":92,"column":49}},"92":{"start":{"line":93,"column":0},"end":{"line":93,"column":64}},"93":{"start":{"line":94,"column":0},"end":{"line":94,"column":58}},"94":{"start":{"line":95,"column":0},"end":{"line":95,"column":62}},"95":{"start":{"line":96,"column":0},"end":{"line":96,"column":19}},"96":{"start":{"line":97,"column":0},"end":{"line":97,"column":9}},"97":{"start":{"line":98,"column":0},"end":{"line":98,"column":13}},"98":{"start":{"line":99,"column":0},"end":{"line":99,"column":75}},"99":{"start":{"line":100,"column":0},"end":{"line":100,"column":31}},"100":{"start":{"line":101,"column":0},"end":{"line":101,"column":26}},"101":{"start":{"line":102,"column":0},"end":{"line":102,"column":55}},"102":{"start":{"line":103,"column":0},"end":{"line":103,"column":18}},"103":{"start":{"line":104,"column":0},"end":{"line":104,"column":59}},"104":{"start":{"line":105,"column":0},"end":{"line":105,"column":15}},"105":{"start":{"line":106,"column":0},"end":{"line":106,"column":42}},"106":{"start":{"line":107,"column":0},"end":{"line":107,"column":43}},"107":{"start":{"line":108,"column":0},"end":{"line":108,"column":43}},"108":{"start":{"line":109,"column":0},"end":{"line":109,"column":47}},"109":{"start":{"line":110,"column":0},"end":{"line":110,"column":23}},"110":{"start":{"line":111,"column":0},"end":{"line":111,"column":45}},"111":{"start":{"line":112,"column":0},"end":{"line":112,"column":49}},"112":{"start":{"line":113,"column":0},"end":{"line":113,"column":9}},"113":{"start":{"line":114,"column":0},"end":{"line":114,"column":6}},"116":{"start":{"line":117,"column":0},"end":{"line":117,"column":12}},"117":{"start":{"line":118,"column":0},"end":{"line":118,"column":57}},"118":{"start":{"line":119,"column":0},"end":{"line":119,"column":75}},"119":{"start":{"line":120,"column":0},"end":{"line":120,"column":77}},"121":{"start":{"line":122,"column":0},"end":{"line":122,"column":20}},"122":{"start":{"line":123,"column":0},"end":{"line":123,"column":18}},"123":{"start":{"line":124,"column":0},"end":{"line":124,"column":33}},"124":{"start":{"line":125,"column":0},"end":{"line":125,"column":28}},"125":{"start":{"line":126,"column":0},"end":{"line":126,"column":27}},"126":{"start":{"line":127,"column":0},"end":{"line":127,"column":32}},"127":{"start":{"line":128,"column":0},"end":{"line":128,"column":43}},"128":{"start":{"line":129,"column":0},"end":{"line":129,"column":53}},"129":{"start":{"line":130,"column":0},"end":{"line":130,"column":14}},"132":{"start":{"line":133,"column":0},"end":{"line":133,"column":19}},"133":{"start":{"line":134,"column":0},"end":{"line":134,"column":37}},"134":{"start":{"line":135,"column":0},"end":{"line":135,"column":34}},"135":{"start":{"line":136,"column":0},"end":{"line":136,"column":86}},"137":{"start":{"line":138,"column":0},"end":{"line":138,"column":67}},"138":{"start":{"line":139,"column":0},"end":{"line":139,"column":21}},"141":{"start":{"line":142,"column":0},"end":{"line":142,"column":23}},"142":{"start":{"line":143,"column":0},"end":{"line":143,"column":74}},"143":{"start":{"line":144,"column":0},"end":{"line":144,"column":27}},"144":{"start":{"line":145,"column":0},"end":{"line":145,"column":20}},"148":{"start":{"line":149,"column":0},"end":{"line":149,"column":28}},"149":{"start":{"line":150,"column":0},"end":{"line":150,"column":25}},"150":{"start":{"line":151,"column":0},"end":{"line":151,"column":76}},"151":{"start":{"line":152,"column":0},"end":{"line":152,"column":71}},"152":{"start":{"line":153,"column":0},"end":{"line":153,"column":26}},"156":{"start":{"line":157,"column":0},"end":{"line":157,"column":37}},"157":{"start":{"line":158,"column":0},"end":{"line":158,"column":25}},"158":{"start":{"line":159,"column":0},"end":{"line":159,"column":73}},"159":{"start":{"line":160,"column":0},"end":{"line":160,"column":51}},"160":{"start":{"line":161,"column":0},"end":{"line":161,"column":48}},"161":{"start":{"line":162,"column":0},"end":{"line":162,"column":48}},"162":{"start":{"line":163,"column":0},"end":{"line":163,"column":27}},"163":{"start":{"line":164,"column":0},"end":{"line":164,"column":25}},"164":{"start":{"line":165,"column":0},"end":{"line":165,"column":26}},"168":{"start":{"line":169,"column":0},"end":{"line":169,"column":37}},"169":{"start":{"line":170,"column":0},"end":{"line":170,"column":25}},"170":{"start":{"line":171,"column":0},"end":{"line":171,"column":78}},"171":{"start":{"line":172,"column":0},"end":{"line":172,"column":51}},"172":{"start":{"line":173,"column":0},"end":{"line":173,"column":48}},"173":{"start":{"line":174,"column":0},"end":{"line":174,"column":48}},"174":{"start":{"line":175,"column":0},"end":{"line":175,"column":27}},"175":{"start":{"line":176,"column":0},"end":{"line":176,"column":25}},"176":{"start":{"line":177,"column":0},"end":{"line":177,"column":26}},"180":{"start":{"line":181,"column":0},"end":{"line":181,"column":39}},"181":{"start":{"line":182,"column":0},"end":{"line":182,"column":25}},"182":{"start":{"line":183,"column":0},"end":{"line":183,"column":75}},"183":{"start":{"line":184,"column":0},"end":{"line":184,"column":51}},"184":{"start":{"line":185,"column":0},"end":{"line":185,"column":50}},"185":{"start":{"line":186,"column":0},"end":{"line":186,"column":48}},"186":{"start":{"line":187,"column":0},"end":{"line":187,"column":27}},"187":{"start":{"line":188,"column":0},"end":{"line":188,"column":25}},"188":{"start":{"line":189,"column":0},"end":{"line":189,"column":26}},"190":{"start":{"line":191,"column":0},"end":{"line":191,"column":14}},"192":{"start":{"line":193,"column":0},"end":{"line":193,"column":1}},"194":{"start":{"line":195,"column":0},"end":{"line":195,"column":29}}},"s":{"10":1,"16":26,"18":26,"19":26,"20":26,"21":26,"22":26,"23":26,"24":26,"31":26,"32":7,"33":7,"34":7,"41":26,"42":6,"43":6,"45":6,"46":1,"47":1,"48":1,"49":1,"50":5,"51":5,"52":5,"54":5,"55":5,"56":5,"57":5,"58":5,"61":6,"62":1,"63":1,"64":1,"65":1,"66":1,"67":1,"68":1,"70":2,"71":2,"72":2,"73":2,"74":6,"75":0,"76":0,"77":0,"78":0,"79":6,"80":1,"81":1,"82":1,"83":3,"84":6,"91":26,"92":2,"93":0,"94":0,"95":0,"96":0,"97":2,"98":2,"99":2,"100":2,"101":2,"102":2,"103":2,"104":2,"105":1,"106":2,"107":2,"108":2,"109":2,"110":1,"111":1,"112":1,"113":2,"116":26,"117":26,"118":26,"119":26,"121":26,"122":26,"123":26,"124":26,"125":26,"126":26,"127":26,"128":26,"129":26,"132":26,"133":26,"134":26,"135":26,"137":26,"138":26,"141":26,"142":4,"143":4,"144":4,"148":26,"149":2,"150":2,"151":2,"152":2,"156":26,"157":1,"158":1,"159":1,"160":1,"161":2,"162":1,"163":1,"164":1,"168":26,"169":1,"170":1,"171":1,"172":1,"173":2,"174":1,"175":1,"176":1,"180":26,"181":1,"182":1,"183":1,"184":1,"185":1,"186":1,"187":1,"188":1,"190":26,"192":26,"194":1},"branchMap":{"0":{"type":"branch","line":17,"loc":{"start":{"line":17,"column":0},"end":{"line":193,"column":1}},"locations":[{"start":{"line":17,"column":0},"end":{"line":193,"column":1}}]},"1":{"type":"branch","line":138,"loc":{"start":{"line":138,"column":17},"end":{"line":138,"column":45}},"locations":[{"start":{"line":138,"column":17},"end":{"line":138,"column":45}}]},"2":{"type":"branch","line":138,"loc":{"start":{"line":138,"column":27},"end":{"line":138,"column":67}},"locations":[{"start":{"line":138,"column":27},"end":{"line":138,"column":67}}]},"3":{"type":"branch","line":142,"loc":{"start":{"line":142,"column":13},"end":{"line":145,"column":20}},"locations":[{"start":{"line":142,"column":13},"end":{"line":145,"column":20}}]},"4":{"type":"branch","line":149,"loc":{"start":{"line":149,"column":13},"end":{"line":153,"column":26}},"locations":[{"start":{"line":149,"column":13},"end":{"line":153,"column":26}}]},"5":{"type":"branch","line":157,"loc":{"start":{"line":157,"column":31},"end":{"line":165,"column":26}},"locations":[{"start":{"line":157,"column":31},"end":{"line":165,"column":26}}]},"6":{"type":"branch","line":169,"loc":{"start":{"line":169,"column":31},"end":{"line":177,"column":26}},"locations":[{"start":{"line":169,"column":31},"end":{"line":177,"column":26}}]},"7":{"type":"branch","line":181,"loc":{"start":{"line":181,"column":33},"end":{"line":189,"column":26}},"locations":[{"start":{"line":181,"column":33},"end":{"line":189,"column":26}}]},"8":{"type":"branch","line":32,"loc":{"start":{"line":32,"column":29},"end":{"line":35,"column":6}},"locations":[{"start":{"line":32,"column":29},"end":{"line":35,"column":6}}]},"9":{"type":"branch","line":42,"loc":{"start":{"line":42,"column":24},"end":{"line":85,"column":6}},"locations":[{"start":{"line":42,"column":24},"end":{"line":85,"column":6}}]},"10":{"type":"branch","line":44,"loc":{"start":{"line":44,"column":24},"end":{"line":44,"column":31}},"locations":[{"start":{"line":44,"column":24},"end":{"line":44,"column":31}}]},"11":{"type":"branch","line":46,"loc":{"start":{"line":46,"column":47},"end":{"line":50,"column":9}},"locations":[{"start":{"line":46,"column":47},"end":{"line":50,"column":9}}]},"12":{"type":"branch","line":50,"loc":{"start":{"line":50,"column":8},"end":{"line":59,"column":15}},"locations":[{"start":{"line":50,"column":8},"end":{"line":59,"column":15}}]},"13":{"type":"branch","line":59,"loc":{"start":{"line":59,"column":13},"end":{"line":62,"column":25}},"locations":[{"start":{"line":59,"column":13},"end":{"line":62,"column":25}}]},"14":{"type":"branch","line":62,"loc":{"start":{"line":62,"column":25},"end":{"line":69,"column":13}},"locations":[{"start":{"line":62,"column":25},"end":{"line":69,"column":13}}]},"15":{"type":"branch","line":69,"loc":{"start":{"line":69,"column":12},"end":{"line":75,"column":19}},"locations":[{"start":{"line":69,"column":12},"end":{"line":75,"column":19}}]},"16":{"type":"branch","line":75,"loc":{"start":{"line":75,"column":12},"end":{"line":79,"column":13}},"locations":[{"start":{"line":75,"column":12},"end":{"line":79,"column":13}}]},"17":{"type":"branch","line":80,"loc":{"start":{"line":80,"column":8},"end":{"line":83,"column":9}},"locations":[{"start":{"line":80,"column":8},"end":{"line":83,"column":9}}]},"18":{"type":"branch","line":83,"loc":{"start":{"line":83,"column":8},"end":{"line":84,"column":26}},"locations":[{"start":{"line":83,"column":8},"end":{"line":84,"column":26}}]},"19":{"type":"branch","line":92,"loc":{"start":{"line":92,"column":32},"end":{"line":114,"column":6}},"locations":[{"start":{"line":92,"column":32},"end":{"line":114,"column":6}}]},"20":{"type":"branch","line":93,"loc":{"start":{"line":93,"column":63},"end":{"line":97,"column":9}},"locations":[{"start":{"line":93,"column":63},"end":{"line":97,"column":9}}]},"21":{"type":"branch","line":105,"loc":{"start":{"line":105,"column":13},"end":{"line":107,"column":39}},"locations":[{"start":{"line":105,"column":13},"end":{"line":107,"column":39}}]},"22":{"type":"branch","line":107,"loc":{"start":{"line":107,"column":28},"end":{"line":107,"column":41}},"locations":[{"start":{"line":107,"column":28},"end":{"line":107,"column":41}}]},"23":{"type":"branch","line":108,"loc":{"start":{"line":108,"column":28},"end":{"line":108,"column":41}},"locations":[{"start":{"line":108,"column":28},"end":{"line":108,"column":41}}]},"24":{"type":"branch","line":109,"loc":{"start":{"line":109,"column":30},"end":{"line":109,"column":45}},"locations":[{"start":{"line":109,"column":30},"end":{"line":109,"column":45}}]},"25":{"type":"branch","line":110,"loc":{"start":{"line":110,"column":8},"end":{"line":113,"column":9}},"locations":[{"start":{"line":110,"column":8},"end":{"line":113,"column":9}}]},"26":{"type":"branch","line":161,"loc":{"start":{"line":161,"column":37},"end":{"line":162,"column":48}},"locations":[{"start":{"line":161,"column":37},"end":{"line":162,"column":48}}]},"27":{"type":"branch","line":173,"loc":{"start":{"line":173,"column":37},"end":{"line":174,"column":48}},"locations":[{"start":{"line":173,"column":37},"end":{"line":174,"column":48}}]},"28":{"type":"branch","line":185,"loc":{"start":{"line":185,"column":39},"end":{"line":186,"column":48}},"locations":[{"start":{"line":185,"column":39},"end":{"line":186,"column":48}}]}},"b":{"0":[26],"1":[5],"2":[21],"3":[4],"4":[2],"5":[1],"6":[1],"7":[1],"8":[7],"9":[6],"10":[0],"11":[1],"12":[5],"13":[3],"14":[1],"15":[2],"16":[0],"17":[1],"18":[3],"19":[2],"20":[0],"21":[1],"22":[0],"23":[0],"24":[0],"25":[1],"26":[2],"27":[2],"28":[1]},"fnMap":{"0":{"name":"AudioUploader","decl":{"start":{"line":17,"column":0},"end":{"line":193,"column":1}},"loc":{"start":{"line":17,"column":0},"end":{"line":193,"column":1}},"line":17},"1":{"name":"handleFileChange","decl":{"start":{"line":32,"column":29},"end":{"line":35,"column":6}},"loc":{"start":{"line":32,"column":29},"end":{"line":35,"column":6}},"line":32},"2":{"name":"uploadAudio","decl":{"start":{"line":42,"column":24},"end":{"line":85,"column":6}},"loc":{"start":{"line":42,"column":24},"end":{"line":85,"column":6}},"line":42},"3":{"name":"summarizeTranscript","decl":{"start":{"line":92,"column":32},"end":{"line":114,"column":6}},"loc":{"start":{"line":92,"column":32},"end":{"line":114,"column":6}},"line":92}},"f":{"0":26,"1":7,"2":6,"3":2}}
,"C:\\Users\\bandi\\meeting-summary-dashboard\\frontend\\src\\components\\CalendarEventForm.jsx": {"path":"C:\\Users\\bandi\\meeting-summary-dashboard\\frontend\\src\\components\\CalendarEventForm.jsx","all":false,"statementMap":{"11":{"start":{"line":12,"column":0},"end":{"line":12,"column":40}},"12":{"start":{"line":13,"column":0},"end":{"line":13,"column":26}},"20":{"start":{"line":21,"column":0},"end":{"line":21,"column":33}},"22":{"start":{"line":23,"column":0},"end":{"line":23,"column":38}},"23":{"start":{"line":24,"column":0},"end":{"line":24,"column":18}},"24":{"start":{"line":25,"column":0},"end":{"line":25,"column":24}},"25":{"start":{"line":26,"column":0},"end":{"line":26,"column":17}},"26":{"start":{"line":27,"column":0},"end":{"line":27,"column":17}},"27":{"start":{"line":28,"column":0},"end":{"line":28,"column":24}},"28":{"start":{"line":29,"column":0},"end":{"line":29,"column":7}},"30":{"start":{"line":31,"column":0},"end":{"line":31,"column":47}},"32":{"start":{"line":33,"column":0},"end":{"line":33,"column":43}},"34":{"start":{"line":35,"column":0},"end":{"line":35,"column":50}},"41":{"start":{"line":42,"column":0},"end":{"line":42,"column":33}},"42":{"start":{"line":43,"column":0},"end":{"line":43,"column":62}},"43":{"start":{"line":44,"column":0},"end":{"line":44,"column":21}},"44":{"start":{"line":45,"column":0},"end":{"line":45,"column":23}},"45":{"start":{"line":46,"column":0},"end":{"line":46,"column":6}},"52":{"start":{"line":53,"column":0},"end":{"line":53,"column":39}},"53":{"start":{"line":54,"column":0},"end":{"line":54,"column":27}},"54":{"start":{"line":55,"column":0},"end":{"line":55,"column":25}},"55":{"start":{"line":56,"column":0},"end":{"line":56,"column":23}},"56":{"start":{"line":57,"column":0},"end":{"line":57,"column":21}},"57":{"start":{"line":58,"column":0},"end":{"line":58,"column":13}},"59":{"start":{"line":60,"column":0},"end":{"line":60,"column":73}},"60":{"start":{"line":61,"column":0},"end":{"line":61,"column":24}},"61":{"start":{"line":62,"column":0},"end":{"line":62,"column":15}},"62":{"start":{"line":63,"column":0},"end":{"line":63,"column":54}},"63":{"start":{"line":64,"column":0},"end":{"line":64,"column":21}},"64":{"start":{"line":65,"column":0},"end":{"line":65,"column":26}},"65":{"start":{"line":66,"column":0},"end":{"line":66,"column":32}},"66":{"start":{"line":67,"column":0},"end":{"line":67,"column":25}},"67":{"start":{"line":68,"column":0},"end":{"line":68,"column":25}},"68":{"start":{"line":69,"column":0},"end":{"line":69,"column":32}},"69":{"start":{"line":70,"column":0},"end":{"line":70,"column":15}},"70":{"start":{"line":71,"column":0},"end":{"line":71,"column":23}},"72":{"start":{"line":73,"column":0},"end":{"line":73,"column":44}},"73":{"start":{"line":74,"column":0},"end":{"line":74,"column":50}},"74":{"start":{"line":75,"column":0},"end":{"line":75,"column":37}},"75":{"start":{"line":76,"column":0},"end":{"line":76,"column":38}},"76":{"start":{"line":77,"column":0},"end":{"line":77,"column":20}},"77":{"start":{"line":78,"column":0},"end":{"line":78,"column":51}},"78":{"start":{"line":79,"column":0},"end":{"line":79,"column":13}},"79":{"start":{"line":80,"column":0},"end":{"line":80,"column":19}},"80":{"start":{"line":81,"column":0},"end":{"line":81,"column":30}},"81":{"start":{"line":82,"column":0},"end":{"line":82,"column":9}},"82":{"start":{"line":83,"column":0},"end":{"line":83,"column":6}},"85":{"start":{"line":86,"column":0},"end":{"line":86,"column":12}},"86":{"start":{"line":87,"column":0},"end":{"line":87,"column":73}},"87":{"start":{"line":88,"column":0},"end":{"line":88,"column":81}},"88":{"start":{"line":89,"column":0},"end":{"line":89,"column":64}},"89":{"start":{"line":90,"column":0},"end":{"line":90,"column":21}},"90":{"start":{"line":91,"column":0},"end":{"line":91,"column":73}},"92":{"start":{"line":93,"column":0},"end":{"line":93,"column":28}},"93":{"start":{"line":94,"column":0},"end":{"line":94,"column":26}},"94":{"start":{"line":95,"column":0},"end":{"line":95,"column":34}},"95":{"start":{"line":96,"column":0},"end":{"line":96,"column":36}},"96":{"start":{"line":97,"column":0},"end":{"line":97,"column":61}},"97":{"start":{"line":98,"column":0},"end":{"line":98,"column":43}},"98":{"start":{"line":99,"column":0},"end":{"line":99,"column":42}},"99":{"start":{"line":100,"column":0},"end":{"line":100,"column":47}},"100":{"start":{"line":101,"column":0},"end":{"line":101,"column":32}},"101":{"start":{"line":102,"column":0},"end":{"line":102,"column":22}},"102":{"start":{"line":103,"column":0},"end":{"line":103,"column":22}},"103":{"start":{"line":104,"column":0},"end":{"line":104,"column":21}},"104":{"start":{"line":105,"column":0},"end":{"line":105,"column":79}},"106":{"start":{"line":107,"column":0},"end":{"line":107,"column":28}},"107":{"start":{"line":108,"column":0},"end":{"line":108,"column":29}},"108":{"start":{"line":109,"column":0},"end":{"line":109,"column":40}},"109":{"start":{"line":110,"column":0},"end":{"line":110,"column":42}},"110":{"start":{"line":111,"column":0},"end":{"line":111,"column":61}},"111":{"start":{"line":112,"column":0},"end":{"line":112,"column":49}},"112":{"start":{"line":113,"column":0},"end":{"line":113,"column":48}},"113":{"start":{"line":114,"column":0},"end":{"line":114,"column":47}},"114":{"start":{"line":115,"column":0},"end":{"line":115,"column":32}},"115":{"start":{"line":116,"column":0},"end":{"line":116,"column":22}},"116":{"start":{"line":117,"column":0},"end":{"line":117,"column":22}},"117":{"start":{"line":118,"column":0},"end":{"line":118,"column":21}},"118":{"start":{"line":119,"column":0},"end":{"line":119,"column":72}},"120":{"start":{"line":121,"column":0},"end":{"line":121,"column":28}},"121":{"start":{"line":122,"column":0},"end":{"line":122,"column":26}},"122":{"start":{"line":123,"column":0},"end":{"line":123,"column":33}},"123":{"start":{"line":124,"column":0},"end":{"line":124,"column":35}},"124":{"start":{"line":125,"column":0},"end":{"line":125,"column":61}},"125":{"start":{"line":126,"column":0},"end":{"line":126,"column":35}},"126":{"start":{"line":127,"column":0},"end":{"line":127,"column":42}},"127":{"start":{"line":128,"column":0},"end":{"line":128,"column":41}},"128":{"start":{"line":129,"column":0},"end":{"line":129,"column":47}},"129":{"start":{"line":130,"column":0},"end":{"line":130,"column":32}},"130":{"start":{"line":131,"column":0},"end":{"line":131,"column":22}},"131":{"start":{"line":132,"column":0},"end":{"line":132,"column":22}},"132":{"start":{"line":133,"column":0},"end":{"line":133,"column":21}},"133":{"start":{"line":134,"column":0},"end":{"line":134,"column":72}},"135":{"start":{"line":136,"column":0},"end":{"line":136,"column":28}},"136":{"start":{"line":137,"column":0},"end":{"line":137,"column":26}},"137":{"start":{"line":138,"column":0},"end":{"line":138,"column":33}},"138":{"start":{"line":139,"column":0},"end":{"line":139,"column":35}},"139":{"start":{"line":140,"column":0},"end":{"line":140,"column":61}},"140":{"start":{"line":141,"column":0},"end":{"line":141,"column":35}},"141":{"start":{"line":142,"column":0},"end":{"line":142,"column":42}},"142":{"start":{"line":143,"column":0},"end":{"line":143,"column":41}},"143":{"start":{"line":144,"column":0},"end":{"line":144,"column":47}},"144":{"start":{"line":145,"column":0},"end":{"line":145,"column":32}},"145":{"start":{"line":146,"column":0},"end":{"line":146,"column":22}},"146":{"start":{"line":147,"column":0},"end":{"line":147,"column":22}},"147":{"start":{"line":148,"column":0},"end":{"line":148,"column":21}},"148":{"start":{"line":149,"column":0},"end":{"line":149,"column":79}},"150":{"start":{"line":151,"column":0},"end":{"line":151,"column":28}},"151":{"start":{"line":152,"column":0},"end":{"line":152,"column":26}},"152":{"start":{"line":153,"column":0},"end":{"line":153,"column":40}},"153":{"start":{"line":154,"column":0},"end":{"line":154,"column":42}},"154":{"start":{"line":155,"column":0},"end":{"line":155,"column":61}},"155":{"start":{"line":156,"column":0},"end":{"line":156,"column":55}},"156":{"start":{"line":157,"column":0},"end":{"line":157,"column":48}},"157":{"start":{"line":158,"column":0},"end":{"line":158,"column":47}},"158":{"start":{"line":159,"column":0},"end":{"line":159,"column":32}},"159":{"start":{"line":160,"column":0},"end":{"line":160,"column":22}},"160":{"start":{"line":161,"column":0},"end":{"line":161,"column":22}},"161":{"start":{"line":162,"column":0},"end":{"line":162,"column":23}},"162":{"start":{"line":163,"column":0},"end":{"line":163,"column":90}},"163":{"start":{"line":164,"column":0},"end":{"line":164,"column":33}},"164":{"start":{"line":165,"column":0},"end":{"line":165,"column":38}},"166":{"start":{"line":167,"column":0},"end":{"line":167,"column":62}},"167":{"start":{"line":168,"column":0},"end":{"line":168,"column":25}},"168":{"start":{"line":169,"column":0},"end":{"line":169,"column":29}},"169":{"start":{"line":170,"column":0},"end":{"line":170,"column":81}},"170":{"start":{"line":171,"column":0},"end":{"line":171,"column":33}},"171":{"start":{"line":172,"column":0},"end":{"line":172,"column":24}},"173":{"start":{"line":174,"column":0},"end":{"line":174,"column":27}},"174":{"start":{"line":175,"column":0},"end":{"line":175,"column":78}},"175":{"start":{"line":176,"column":0},"end":{"line":176,"column":31}},"176":{"start":{"line":177,"column":0},"end":{"line":177,"column":24}},"178":{"start":{"line":179,"column":0},"end":{"line":179,"column":19}},"179":{"start":{"line":180,"column":0},"end":{"line":180,"column":14}},"181":{"start":{"line":182,"column":0},"end":{"line":182,"column":2}},"183":{"start":{"line":184,"column":0},"end":{"line":184,"column":33}}},"s":{"11":1,"12":1,"20":1,"22":41,"23":41,"24":41,"25":41,"26":41,"27":41,"28":41,"30":41,"32":41,"34":41,"41":41,"42":25,"43":25,"44":25,"45":25,"52":41,"53":5,"54":5,"55":5,"56":5,"57":5,"59":5,"60":5,"61":5,"62":1,"63":1,"64":1,"65":1,"66":1,"67":1,"68":1,"69":1,"70":5,"72":4,"73":2,"74":2,"75":2,"76":2,"77":0,"78":0,"79":5,"80":5,"81":5,"82":5,"85":41,"86":41,"87":41,"88":41,"89":41,"90":41,"92":41,"93":41,"94":41,"95":41,"96":41,"97":41,"98":41,"99":41,"100":41,"101":41,"102":41,"103":41,"104":41,"106":41,"107":41,"108":41,"109":41,"110":41,"111":41,"112":41,"113":41,"114":41,"115":41,"116":41,"117":41,"118":41,"120":41,"121":41,"122":41,"123":41,"124":41,"125":41,"126":41,"127":41,"128":41,"129":41,"130":41,"131":41,"132":41,"133":41,"135":41,"136":41,"137":41,"138":41,"139":41,"140":41,"141":41,"142":41,"143":41,"144":41,"145":41,"146":41,"147":41,"148":41,"150":41,"151":41,"152":41,"153":41,"154":41,"155":41,"156":41,"157":41,"158":41,"159":41,"160":41,"161":41,"162":41,"163":41,"164":41,"166":41,"167":41,"168":41,"169":1,"170":1,"171":1,"173":41,"174":4,"175":4,"176":4,"178":41,"179":41,"181":41,"183":1},"branchMap":{"0":{"type":"branch","line":21,"loc":{"start":{"line":21,"column":26},"end":{"line":182,"column":2}},"locations":[{"start":{"line":21,"column":26},"end":{"line":182,"column":2}}]},"1":{"type":"branch","line":167,"loc":{"start":{"line":167,"column":21},"end":{"line":167,"column":47}},"locations":[{"start":{"line":167,"column":21},"end":{"line":167,"column":47}}]},"2":{"type":"branch","line":167,"loc":{"start":{"line":167,"column":31},"end":{"line":167,"column":62}},"locations":[{"start":{"line":167,"column":31},"end":{"line":167,"column":62}}]},"3":{"type":"branch","line":169,"loc":{"start":{"line":169,"column":17},"end":{"line":172,"column":24}},"locations":[{"start":{"line":169,"column":17},"end":{"line":172,"column":24}}]},"4":{"type":"branch","line":174,"loc":{"start":{"line":174,"column":17},"end":{"line":177,"column":24}},"locations":[{"start":{"line":174,"column":17},"end":{"line":177,"column":24}}]},"5":{"type":"branch","line":42,"loc":{"start":{"line":42,"column":25},"end":{"line":46,"column":6}},"locations":[{"start":{"line":42,"column":25},"end":{"line":46,"column":6}}]},"6":{"type":"branch","line":53,"loc":{"start":{"line":53,"column":25},"end":{"line":83,"column":6}},"locations":[{"start":{"line":53,"column":25},"end":{"line":83,"column":6}}]},"7":{"type":"branch","line":62,"loc":{"start":{"line":62,"column":13},"end":{"line":71,"column":17}},"locations":[{"start":{"line":62,"column":13},"end":{"line":71,"column":17}}]},"8":{"type":"branch","line":71,"loc":{"start":{"line":71,"column":8},"end":{"line":80,"column":10}},"locations":[{"start":{"line":71,"column":8},"end":{"line":80,"column":10}}]},"9":{"type":"branch","line":73,"loc":{"start":{"line":73,"column":20},"end":{"line":73,"column":43}},"locations":[{"start":{"line":73,"column":20},"end":{"line":73,"column":43}}]},"10":{"type":"branch","line":73,"loc":{"start":{"line":73,"column":43},"end":{"line":79,"column":13}},"locations":[{"start":{"line":73,"column":43},"end":{"line":79,"column":13}}]},"11":{"type":"branch","line":77,"loc":{"start":{"line":77,"column":12},"end":{"line":79,"column":13}},"locations":[{"start":{"line":77,"column":12},"end":{"line":79,"column":13}}]}},"b":{"0":[41],"1":[5],"2":[36],"3":[1],"4":[4],"5":[25],"6":[5],"7":[1],"8":[4],"9":[2],"10":[2],"11":[0]},"fnMap":{"0":{"name":"CalendarEventForm","decl":{"start":{"line":21,"column":26},"end":{"line":182,"column":2}},"loc":{"start":{"line":21,"column":26},"end":{"line":182,"column":2}},"line":21},"1":{"name":"handleChange","decl":{"start":{"line":42,"column":25},"end":{"line":46,"column":6}},"loc":{"start":{"line":42,"column":25},"end":{"line":46,"column":6}},"line":42},"2":{"name":"handleSubmit","decl":{"start":{"line":53,"column":25},"end":{"line":83,"column":6}},"loc":{"start":{"line":53,"column":25},"end":{"line":83,"column":6}},"line":53}},"f":{"0":41,"1":25,"2":5}}
,"C:\\Users\\bandi\\meeting-summary-dashboard\\frontend\\src\\components\\DecisionsPanel.jsx": {"path":"C:\\Users\\bandi\\meeting-summary-dashboard\\frontend\\src\\components\\DecisionsPanel.jsx","all":false,"statementMap":{"13":{"start":{"line":14,"column":0},"end":{"line":14,"column":55}},"15":{"start":{"line":16,"column":0},"end":{"line":16,"column":39}},"17":{"start":{"line":18,"column":0},"end":{"line":18,"column":12}},"18":{"start":{"line":19,"column":0},"end":{"line":19,"column":13}},"19":{"start":{"line":20,"column":0},"end":{"line":20,"column":66}},"20":{"start":{"line":21,"column":0},"end":{"line":21,"column":58}},"21":{"start":{"line":22,"column":0},"end":{"line":22,"column":63}},"22":{"start":{"line":23,"column":0},"end":{"line":23,"column":17}},"23":{"start":{"line":24,"column":0},"end":{"line":24,"column":14}},"25":{"start":{"line":26,"column":0},"end":{"line":26,"column":1}}},"s":{"13":22,"15":22,"17":13,"18":13,"19":13,"20":13,"21":13,"22":13,"23":13,"25":13},"branchMap":{"0":{"type":"branch","line":14,"loc":{"start":{"line":14,"column":0},"end":{"line":26,"column":1}},"locations":[{"start":{"line":14,"column":0},"end":{"line":26,"column":1}}]},"1":{"type":"branch","line":16,"loc":{"start":{"line":16,"column":27},"end":{"line":26,"column":1}},"locations":[{"start":{"line":16,"column":27},"end":{"line":26,"column":1}}]},"2":{"type":"branch","line":16,"loc":{"start":{"line":16,"column":27},"end":{"line":16,"column":39}},"locations":[{"start":{"line":16,"column":27},"end":{"line":16,"column":39}}]},"3":{"type":"branch","line":16,"loc":{"start":{"line":16,"column":34},"end":{"line":26,"column":1}},"locations":[{"start":{"line":16,"column":34},"end":{"line":26,"column":1}}]},"4":{"type":"branch","line":22,"loc":{"start":{"line":22,"column":31},"end":{"line":22,"column":61}},"locations":[{"start":{"line":22,"column":31},"end":{"line":22,"column":61}}]}},"b":{"0":[22],"1":[21],"2":[9],"3":[13],"4":[15]},"fnMap":{"0":{"name":"DecisionsPanel","decl":{"start":{"line":14,"column":0},"end":{"line":26,"column":1}},"loc":{"start":{"line":14,"column":0},"end":{"line":26,"column":1}},"line":14}},"f":{"0":22}}
,"C:\\Users\\bandi\\meeting-summary-dashboard\\frontend\\src\\components\\ErrorBoundary.jsx": {"path":"C:\\Users\\bandi\\meeting-summary-dashboard\\frontend\\src\\components\\ErrorBoundary.jsx","all":false,"statementMap":{"11":{"start":{"line":12,"column":0},"end":{"line":12,"column":26}},"22":{"start":{"line":23,"column":0},"end":{"line":23,"column":45}},"23":{"start":{"line":24,"column":0},"end":{"line":24,"column":22}},"24":{"start":{"line":25,"column":0},"end":{"line":25,"column":19}},"26":{"start":{"line":27,"column":0},"end":{"line":27,"column":50}},"27":{"start":{"line":28,"column":0},"end":{"line":28,"column":3}},"35":{"start":{"line":36,"column":0},"end":{"line":36,"column":42}},"36":{"start":{"line":37,"column":0},"end":{"line":37,"column":37}},"37":{"start":{"line":38,"column":0},"end":{"line":38,"column":3}},"45":{"start":{"line":46,"column":0},"end":{"line":46,"column":39}},"46":{"start":{"line":47,"column":0},"end":{"line":47,"column":71}},"47":{"start":{"line":48,"column":0},"end":{"line":48,"column":3}},"53":{"start":{"line":54,"column":0},"end":{"line":54,"column":12}},"54":{"start":{"line":55,"column":0},"end":{"line":55,"column":32}},"56":{"start":{"line":57,"column":0},"end":{"line":57,"column":14}},"57":{"start":{"line":58,"column":0},"end":{"line":58,"column":74}},"58":{"start":{"line":59,"column":0},"end":{"line":59,"column":72}},"59":{"start":{"line":60,"column":0},"end":{"line":60,"column":14}},"61":{"start":{"line":62,"column":0},"end":{"line":62,"column":5}},"63":{"start":{"line":64,"column":0},"end":{"line":64,"column":31}},"64":{"start":{"line":65,"column":0},"end":{"line":65,"column":3}},"65":{"start":{"line":66,"column":0},"end":{"line":66,"column":1}},"67":{"start":{"line":68,"column":0},"end":{"line":68,"column":29}}},"s":{"11":1,"22":1,"23":1,"24":16,"26":16,"27":16,"35":1,"36":2,"37":2,"45":1,"46":1,"47":1,"53":1,"54":23,"56":2,"57":2,"58":2,"59":2,"61":2,"63":21,"64":23,"65":1,"67":1},"branchMap":{"0":{"type":"branch","line":24,"loc":{"start":{"line":24,"column":2},"end":{"line":28,"column":3}},"locations":[{"start":{"line":24,"column":2},"end":{"line":28,"column":3}}]},"1":{"type":"branch","line":36,"loc":{"start":{"line":36,"column":9},"end":{"line":38,"column":3}},"locations":[{"start":{"line":36,"column":9},"end":{"line":38,"column":3}}]},"2":{"type":"branch","line":46,"loc":{"start":{"line":46,"column":2},"end":{"line":48,"column":3}},"locations":[{"start":{"line":46,"column":2},"end":{"line":48,"column":3}}]},"3":{"type":"branch","line":54,"loc":{"start":{"line":54,"column":2},"end":{"line":65,"column":3}},"locations":[{"start":{"line":54,"column":2},"end":{"line":65,"column":3}}]},"4":{"type":"branch","line":55,"loc":{"start":{"line":55,"column":31},"end":{"line":64,"column":31}},"locations":[{"start":{"line":55,"column":31},"end":{"line":64,"column":31}}]},"5":{"type":"branch","line":55,"loc":{"start":{"line":55,"column":31},"end":{"line":62,"column":5}},"locations":[{"start":{"line":55,"column":31},"end":{"line":62,"column":5}}]},"6":{"type":"branch","line":59,"loc":{"start":{"line":59,"column":45},"end":{"line":59,"column":72}},"locations":[{"start":{"line":59,"column":45},"end":{"line":59,"column":72}}]}},"b":{"0":[16],"1":[2],"2":[1],"3":[23],"4":[21],"5":[2],"6":[0]},"fnMap":{"0":{"name":"ErrorBoundary","decl":{"start":{"line":24,"column":2},"end":{"line":28,"column":3}},"loc":{"start":{"line":24,"column":2},"end":{"line":28,"column":3}},"line":24},"1":{"name":"getDerivedStateFromError","decl":{"start":{"line":36,"column":9},"end":{"line":38,"column":3}},"loc":{"start":{"line":36,"column":9},"end":{"line":38,"column":3}},"line":36},"2":{"name":"componentDidCatch","decl":{"start":{"line":46,"column":2},"end":{"line":48,"column":3}},"loc":{"start":{"line":46,"column":2},"end":{"line":48,"column":3}},"line":46},"3":{"name":"render","decl":{"start":{"line":54,"column":2},"end":{"line":65,"column":3}},"loc":{"start":{"line":54,"column":2},"end":{"line":65,"column":3}},"line":54}},"f":{"0":16,"1":2,"2":1,"3":23}}
,"C:\\Users\\bandi\\meeting-summary-dashboard\\frontend\\src\\components\\NextcloudConnect.jsx": {"path":"C:\\Users\\bandi\\meeting-summary-dashboard\\frontend\\src\\components\\NextcloudConnect.jsx","all":false,"statementMap":{"15":{"start":{"line":16,"column":0},"end":{"line":16,"column":44}},"21":{"start":{"line":22,"column":0},"end":{"line":22,"column":42}},"23":{"start":{"line":24,"column":0},"end":{"line":24,"column":71}},"24":{"start":{"line":25,"column":0},"end":{"line":25,"column":6}},"25":{"start":{"line":26,"column":0},"end":{"line":26,"column":12}},"26":{"start":{"line":27,"column":0},"end":{"line":27,"column":15}},"27":{"start":{"line":28,"column":0},"end":{"line":28,"column":44}},"28":{"start":{"line":29,"column":0},"end":{"line":29,"column":87}},"29":{"start":{"line":30,"column":0},"end":{"line":30,"column":9}},"31":{"start":{"line":32,"column":0},"end":{"line":32,"column":17}},"33":{"start":{"line":34,"column":0},"end":{"line":34,"column":1}}},"s":{"15":21,"21":21,"23":3,"24":3,"25":21,"26":21,"27":21,"28":21,"29":21,"31":21,"33":21},"branchMap":{"0":{"type":"branch","line":16,"loc":{"start":{"line":16,"column":0},"end":{"line":34,"column":1}},"locations":[{"start":{"line":16,"column":0},"end":{"line":34,"column":1}}]},"1":{"type":"branch","line":22,"loc":{"start":{"line":22,"column":35},"end":{"line":25,"column":6}},"locations":[{"start":{"line":22,"column":35},"end":{"line":25,"column":6}}]}},"b":{"0":[21],"1":[3]},"fnMap":{"0":{"name":"NextcloudConnect","decl":{"start":{"line":16,"column":0},"end":{"line":34,"column":1}},"loc":{"start":{"line":16,"column":0},"end":{"line":34,"column":1}},"line":16},"1":{"name":"handleNextcloudConnect","decl":{"start":{"line":22,"column":35},"end":{"line":25,"column":6}},"loc":{"start":{"line":22,"column":35},"end":{"line":25,"column":6}},"line":22}},"f":{"0":21,"1":3}}
,"C:\\Users\\bandi\\meeting-summary-dashboard\\frontend\\src\\components\\ReviewPanel.jsx": {"path":"C:\\Users\\bandi\\meeting-summary-dashboard\\frontend\\src\\components\\ReviewPanel.jsx","all":false,"statementMap":{"38":{"start":{"line":39,"column":0},"end":{"line":39,"column":40}},"39":{"start":{"line":40,"column":0},"end":{"line":40,"column":26}},"41":{"start":{"line":42,"column":0},"end":{"line":42,"column":50}},"43":{"start":{"line":44,"column":0},"end":{"line":44,"column":87}},"44":{"start":{"line":45,"column":0},"end":{"line":45,"column":50}},"50":{"start":{"line":51,"column":0},"end":{"line":51,"column":27}},"51":{"start":{"line":52,"column":0},"end":{"line":52,"column":43}},"52":{"start":{"line":53,"column":0},"end":{"line":53,"column":17}},"53":{"start":{"line":54,"column":0},"end":{"line":54,"column":64}},"54":{"start":{"line":55,"column":0},"end":{"line":55,"column":33}},"55":{"start":{"line":56,"column":0},"end":{"line":56,"column":31}},"56":{"start":{"line":57,"column":0},"end":{"line":57,"column":31}},"57":{"start":{"line":58,"column":0},"end":{"line":58,"column":38}},"58":{"start":{"line":59,"column":0},"end":{"line":59,"column":12}},"59":{"start":{"line":60,"column":0},"end":{"line":60,"column":85}},"61":{"start":{"line":62,"column":0},"end":{"line":62,"column":37}},"67":{"start":{"line":68,"column":0},"end":{"line":68,"column":55}},"68":{"start":{"line":69,"column":0},"end":{"line":69,"column":50}},"69":{"start":{"line":70,"column":0},"end":{"line":70,"column":62}},"70":{"start":{"line":71,"column":0},"end":{"line":71,"column":10}},"71":{"start":{"line":72,"column":0},"end":{"line":72,"column":28}},"72":{"start":{"line":73,"column":0},"end":{"line":73,"column":6}},"81":{"start":{"line":82,"column":0},"end":{"line":82,"column":40}},"82":{"start":{"line":83,"column":0},"end":{"line":83,"column":25}},"83":{"start":{"line":84,"column":0},"end":{"line":84,"column":30}},"84":{"start":{"line":85,"column":0},"end":{"line":85,"column":13}},"86":{"start":{"line":87,"column":0},"end":{"line":87,"column":38}},"87":{"start":{"line":88,"column":0},"end":{"line":88,"column":70}},"88":{"start":{"line":89,"column":0},"end":{"line":89,"column":27}},"89":{"start":{"line":90,"column":0},"end":{"line":90,"column":64}},"90":{"start":{"line":91,"column":0},"end":{"line":91,"column":61}},"91":{"start":{"line":92,"column":0},"end":{"line":92,"column":75}},"92":{"start":{"line":93,"column":0},"end":{"line":93,"column":90}},"93":{"start":{"line":94,"column":0},"end":{"line":94,"column":28}},"94":{"start":{"line":95,"column":0},"end":{"line":95,"column":38}},"95":{"start":{"line":96,"column":0},"end":{"line":96,"column":57}},"96":{"start":{"line":97,"column":0},"end":{"line":97,"column":50}},"97":{"start":{"line":98,"column":0},"end":{"line":98,"column":37}},"98":{"start":{"line":99,"column":0},"end":{"line":99,"column":39}},"99":{"start":{"line":100,"column":0},"end":{"line":100,"column":22}},"100":{"start":{"line":101,"column":0},"end":{"line":101,"column":19}},"102":{"start":{"line":103,"column":0},"end":{"line":103,"column":112}},"103":{"start":{"line":104,"column":0},"end":{"line":104,"column":47}},"104":{"start":{"line":105,"column":0},"end":{"line":105,"column":45}},"105":{"start":{"line":106,"column":0},"end":{"line":106,"column":20}},"106":{"start":{"line":107,"column":0},"end":{"line":107,"column":43}},"107":{"start":{"line":108,"column":0},"end":{"line":108,"column":13}},"108":{"start":{"line":109,"column":0},"end":{"line":109,"column":23}},"109":{"start":{"line":110,"column":0},"end":{"line":110,"column":39}},"110":{"start":{"line":111,"column":0},"end":{"line":111,"column":19}},"111":{"start":{"line":112,"column":0},"end":{"line":112,"column":30}},"112":{"start":{"line":113,"column":0},"end":{"line":113,"column":9}},"113":{"start":{"line":114,"column":0},"end":{"line":114,"column":6}},"116":{"start":{"line":117,"column":0},"end":{"line":117,"column":43}},"117":{"start":{"line":118,"column":0},"end":{"line":118,"column":16}},"118":{"start":{"line":119,"column":0},"end":{"line":119,"column":95}},"120":{"start":{"line":121,"column":0},"end":{"line":121,"column":18}},"122":{"start":{"line":123,"column":0},"end":{"line":123,"column":5}},"124":{"start":{"line":125,"column":0},"end":{"line":125,"column":12}},"125":{"start":{"line":126,"column":0},"end":{"line":126,"column":13}},"126":{"start":{"line":127,"column":0},"end":{"line":127,"column":46}},"127":{"start":{"line":128,"column":0},"end":{"line":128,"column":148}},"129":{"start":{"line":130,"column":0},"end":{"line":130,"column":22}},"131":{"start":{"line":132,"column":0},"end":{"line":132,"column":44}},"132":{"start":{"line":133,"column":0},"end":{"line":133,"column":141}},"134":{"start":{"line":135,"column":0},"end":{"line":135,"column":22}},"136":{"start":{"line":137,"column":0},"end":{"line":137,"column":39}},"137":{"start":{"line":138,"column":0},"end":{"line":138,"column":47}},"138":{"start":{"line":139,"column":0},"end":{"line":139,"column":51}},"139":{"start":{"line":140,"column":0},"end":{"line":140,"column":49}},"140":{"start":{"line":141,"column":0},"end":{"line":141,"column":49}},"141":{"start":{"line":142,"column":0},"end":{"line":142,"column":57}},"142":{"start":{"line":143,"column":0},"end":{"line":143,"column":28}},"143":{"start":{"line":144,"column":0},"end":{"line":144,"column":86}},"145":{"start":{"line":146,"column":0},"end":{"line":146,"column":139}},"146":{"start":{"line":147,"column":0},"end":{"line":147,"column":45}},"147":{"start":{"line":148,"column":0},"end":{"line":148,"column":34}},"148":{"start":{"line":149,"column":0},"end":{"line":149,"column":50}},"149":{"start":{"line":150,"column":0},"end":{"line":150,"column":119}},"150":{"start":{"line":151,"column":0},"end":{"line":151,"column":38}},"151":{"start":{"line":152,"column":0},"end":{"line":152,"column":48}},"152":{"start":{"line":153,"column":0},"end":{"line":153,"column":172}},"153":{"start":{"line":154,"column":0},"end":{"line":154,"column":55}},"154":{"start":{"line":155,"column":0},"end":{"line":155,"column":47}},"155":{"start":{"line":156,"column":0},"end":{"line":156,"column":62}},"156":{"start":{"line":157,"column":0},"end":{"line":157,"column":100}},"157":{"start":{"line":158,"column":0},"end":{"line":158,"column":34}},"158":{"start":{"line":159,"column":0},"end":{"line":159,"column":34}},"159":{"start":{"line":160,"column":0},"end":{"line":160,"column":61}},"160":{"start":{"line":161,"column":0},"end":{"line":161,"column":56}},"161":{"start":{"line":162,"column":0},"end":{"line":162,"column":121}},"162":{"start":{"line":163,"column":0},"end":{"line":163,"column":42}},"163":{"start":{"line":164,"column":0},"end":{"line":164,"column":51}},"164":{"start":{"line":165,"column":0},"end":{"line":165,"column":148}},"165":{"start":{"line":166,"column":0},"end":{"line":166,"column":51}},"166":{"start":{"line":167,"column":0},"end":{"line":167,"column":65}},"167":{"start":{"line":168,"column":0},"end":{"line":168,"column":103}},"168":{"start":{"line":169,"column":0},"end":{"line":169,"column":38}},"169":{"start":{"line":170,"column":0},"end":{"line":170,"column":38}},"170":{"start":{"line":171,"column":0},"end":{"line":171,"column":56}},"171":{"start":{"line":172,"column":0},"end":{"line":172,"column":121}},"172":{"start":{"line":173,"column":0},"end":{"line":173,"column":42}},"173":{"start":{"line":174,"column":0},"end":{"line":174,"column":51}},"174":{"start":{"line":175,"column":0},"end":{"line":175,"column":148}},"175":{"start":{"line":176,"column":0},"end":{"line":176,"column":51}},"176":{"start":{"line":177,"column":0},"end":{"line":177,"column":65}},"177":{"start":{"line":178,"column":0},"end":{"line":178,"column":103}},"178":{"start":{"line":179,"column":0},"end":{"line":179,"column":38}},"179":{"start":{"line":180,"column":0},"end":{"line":180,"column":38}},"180":{"start":{"line":181,"column":0},"end":{"line":181,"column":56}},"181":{"start":{"line":182,"column":0},"end":{"line":182,"column":135}},"182":{"start":{"line":183,"column":0},"end":{"line":183,"column":42}},"183":{"start":{"line":184,"column":0},"end":{"line":184,"column":55}},"184":{"start":{"line":185,"column":0},"end":{"line":185,"column":148}},"185":{"start":{"line":186,"column":0},"end":{"line":186,"column":53}},"186":{"start":{"line":187,"column":0},"end":{"line":187,"column":47}},"187":{"start":{"line":188,"column":0},"end":{"line":188,"column":49}},"188":{"start":{"line":189,"column":0},"end":{"line":189,"column":48}},"189":{"start":{"line":190,"column":0},"end":{"line":190,"column":69}},"190":{"start":{"line":191,"column":0},"end":{"line":191,"column":107}},"191":{"start":{"line":192,"column":0},"end":{"line":192,"column":72}},"192":{"start":{"line":193,"column":0},"end":{"line":193,"column":66}},"193":{"start":{"line":194,"column":0},"end":{"line":194,"column":38}},"194":{"start":{"line":195,"column":0},"end":{"line":195,"column":38}},"195":{"start":{"line":196,"column":0},"end":{"line":196,"column":34}},"196":{"start":{"line":197,"column":0},"end":{"line":197,"column":69}},"197":{"start":{"line":198,"column":0},"end":{"line":198,"column":38}},"198":{"start":{"line":199,"column":0},"end":{"line":199,"column":68}},"199":{"start":{"line":200,"column":0},"end":{"line":200,"column":51}},"200":{"start":{"line":201,"column":0},"end":{"line":201,"column":71}},"201":{"start":{"line":202,"column":0},"end":{"line":202,"column":98}},"202":{"start":{"line":203,"column":0},"end":{"line":203,"column":104}},"203":{"start":{"line":204,"column":0},"end":{"line":204,"column":34}},"204":{"start":{"line":205,"column":0},"end":{"line":205,"column":90}},"205":{"start":{"line":206,"column":0},"end":{"line":206,"column":34}},"206":{"start":{"line":207,"column":0},"end":{"line":207,"column":30}},"208":{"start":{"line":209,"column":0},"end":{"line":209,"column":19}},"209":{"start":{"line":210,"column":0},"end":{"line":210,"column":18}},"210":{"start":{"line":211,"column":0},"end":{"line":211,"column":19}},"211":{"start":{"line":212,"column":0},"end":{"line":212,"column":194}},"212":{"start":{"line":213,"column":0},"end":{"line":213,"column":40}},"213":{"start":{"line":214,"column":0},"end":{"line":214,"column":34}},"215":{"start":{"line":216,"column":0},"end":{"line":216,"column":65}},"216":{"start":{"line":217,"column":0},"end":{"line":217,"column":21}},"217":{"start":{"line":218,"column":0},"end":{"line":218,"column":14}},"219":{"start":{"line":220,"column":0},"end":{"line":220,"column":2}},"221":{"start":{"line":222,"column":0},"end":{"line":222,"column":27}}},"s":{"38":1,"39":1,"41":1,"43":35,"44":35,"50":35,"51":17,"52":26,"53":26,"54":26,"55":26,"56":26,"57":26,"58":17,"59":17,"61":35,"67":35,"68":2,"69":4,"70":2,"71":2,"72":2,"81":35,"82":6,"83":6,"84":6,"86":6,"87":6,"88":6,"89":1,"90":1,"91":1,"92":1,"93":1,"94":1,"95":1,"96":1,"97":1,"98":1,"99":1,"100":6,"102":6,"103":6,"104":2,"105":2,"106":1,"107":1,"108":6,"109":3,"110":6,"111":6,"112":6,"113":6,"116":35,"117":1,"118":1,"120":1,"122":1,"124":34,"125":34,"126":34,"127":2,"129":2,"131":35,"132":4,"134":4,"136":35,"137":35,"138":50,"139":50,"140":50,"141":50,"142":50,"143":50,"145":50,"146":50,"147":50,"148":50,"149":50,"150":50,"151":50,"152":50,"153":50,"154":50,"155":50,"156":50,"157":50,"158":50,"159":50,"160":50,"161":50,"162":50,"163":50,"164":50,"165":50,"166":50,"167":50,"168":50,"169":50,"170":50,"171":50,"172":50,"173":50,"174":50,"175":50,"176":50,"177":50,"178":50,"179":50,"180":50,"181":50,"182":50,"183":50,"184":50,"185":50,"186":50,"187":50,"188":50,"189":50,"190":50,"191":50,"192":50,"193":50,"194":50,"195":50,"196":50,"197":50,"198":50,"199":50,"200":50,"201":50,"202":50,"203":50,"204":50,"205":50,"206":50,"208":35,"209":35,"210":35,"211":35,"212":35,"213":35,"215":35,"216":35,"217":35,"219":35,"221":1},"branchMap":{"0":{"type":"branch","line":42,"loc":{"start":{"line":42,"column":20},"end":{"line":220,"column":2}},"locations":[{"start":{"line":42,"column":20},"end":{"line":220,"column":2}}]},"1":{"type":"branch","line":117,"loc":{"start":{"line":117,"column":42},"end":{"line":123,"column":5}},"locations":[{"start":{"line":117,"column":42},"end":{"line":123,"column":5}}]},"2":{"type":"branch","line":123,"loc":{"start":{"line":123,"column":4},"end":{"line":127,"column":46}},"locations":[{"start":{"line":123,"column":4},"end":{"line":127,"column":46}}]},"3":{"type":"branch","line":127,"loc":{"start":{"line":127,"column":32},"end":{"line":130,"column":22}},"locations":[{"start":{"line":127,"column":32},"end":{"line":130,"column":22}}]},"4":{"type":"branch","line":132,"loc":{"start":{"line":132,"column":32},"end":{"line":135,"column":22}},"locations":[{"start":{"line":132,"column":32},"end":{"line":135,"column":22}}]},"5":{"type":"branch","line":216,"loc":{"start":{"line":216,"column":17},"end":{"line":216,"column":45}},"locations":[{"start":{"line":216,"column":17},"end":{"line":216,"column":45}}]},"6":{"type":"branch","line":216,"loc":{"start":{"line":216,"column":27},"end":{"line":216,"column":65}},"locations":[{"start":{"line":216,"column":27},"end":{"line":216,"column":65}}]},"7":{"type":"branch","line":51,"loc":{"start":{"line":51,"column":20},"end":{"line":62,"column":7}},"locations":[{"start":{"line":51,"column":20},"end":{"line":62,"column":7}}]},"8":{"type":"branch","line":60,"loc":{"start":{"line":60,"column":65},"end":{"line":60,"column":85}},"locations":[{"start":{"line":60,"column":65},"end":{"line":60,"column":85}}]},"9":{"type":"branch","line":52,"loc":{"start":{"line":52,"column":36},"end":{"line":59,"column":10}},"locations":[{"start":{"line":52,"column":36},"end":{"line":59,"column":10}}]},"10":{"type":"branch","line":54,"loc":{"start":{"line":54,"column":35},"end":{"line":54,"column":59}},"locations":[{"start":{"line":54,"column":35},"end":{"line":54,"column":59}}]},"11":{"type":"branch","line":54,"loc":{"start":{"line":54,"column":49},"end":{"line":54,"column":64}},"locations":[{"start":{"line":54,"column":49},"end":{"line":54,"column":64}}]},"12":{"type":"branch","line":55,"loc":{"start":{"line":55,"column":21},"end":{"line":55,"column":33}},"locations":[{"start":{"line":55,"column":21},"end":{"line":55,"column":33}}]},"13":{"type":"branch","line":56,"loc":{"start":{"line":56,"column":20},"end":{"line":56,"column":31}},"locations":[{"start":{"line":56,"column":20},"end":{"line":56,"column":31}}]},"14":{"type":"branch","line":57,"loc":{"start":{"line":57,"column":20},"end":{"line":57,"column":31}},"locations":[{"start":{"line":57,"column":20},"end":{"line":57,"column":31}}]},"15":{"type":"branch","line":58,"loc":{"start":{"line":58,"column":24},"end":{"line":58,"column":38}},"locations":[{"start":{"line":58,"column":24},"end":{"line":58,"column":38}}]},"16":{"type":"branch","line":68,"loc":{"start":{"line":68,"column":31},"end":{"line":73,"column":6}},"locations":[{"start":{"line":68,"column":31},"end":{"line":73,"column":6}}]},"17":{"type":"branch","line":69,"loc":{"start":{"line":69,"column":36},"end":{"line":70,"column":62}},"locations":[{"start":{"line":69,"column":36},"end":{"line":70,"column":62}}]},"18":{"type":"branch","line":70,"loc":{"start":{"line":70,"column":18},"end":{"line":70,"column":56}},"locations":[{"start":{"line":70,"column":18},"end":{"line":70,"column":56}}]},"19":{"type":"branch","line":70,"loc":{"start":{"line":70,"column":52},"end":{"line":70,"column":62}},"locations":[{"start":{"line":70,"column":52},"end":{"line":70,"column":62}}]},"20":{"type":"branch","line":82,"loc":{"start":{"line":82,"column":27},"end":{"line":114,"column":6}},"locations":[{"start":{"line":82,"column":27},"end":{"line":114,"column":6}}]},"21":{"type":"branch","line":103,"loc":{"start":{"line":103,"column":110},"end":{"line":104,"column":46}},"locations":[{"start":{"line":103,"column":110},"end":{"line":104,"column":46}}]},"22":{"type":"branch","line":104,"loc":{"start":{"line":104,"column":46},"end":{"line":108,"column":13}},"locations":[{"start":{"line":104,"column":46},"end":{"line":108,"column":13}}]},"23":{"type":"branch","line":106,"loc":{"start":{"line":106,"column":12},"end":{"line":108,"column":13}},"locations":[{"start":{"line":106,"column":12},"end":{"line":108,"column":13}}]},"24":{"type":"branch","line":109,"loc":{"start":{"line":109,"column":8},"end":{"line":111,"column":10}},"locations":[{"start":{"line":109,"column":8},"end":{"line":111,"column":10}}]},"25":{"type":"branch","line":88,"loc":{"start":{"line":88,"column":24},"end":{"line":88,"column":69}},"locations":[{"start":{"line":88,"column":24},"end":{"line":88,"column":69}}]},"26":{"type":"branch","line":88,"loc":{"start":{"line":88,"column":31},"end":{"line":88,"column":53}},"locations":[{"start":{"line":88,"column":31},"end":{"line":88,"column":53}}]},"27":{"type":"branch","line":88,"loc":{"start":{"line":88,"column":44},"end":{"line":88,"column":63}},"locations":[{"start":{"line":88,"column":44},"end":{"line":88,"column":63}}]},"28":{"type":"branch","line":88,"loc":{"start":{"line":88,"column":55},"end":{"line":88,"column":69}},"locations":[{"start":{"line":88,"column":55},"end":{"line":88,"column":69}}]},"29":{"type":"branch","line":89,"loc":{"start":{"line":89,"column":21},"end":{"line":101,"column":17}},"locations":[{"start":{"line":89,"column":21},"end":{"line":101,"column":17}}]},"30":{"type":"branch","line":92,"loc":{"start":{"line":92,"column":67},"end":{"line":92,"column":75}},"locations":[{"start":{"line":92,"column":67},"end":{"line":92,"column":75}}]},"31":{"type":"branch","line":138,"loc":{"start":{"line":138,"column":29},"end":{"line":209,"column":17}},"locations":[{"start":{"line":138,"column":29},"end":{"line":209,"column":17}}]},"32":{"type":"branch","line":156,"loc":{"start":{"line":156,"column":50},"end":{"line":156,"column":62}},"locations":[{"start":{"line":156,"column":50},"end":{"line":156,"column":62}}]},"33":{"type":"branch","line":167,"loc":{"start":{"line":167,"column":54},"end":{"line":167,"column":65}},"locations":[{"start":{"line":167,"column":54},"end":{"line":167,"column":65}}]},"34":{"type":"branch","line":177,"loc":{"start":{"line":177,"column":54},"end":{"line":177,"column":65}},"locations":[{"start":{"line":177,"column":54},"end":{"line":177,"column":65}}]},"35":{"type":"branch","line":190,"loc":{"start":{"line":190,"column":54},"end":{"line":190,"column":69}},"locations":[{"start":{"line":190,"column":54},"end":{"line":190,"column":69}}]},"36":{"type":"branch","line":202,"loc":{"start":{"line":202,"column":64},"end":{"line":202,"column":93}},"locations":[{"start":{"line":202,"column":64},"end":{"line":202,"column":93}}]},"37":{"type":"branch","line":202,"loc":{"start":{"line":202,"column":83},"end":{"line":202,"column"
[...]
,"C:\\Users\\bandi\\meeting-summary-dashboard\\frontend\\src\\components\\TranscriptPanel.jsx": {"path":"C:\\Users\\bandi\\meeting-summary-dashboard\\frontend\\src\\components\\TranscriptPanel.jsx","all":false,"statementMap":{"20":{"start":{"line":21,"column":0},"end":{"line":21,"column":69}},"22":{"start":{"line":23,"column":0},"end":{"line":23,"column":61}},"23":{"start":{"line":24,"column":0},"end":{"line":24,"column":12}},"24":{"start":{"line":25,"column":0},"end":{"line":25,"column":13}},"25":{"start":{"line":26,"column":0},"end":{"line":26,"column":67}},"27":{"start":{"line":28,"column":0},"end":{"line":28,"column":17}},"28":{"start":{"line":29,"column":0},"end":{"line":29,"column":135}},"29":{"start":{"line":30,"column":0},"end":{"line":30,"column":28}},"30":{"start":{"line":31,"column":0},"end":{"line":31,"column":18}},"31":{"start":{"line":32,"column":0},"end":{"line":32,"column":19}},"32":{"start":{"line":33,"column":0},"end":{"line":33,"column":73}},"33":{"start":{"line":34,"column":0},"end":{"line":34,"column":72}},"34":{"start":{"line":35,"column":0},"end":{"line":35,"column":13}},"36":{"start":{"line":37,"column":0},"end":{"line":37,"column":21}},"37":{"start":{"line":38,"column":0},"end":{"line":38,"column":14}},"39":{"start":{"line":40,"column":0},"end":{"line":40,"column":1}}},"s":{"20":22,"22":22,"23":14,"24":14,"25":14,"27":14,"28":14,"29":14,"30":14,"31":14,"32":14,"33":14,"34":14,"36":14,"37":14,"39":14},"branchMap":{"0":{"type":"branch","line":21,"loc":{"start":{"line":21,"column":0},"end":{"line":40,"column":1}},"locations":[{"start":{"line":21,"column":0},"end":{"line":40,"column":1}}]},"1":{"type":"branch","line":23,"loc":{"start":{"line":23,"column":9},"end":{"line":23,"column":49}},"locations":[{"start":{"line":23,"column":9},"end":{"line":23,"column":49}}]},"2":{"type":"branch","line":23,"loc":{"start":{"line":23,"column":49},"end":{"line":40,"column":1}},"locations":[{"start":{"line":23,"column":49},"end":{"line":40,"column":1}}]},"3":{"type":"branch","line":23,"loc":{"start":{"line":23,"column":49},"end":{"line":23,"column":61}},"locations":[{"start":{"line":23,"column":49},"end":{"line":23,"column":61}}]},"4":{"type":"branch","line":23,"loc":{"start":{"line":23,"column":56},"end":{"line":40,"column":1}},"locations":[{"start":{"line":23,"column":56},"end":{"line":40,"column":1}}]},"5":{"type":"branch","line":34,"loc":{"start":{"line":34,"column":25},"end":{"line":34,"column":72}},"locations":[{"start":{"line":34,"column":25},"end":{"line":34,"column":72}}]}},"b":{"0":[22],"1":[14],"2":[21],"3":[8],"4":[14],"5":[3]},"fnMap":{"0":{"name":"TranscriptPanel","decl":{"start":{"line":21,"column":0},"end":{"line":40,"column":1}},"loc":{"start":{"line":21,"column":0},"end":{"line":40,"column":1}},"line":21},"1":{"name":"onClick","decl":{"start":{"line":34,"column":25},"end":{"line":34,"column":72}},"loc":{"start":{"line":34,"column":25},"end":{"line":34,"column":72}},"line":34}},"f":{"0":22,"1":3}}
,"C:\\Users\\bandi\\meeting-summary-dashboard\\frontend\\src\\hooks\\UseMeetingState.jsx": {"path":"C:\\Users\\bandi\\meeting-summary-dashboard\\frontend\\src\\hooks\\UseMeetingState.jsx","all":false,"statementMap":{"11":{"start":{"line":12,"column":0},"end":{"line":12,"column":46}},"12":{"start":{"line":13,"column":0},"end":{"line":13,"column":26}},"20":{"start":{"line":21,"column":0},"end":{"line":21,"column":31}},"23":{"start":{"line":24,"column":0},"end":{"line":24,"column":53}},"25":{"start":{"line":26,"column":0},"end":{"line":26,"column":47}},"27":{"start":{"line":28,"column":0},"end":{"line":28,"column":47}},"29":{"start":{"line":30,"column":0},"end":{"line":30,"column":51}},"31":{"start":{"line":32,"column":0},"end":{"line":32,"column":54}},"33":{"start":{"line":34,"column":0},"end":{"line":34,"column":46}},"35":{"start":{"line":36,"column":0},"end":{"line":36,"column":60}},"42":{"start":{"line":43,"column":0},"end":{"line":43,"column":54}},"43":{"start":{"line":44,"column":0},"end":{"line":44,"column":27}},"44":{"start":{"line":45,"column":0},"end":{"line":45,"column":24}},"45":{"start":{"line":46,"column":0},"end":{"line":46,"column":44}},"46":{"start":{"line":47,"column":0},"end":{"line":47,"column":13}},"48":{"start":{"line":49,"column":0},"end":{"line":49,"column":44}},"49":{"start":{"line":50,"column":0},"end":{"line":50,"column":43}},"52":{"start":{"line":53,"column":0},"end":{"line":53,"column":95}},"53":{"start":{"line":54,"column":0},"end":{"line":54,"column":49}},"54":{"start":{"line":55,"column":0},"end":{"line":55,"column":38}},"55":{"start":{"line":56,"column":0},"end":{"line":56,"column":24}},"56":{"start":{"line":57,"column":0},"end":{"line":57,"column":23}},"58":{"start":{"line":59,"column":0},"end":{"line":59,"column":21}},"59":{"start":{"line":60,"column":0},"end":{"line":60,"column":71}},"60":{"start":{"line":61,"column":0},"end":{"line":61,"column":14}},"61":{"start":{"line":62,"column":0},"end":{"line":62,"column":58}},"62":{"start":{"line":63,"column":0},"end":{"line":63,"column":25}},"63":{"start":{"line":64,"column":0},"end":{"line":64,"column":19}},"64":{"start":{"line":65,"column":0},"end":{"line":65,"column":32}},"65":{"start":{"line":66,"column":0},"end":{"line":66,"column":9}},"66":{"start":{"line":67,"column":0},"end":{"line":67,"column":11}},"72":{"start":{"line":73,"column":0},"end":{"line":73,"column":55}},"74":{"start":{"line":75,"column":0},"end":{"line":75,"column":107}},"75":{"start":{"line":76,"column":0},"end":{"line":76,"column":87}},"76":{"start":{"line":77,"column":0},"end":{"line":77,"column":58}},"77":{"start":{"line":78,"column":0},"end":{"line":78,"column":19}},"78":{"start":{"line":79,"column":0},"end":{"line":79,"column":9}},"79":{"start":{"line":80,"column":0},"end":{"line":80,"column":27}},"80":{"start":{"line":81,"column":0},"end":{"line":81,"column":24}},"81":{"start":{"line":82,"column":0},"end":{"line":82,"column":13}},"83":{"start":{"line":84,"column":0},"end":{"line":84,"column":46}},"84":{"start":{"line":85,"column":0},"end":{"line":85,"column":53}},"85":{"start":{"line":86,"column":0},"end":{"line":86,"column":70}},"86":{"start":{"line":87,"column":0},"end":{"line":87,"column":67}},"87":{"start":{"line":88,"column":0},"end":{"line":88,"column":14}},"89":{"start":{"line":90,"column":0},"end":{"line":90,"column":66}},"90":{"start":{"line":91,"column":0},"end":{"line":91,"column":32}},"91":{"start":{"line":92,"column":0},"end":{"line":92,"column":32}},"92":{"start":{"line":93,"column":0},"end":{"line":93,"column":36}},"93":{"start":{"line":94,"column":0},"end":{"line":94,"column":23}},"95":{"start":{"line":96,"column":0},"end":{"line":96,"column":21}},"96":{"start":{"line":97,"column":0},"end":{"line":97,"column":44}},"97":{"start":{"line":98,"column":0},"end":{"line":98,"column":46}},"98":{"start":{"line":99,"column":0},"end":{"line":99,"column":45}},"99":{"start":{"line":100,"column":0},"end":{"line":100,"column":14}},"100":{"start":{"line":101,"column":0},"end":{"line":101,"column":63}},"101":{"start":{"line":102,"column":0},"end":{"line":102,"column":19}},"102":{"start":{"line":103,"column":0},"end":{"line":103,"column":32}},"103":{"start":{"line":104,"column":0},"end":{"line":104,"column":9}},"104":{"start":{"line":105,"column":0},"end":{"line":105,"column":21}},"110":{"start":{"line":111,"column":0},"end":{"line":111,"column":47}},"111":{"start":{"line":112,"column":0},"end":{"line":112,"column":26}},"112":{"start":{"line":113,"column":0},"end":{"line":113,"column":23}},"113":{"start":{"line":114,"column":0},"end":{"line":114,"column":23}},"114":{"start":{"line":115,"column":0},"end":{"line":115,"column":25}},"115":{"start":{"line":116,"column":0},"end":{"line":116,"column":29}},"116":{"start":{"line":117,"column":0},"end":{"line":117,"column":24}},"117":{"start":{"line":118,"column":0},"end":{"line":118,"column":11}},"120":{"start":{"line":121,"column":0},"end":{"line":121,"column":12}},"121":{"start":{"line":122,"column":0},"end":{"line":122,"column":19}},"122":{"start":{"line":123,"column":0},"end":{"line":123,"column":22}},"123":{"start":{"line":124,"column":0},"end":{"line":124,"column":16}},"124":{"start":{"line":125,"column":0},"end":{"line":125,"column":16}},"125":{"start":{"line":126,"column":0},"end":{"line":126,"column":19}},"126":{"start":{"line":127,"column":0},"end":{"line":127,"column":18}},"127":{"start":{"line":128,"column":0},"end":{"line":128,"column":18}},"128":{"start":{"line":129,"column":0},"end":{"line":129,"column":14}},"129":{"start":{"line":130,"column":0},"end":{"line":130,"column":23}},"130":{"start":{"line":131,"column":0},"end":{"line":131,"column":26}},"131":{"start":{"line":132,"column":0},"end":{"line":132,"column":21}},"132":{"start":{"line":133,"column":0},"end":{"line":133,"column":26}},"133":{"start":{"line":134,"column":0},"end":{"line":134,"column":24}},"134":{"start":{"line":135,"column":0},"end":{"line":135,"column":6}},"135":{"start":{"line":136,"column":0},"end":{"line":136,"column":2}},"137":{"start":{"line":138,"column":0},"end":{"line":138,"column":31}}},"s":{"11":1,"12":1,"20":1,"23":19,"25":19,"27":19,"29":19,"31":19,"33":19,"35":19,"42":19,"43":3,"44":3,"45":3,"46":3,"48":3,"49":3,"52":3,"53":1,"54":1,"55":1,"56":2,"58":2,"59":2,"60":2,"61":2,"62":2,"63":3,"64":3,"65":3,"66":19,"72":19,"74":2,"75":2,"76":0,"77":0,"78":0,"79":2,"80":2,"81":2,"83":2,"84":2,"85":2,"86":2,"87":2,"89":1,"90":1,"91":1,"92":1,"93":1,"95":1,"96":1,"97":1,"98":1,"99":1,"100":1,"101":2,"102":2,"103":2,"104":19,"110":19,"111":1,"112":1,"113":1,"114":1,"115":1,"116":1,"117":19,"120":19,"121":19,"122":19,"123":19,"124":19,"125":19,"126":19,"127":19,"128":19,"129":19,"130":19,"131":19,"132":19,"133":19,"134":19,"135":19,"137":1},"branchMap":{"0":{"type":"branch","line":21,"loc":{"start":{"line":21,"column":24},"end":{"line":136,"column":2}},"locations":[{"start":{"line":21,"column":24},"end":{"line":136,"column":2}}]},"1":{"type":"branch","line":43,"loc":{"start":{"line":43,"column":37},"end":{"line":67,"column":7}},"locations":[{"start":{"line":43,"column":37},"end":{"line":67,"column":7}}]},"2":{"type":"branch","line":53,"loc":{"start":{"line":53,"column":93},"end":{"line":64,"column":10}},"locations":[{"start":{"line":53,"column":93},"end":{"line":64,"column":10}}]},"3":{"type":"branch","line":53,"loc":{"start":{"line":53,"column":93},"end":{"line":57,"column":17}},"locations":[{"start":{"line":53,"column":93},"end":{"line":57,"column":17}}]},"4":{"type":"branch","line":60,"loc":{"start":{"line":60,"column":20},"end":{"line":60,"column":47}},"locations":[{"start":{"line":60,"column":20},"end":{"line":60,"column":47}}]},"5":{"type":"branch","line":64,"loc":{"start":{"line":64,"column":8},"end":{"line":64,"column":10}},"locations":[{"start":{"line":64,"column":8},"end":{"line":64,"column":10}}]},"6":{"type":"branch","line":46,"loc":{"start":{"line":46,"column":26},"end":{"line":46,"column":42}},"locations":[{"start":{"line":46,"column":26},"end":{"line":46,"column":42}}]},"7":{"type":"branch","line":73,"loc":{"start":{"line":73,"column":42},"end":{"line":105,"column":7}},"locations":[{"start":{"line":73,"column":42},"end":{"line":105,"column":7}}]},"8":{"type":"branch","line":76,"loc":{"start":{"line":76,"column":86},"end":{"line":79,"column":9}},"locations":[{"start":{"line":76,"column":86},"end":{"line":79,"column":9}}]},"9":{"type":"branch","line":88,"loc":{"start":{"line":88,"column":12},"end":{"line":102,"column":10}},"locations":[{"start":{"line":88,"column":12},"end":{"line":102,"column":10}}]},"10":{"type":"branch","line":97,"loc":{"start":{"line":97,"column":20},"end":{"line":97,"column":44}},"locations":[{"start":{"line":97,"column":20},"end":{"line":97,"column":44}}]},"11":{"type":"branch","line":98,"loc":{"start":{"line":98,"column":20},"end":{"line":98,"column":46}},"locations":[{"start":{"line":98,"column":20},"end":{"line":98,"column":46}}]},"12":{"type":"branch","line":111,"loc":{"start":{"line":111,"column":40},"end":{"line":118,"column":7}},"locations":[{"start":{"line":111,"column":40},"end":{"line":118,"column":7}}]}},"b":{"0":[19],"1":[3],"2":[2],"3":[1],"4":[1],"5":[0],"6":[3],"7":[2],"8":[0],"9":[1],"10":[0],"11":[0],"12":[1]},"fnMap":{"0":{"name":"useMeetingState","decl":{"start":{"line":21,"column":24},"end":{"line":136,"column":2}},"loc":{"start":{"line":21,"column":24},"end":{"line":136,"column":2}},"line":21}},"f":{"0":19}}
,"C:\\Users\\bandi\\meeting-summary-dashboard\\frontend\\src\\utils\\dateUtils.js": {"path":"C:\\Users\\bandi\\meeting-summary-dashboard\\frontend\\src\\utils\\dateUtils.js","all":false,"statementMap":{"0":{"start":{"line":1,"column":0},"end":{"line":1,"column":3}},"1":{"start":{"line":2,"column":0},"end":{"line":2,"column":21}},"2":{"start":{"line":3,"column":0},"end":{"line":3,"column":21}},"3":{"start":{"line":4,"column":0},"end":{"line":4,"column":23}},"4":{"start":{"line":5,"column":0},"end":{"line":5,"column":2}},"5":{"start":{"line":6,"column":0},"end":{"line":6,"column":15}},"6":{"start":{"line":7,"column":0},"end":{"line":7,"column":71}},"7":{"start":{"line":8,"column":0},"end":{"line":8,"column":76}},"8":{"start":{"line":9,"column":0},"end":{"line":9,"column":78}},"9":{"start":{"line":10,"column":0},"end":{"line":10,"column":3}},"10":{"start":{"line":11,"column":0},"end":{"line":11,"column":0}},"11":{"start":{"line":12,"column":0},"end":{"line":12,"column":3}},"12":{"start":{"line":13,"column":0},"end":{"line":13,"column":55}},"13":{"start":{"line":14,"column":0},"end":{"line":14,"column":2}},"14":{"start":{"line":15,"column":0},"end":{"line":15,"column":61}},"15":{"start":{"line":16,"column":0},"end":{"line":16,"column":66}},"16":{"start":{"line":17,"column":0},"end":{"line":17,"column":91}},"17":{"start":{"line":18,"column":0},"end":{"line":18,"column":63}},"18":{"start":{"line":19,"column":0},"end":{"line":19,"column":2}},"19":{"start":{"line":20,"column":0},"end":{"line":20,"column":11}},"20":{"start":{"line":21,"column":0},"end":{"line":21,"column":60}},"21":{"start":{"line":22,"column":0},"end":{"line":22,"column":3}},"22":{"start":{"line":23,"column":0},"end":{"line":23,"column":46}},"23":{"start":{"line":24,"column":0},"end":{"line":24,"column":63}},"24":{"start":{"line":25,"column":0},"end":{"line":25,"column":60}},"25":{"start":{"line":26,"column":0},"end":{"line":26,"column":59}},"26":{"start":{"line":27,"column":0},"end":{"line":27,"column":56}},"27":{"start":{"line":28,"column":0},"end":{"line":28,"column":0}},"28":{"start":{"line":29,"column":0},"end":{"line":29,"column":45}},"29":{"start":{"line":30,"column":0},"end":{"line":30,"column":6}},"30":{"start":{"line":31,"column":0},"end":{"line":31,"column":63}},"31":{"start":{"line":32,"column":0},"end":{"line":32,"column":5}},"32":{"start":{"line":33,"column":0},"end":{"line":33,"column":44}},"33":{"start":{"line":34,"column":0},"end":{"line":34,"column":3}},"34":{"start":{"line":35,"column":0},"end":{"line":35,"column":0}},"35":{"start":{"line":36,"column":0},"end":{"line":36,"column":45}},"36":{"start":{"line":37,"column":0},"end":{"line":37,"column":61}},"37":{"start":{"line":38,"column":0},"end":{"line":38,"column":0}},"38":{"start":{"line":39,"column":0},"end":{"line":39,"column":37}},"39":{"start":{"line":40,"column":0},"end":{"line":40,"column":31}},"40":{"start":{"line":41,"column":0},"end":{"line":41,"column":44}},"41":{"start":{"line":42,"column":0},"end":{"line":42,"column":3}},"42":{"start":{"line":43,"column":0},"end":{"line":43,"column":0}},"43":{"start":{"line":44,"column":0},"end":{"line":44,"column":34}},"44":{"start":{"line":45,"column":0},"end":{"line":45,"column":39}},"45":{"start":{"line":46,"column":0},"end":{"line":46,"column":0}},"46":{"start":{"line":47,"column":0},"end":{"line":47,"column":61}},"47":{"start":{"line":48,"column":0},"end":{"line":48,"column":49}},"48":{"start":{"line":49,"column":0},"end":{"line":49,"column":38}},"49":{"start":{"line":50,"column":0},"end":{"line":50,"column":139}},"50":{"start":{"line":51,"column":0},"end":{"line":51,"column":1}}},"s":{"0":1,"1":1,"2":1,"3":1,"4":1,"5":1,"6":1,"7":1,"8":1,"9":1,"10":1,"11":1,"12":1,"13":1,"14":1,"15":1,"16":1,"17":1,"18":1,"19":1,"20":1,"21":1,"22":1,"23":5,"24":5,"25":5,"26":5,"27":5,"28":5,"29":5,"30":5,"31":5,"32":2,"33":2,"34":3,"35":3,"36":3,"37":3,"38":3,"39":5,"40":0,"41":0,"42":3,"43":3,"44":3,"45":3,"46":3,"47":3,"48":3,"49":3,"50":3},"branchMap":{"0":{"type":"branch","line":23,"loc":{"start":{"line":23,"column":7},"end":{"line":51,"column":1}},"locations":[{"start":{"line":23,"column":7},"end":{"line":51,"column":1}}]},"1":{"type":"branch","line":32,"loc":{"start":{"line":32,"column":4},"end":{"line":34,"column":3}},"locations":[{"start":{"line":32,"column":4},"end":{"line":34,"column":3}}]},"2":{"type":"branch","line":34,"loc":{"start":{"line":34,"column":2},"end":{"line":40,"column":30}},"locations":[{"start":{"line":34,"column":2},"end":{"line":40,"column":30}}]},"3":{"type":"branch","line":40,"loc":{"start":{"line":40,"column":30},"end":{"line":42,"column":3}},"locations":[{"start":{"line":40,"column":30},"end":{"line":42,"column":3}}]},"4":{"type":"branch","line":42,"loc":{"start":{"line":42,"column":2},"end":{"line":51,"column":1}},"locations":[{"start":{"line":42,"column":2},"end":{"line":51,"column":1}}]},"5":{"type":"branch","line":31,"loc":{"start":{"line":31,"column":42},"end":{"line":31,"column":62}},"locations":[{"start":{"line":31,"column":42},"end":{"line":31,"column":62}}]},"6":{"type":"branch","line":48,"loc":{"start":{"line":48,"column":14},"end":{"line":48,"column":48}},"locations":[{"start":{"line":48,"column":14},"end":{"line":48,"column":48}}]}},"b":{"0":[5],"1":[2],"2":[3],"3":[0],"4":[3],"5":[20],"6":[12]},"fnMap":{"0":{"name":"addOneHour","decl":{"start":{"line":23,"column":7},"end":{"line":51,"column":1}},"loc":{"start":{"line":23,"column":7},"end":{"line":51,"column":1}},"line":23},"1":{"name":"pad","decl":{"start":{"line":48,"column":14},"end":{"line":48,"column":48}},"loc":{"start":{"line":48,"column":14},"end":{"line":48,"column":48}},"line":48}},"f":{"0":5,"1":12}}
}
