TN:
SF:src\App.jsx
FN:5,App
FN:24,handleZohoConnect
FN:42,handleFileChange
FN:56,handleSubmit
FN:67,handleDownload
FN:75,handleSchedule
FN:170,onClick
FN:186,onClick
FNF:8
FNH:4
FNDA:23,App
FNDA:0,handleZohoConnect
FNDA:6,handleFileChange
FNDA:1,handleSubmit
FNDA:0,handleDownload
FNDA:3,handleSchedule
FNDA:0,onClick
FNDA:0,onClick
DA:2,1
DA:3,1
DA:4,1
DA:5,23
DA:6,23
DA:7,23
DA:8,23
DA:9,23
DA:10,23
DA:11,23
DA:12,23
DA:13,23
DA:14,23
DA:15,23
DA:16,23
DA:17,23
DA:18,23
DA:19,23
DA:20,23
DA:21,23
DA:22,23
DA:24,23
DA:25,0
DA:26,0
DA:27,0
DA:28,0
DA:29,0
DA:30,0
DA:31,0
DA:32,0
DA:33,0
DA:34,0
DA:35,0
DA:36,0
DA:37,0
DA:38,0
DA:39,0
DA:42,23
DA:43,6
DA:44,6
DA:45,6
DA:46,2
DA:47,2
DA:48,2
DA:49,6
DA:50,0
DA:51,0
DA:52,0
DA:53,3
DA:54,6
DA:56,23
DA:57,1
DA:58,1
DA:59,1
DA:60,1
DA:61,1
DA:62,1
DA:63,0
DA:64,0
DA:65,1
DA:67,23
DA:68,0
DA:69,0
DA:70,0
DA:71,0
DA:72,0
DA:73,0
DA:75,23
DA:76,3
DA:77,3
DA:78,3
DA:79,3
DA:80,3
DA:81,3
DA:82,3
DA:83,3
DA:84,2
DA:85,1
DA:86,1
DA:87,3
DA:88,0
DA:89,0
DA:90,3
DA:91,2
DA:92,2
DA:93,3
DA:95,23
DA:96,23
DA:97,23
DA:99,23
DA:100,23
DA:101,23
DA:103,23
DA:105,23
DA:106,23
DA:107,23
DA:108,23
DA:109,23
DA:110,23
DA:111,23
DA:112,23
DA:113,23
DA:114,23
DA:115,23
DA:116,23
DA:117,23
DA:118,23
DA:119,23
DA:120,23
DA:121,23
DA:122,23
DA:124,23
DA:125,0
DA:126,0
DA:128,0
DA:130,23
DA:132,23
DA:134,23
DA:135,0
DA:137,23
DA:140,23
DA:141,0
DA:142,0
DA:143,0
DA:146,23
DA:147,23
DA:148,23
DA:149,23
DA:151,23
DA:152,2
DA:153,2
DA:154,2
DA:156,23
DA:157,1
DA:158,1
DA:159,1
DA:162,23
DA:163,23
DA:164,23
DA:165,23
DA:166,23
DA:167,23
DA:168,23
DA:169,23
DA:170,23
DA:171,23
DA:173,23
DA:174,23
DA:178,23
DA:179,23
DA:180,23
DA:181,23
DA:182,23
DA:183,23
DA:184,23
DA:185,23
DA:186,23
DA:187,23
DA:189,23
DA:190,23
DA:193,23
DA:194,23
DA:195,23
DA:196,23
DA:197,23
DA:198,23
DA:199,23
DA:202,23
DA:203,23
DA:204,23
DA:205,23
DA:206,23
DA:207,23
DA:208,23
DA:209,23
DA:210,23
DA:211,23
DA:213,23
DA:214,23
DA:216,23
DA:218,23
LF:181
LH:146
BRDA:5,0,0,23
BRDA:116,1,0,4
BRDA:116,2,0,19
BRDA:124,3,0,0
BRDA:134,4,0,0
BRDA:140,5,0,0
BRDA:151,6,0,2
BRDA:156,7,0,1
BRDA:42,8,0,6
BRDA:43,9,0,5
BRDA:44,10,0,1
BRDA:44,11,0,5
BRDA:45,12,0,2
BRDA:48,13,0,3
BRDA:49,14,0,0
BRDA:52,15,0,3
BRDA:56,16,0,1
BRDA:58,17,0,0
BRDA:62,18,0,0
BRDA:75,19,0,3
BRDA:83,20,0,2
BRDA:84,21,0,1
BRDA:87,22,0,0
BRDA:90,23,0,2
BRDA:182,24,0,46
BRDA:197,25,0,23
BRF:26
BRH:19
end_of_record
TN:
SF:src\components\AudioUploader.jsx
FN:3,AudioUploader
FN:11,handleFileChange
FN:15,uploadAudio
FN:48,summarizeTranscript
FNF:4
FNH:4
FNDA:22,AudioUploader
FNDA:5,handleFileChange
FNDA:6,uploadAudio
FNDA:2,summarizeTranscript
DA:1,1
DA:3,22
DA:4,22
DA:5,22
DA:6,22
DA:7,22
DA:8,22
DA:9,22
DA:11,22
DA:12,5
DA:13,5
DA:15,22
DA:16,6
DA:17,6
DA:18,1
DA:19,1
DA:20,1
DA:22,4
DA:24,4
DA:25,4
DA:27,4
DA:28,4
DA:29,4
DA:30,4
DA:31,4
DA:33,3
DA:34,6
DA:35,2
DA:36,2
DA:37,6
DA:38,1
DA:39,1
DA:40,6
DA:41,1
DA:42,1
DA:43,1
DA:45,4
DA:46,6
DA:48,22
DA:49,2
DA:50,2
DA:51,2
DA:52,2
DA:53,2
DA:54,2
DA:55,2
DA:56,2
DA:58,1
DA:59,2
DA:60,2
DA:61,2
DA:62,2
DA:63,1
DA:64,1
DA:65,1
DA:66,2
DA:68,22
DA:69,22
DA:70,22
DA:72,22
DA:73,22
DA:74,22
DA:75,22
DA:76,22
DA:77,22
DA:79,22
DA:80,22
DA:81,22
DA:82,22
DA:84,22
DA:85,22
DA:87,22
DA:88,5
DA:89,5
DA:90,5
DA:91,5
DA:94,22
DA:95,2
DA:96,2
DA:97,2
DA:98,2
DA:99,2
DA:100,2
DA:101,2
DA:102,2
DA:105,22
DA:106,2
DA:107,2
DA:108,2
DA:109,2
DA:110,2
DA:111,2
DA:112,2
DA:113,2
DA:116,22
DA:117,2
DA:118,2
DA:119,2
DA:120,2
DA:121,2
DA:122,2
DA:123,2
DA:124,2
DA:126,22
DA:128,22
DA:130,1
LF:106
LH:106
BRDA:3,0,0,22
BRDA:84,1,0,7
BRDA:84,2,0,15
BRDA:87,3,0,5
BRDA:94,4,0,2
BRDA:105,5,0,2
BRDA:116,6,0,2
BRDA:11,7,0,5
BRDA:15,8,0,6
BRDA:16,9,0,1
BRDA:16,10,0,5
BRDA:17,11,0,1
BRDA:20,12,0,4
BRDA:31,13,0,3
BRDA:34,14,0,2
BRDA:37,15,0,1
BRDA:40,16,0,1
BRDA:43,17,0,4
BRDA:48,18,0,2
BRDA:56,19,0,1
BRDA:59,20,0,0
BRDA:60,21,0,0
BRDA:61,22,0,0
BRDA:62,23,0,1
BRDA:98,24,0,2
BRDA:109,25,0,2
BRDA:120,26,0,2
BRF:27
BRH:24
end_of_record
TN:
SF:src\components\CalendarEventForm.jsx
FN:4,CalendarEventForm
FN:14,handleChange
FN:18,handleSubmit
FNF:3
FNH:3
FNDA:16,CalendarEventForm
FNDA:10,handleChange
FNDA:2,handleSubmit
DA:1,1
DA:2,1
DA:4,16
DA:5,16
DA:6,16
DA:7,16
DA:8,16
DA:9,16
DA:10,16
DA:11,16
DA:12,16
DA:14,16
DA:15,10
DA:16,10
DA:18,16
DA:19,2
DA:20,2
DA:22,2
DA:23,2
DA:24,2
DA:25,2
DA:26,1
DA:27,1
DA:28,1
DA:29,2
DA:31,16
DA:32,16
DA:33,16
DA:34,16
DA:35,16
DA:36,16
DA:37,16
DA:38,16
DA:39,16
DA:40,16
DA:41,16
DA:42,16
DA:43,16
DA:45,16
LF:39
LH:39
BRDA:4,0,0,16
BRDA:42,1,0,4
BRDA:14,2,0,10
BRDA:18,3,0,2
BRDA:23,4,0,1
BRDA:25,5,0,1
BRF:6
BRH:6
end_of_record
TN:
SF:src\components\ReviewPanel.jsx
FN:4,ReviewPanel
FN:9,handleSchedule
FN:62,updateAction
FN:97,onChange
FN:103,onChange
FN:109,onChange
FNF:6
FNH:5
FNDA:36,ReviewPanel
FNDA:4,handleSchedule
FNDA:3,updateAction
FNDA:1,onChange
FNDA:2,onChange
FNDA:0,onChange
DA:1,1
DA:2,1
DA:4,1
DA:5,36
DA:6,36
DA:7,36
DA:9,36
DA:10,4
DA:11,4
DA:12,4
DA:14,4
DA:15,4
DA:17,4
DA:18,3
DA:19,4
DA:20,1
DA:21,1
DA:22,1
DA:23,1
DA:24,1
DA:26,3
DA:27,3
DA:28,3
DA:29,3
DA:31,3
DA:32,3
DA:33,3
DA:34,3
DA:35,3
DA:36,3
DA:37,3
DA:38,3
DA:39,3
DA:40,3
DA:41,3
DA:42,3
DA:43,3
DA:44,3
DA:45,3
DA:46,3
DA:47,3
DA:48,3
DA:49,3
DA:50,3
DA:52,2
DA:53,2
DA:54,4
DA:55,1
DA:56,1
DA:57,4
DA:58,3
DA:59,3
DA:60,4
DA:62,36
DA:63,3
DA:64,3
DA:66,0
DA:67,0
DA:68,3
DA:69,3
DA:70,3
DA:72,36
DA:73,36
DA:74,36
DA:75,36
DA:76,36
DA:78,58
DA:79,58
DA:80,58
DA:81,58
DA:83,58
DA:84,58
DA:86,58
DA:87,58
DA:88,58
DA:89,58
DA:90,58
DA:91,58
DA:92,58
DA:93,58
DA:94,58
DA:95,58
DA:96,58
DA:97,58
DA:98,58
DA:99,58
DA:100,58
DA:101,58
DA:102,58
DA:103,58
DA:104,58
DA:105,58
DA:106,58
DA:107,58
DA:108,58
DA:109,58
DA:110,58
DA:111,58
DA:112,58
DA:113,58
DA:114,58
DA:116,36
DA:117,36
DA:118,36
DA:119,36
DA:120,36
DA:121,36
DA:123,36
DA:124,36
DA:125,36
DA:126,4
DA:127,4
DA:128,4
DA:130,4
DA:131,4
DA:133,36
DA:135,36
DA:137,1
LF:118
LH:116
BRDA:4,0,0,36
BRDA:123,1,0,4
BRDA:123,2,0,32
BRDA:125,3,0,4
BRDA:127,4,0,2
BRDA:127,5,0,2
BRDA:128,6,0,2
BRDA:128,7,0,2
BRDA:9,8,0,4
BRDA:17,9,0,3
BRDA:19,10,0,1
BRDA:24,11,0,3
BRDA:50,12,0,2
BRDA:54,13,0,1
BRDA:57,14,0,3
BRDA:28,15,0,3
BRDA:32,16,0,3
BRDA:62,17,0,3
BRDA:64,18,0,0
BRDA:76,19,0,58
BRDA:78,20,0,44
BRDA:78,21,0,14
BRDA:78,22,0,0
BRDA:79,23,0,14
BRDA:79,24,0,5
BRDA:79,25,0,44
BRDA:80,26,0,14
BRDA:80,27,0,6
BRDA:80,28,0,44
BRDA:81,29,0,14
BRDA:81,30,0,44
BRDA:97,31,0,1
BRDA:103,32,0,2
BRF:33
BRH:31
end_of_record
TN:
SF:src\hooks\UseMeetingState.jsx
FN:4,useMeetingState
FNF:1
FNH:1
FNDA:9,useMeetingState
DA:1,1
DA:2,1
DA:4,1
DA:5,9
DA:6,9
DA:7,9
DA:8,9
DA:9,9
DA:10,9
DA:11,9
DA:13,9
DA:14,2
DA:15,2
DA:16,2
DA:17,2
DA:18,2
DA:19,2
DA:22,2
DA:23,1
DA:24,1
DA:25,1
DA:26,1
DA:27,1
DA:28,1
DA:29,1
DA:30,1
DA:31,1
DA:32,2
DA:33,2
DA:34,2
DA:35,9
DA:37,9
DA:38,2
DA:39,2
DA:40,2
DA:41,2
DA:42,1
DA:43,1
DA:44,1
DA:45,1
DA:46,1
DA:47,1
DA:48,1
DA:49,1
DA:50,1
DA:51,2
DA:52,2
DA:53,2
DA:54,9
DA:56,9
DA:57,0
DA:58,0
DA:59,0
DA:60,0
DA:61,0
DA:62,0
DA:63,9
DA:65,9
DA:66,9
DA:67,9
DA:68,9
DA:69,9
DA:70,9
DA:71,9
DA:72,9
DA:73,9
DA:74,9
DA:75,9
DA:76,9
DA:77,9
DA:78,9
DA:79,9
DA:81,1
LF:73
LH:67
BRDA:4,0,0,9
BRDA:13,1,0,2
BRDA:22,2,0,1
BRDA:28,3,0,0
BRDA:32,4,0,0
BRDA:16,5,0,2
BRDA:37,6,0,2
BRDA:41,7,0,1
BRDA:48,8,0,0
BRF:9
BRH:6
end_of_record
TN:
SF:src\utils\zoho_utils.jsx
FN:5,createEvent
FN:17,formatEventData
FN:33,listEvents
FN:48,getAccessToken
FNF:4
FNH:4
FNDA:7,createEvent
FNDA:2,formatEventData
FNDA:2,listEvents
FNDA:2,getAccessToken
DA:1,1
DA:5,7
DA:6,7
DA:7,7
DA:8,7
DA:9,5
DA:10,7
DA:11,2
DA:12,2
DA:13,2
DA:14,7
DA:17,1
DA:18,2
DA:19,2
DA:20,2
DA:21,2
DA:22,2
DA:23,2
DA:24,2
DA:25,2
DA:26,2
DA:27,2
DA:28,2
DA:29,2
DA:30,2
DA:33,1
DA:34,2
DA:35,2
DA:36,2
DA:37,2
DA:38,2
DA:39,2
DA:40,1
DA:41,1
DA:42,1
DA:43,1
DA:44,1
DA:45,2
DA:48,1
DA:49,2
DA:50,2
DA:51,2
DA:52,2
DA:53,2
DA:54,2
DA:55,2
DA:56,2
DA:57,2
DA:58,2
DA:59,2
DA:60,2
DA:61,2
DA:63,1
DA:64,1
DA:65,1
DA:66,1
DA:67,1
DA:68,1
DA:69,2
LF:59
LH:59
BRDA:5,0,0,7
BRDA:6,1,0,6
BRDA:6,2,0,1
BRDA:8,3,0,5
BRDA:10,4,0,2
BRDA:6,5,0,12
BRDA:6,6,0,11
BRDA:17,7,0,2
BRDA:28,8,0,1
BRDA:28,9,0,1
BRDA:33,10,0,2
BRDA:39,11,0,1
BRDA:48,12,0,2
BRDA:61,13,0,1
BRF:14
BRH:14
end_of_record
