TN:
SF:src\App.jsx
FN:6,App
FN:25,handleZohoConnect
FN:43,handleFileChange
FN:57,handleSubmit
FN:68,handleDownload
FN:76,handleSchedule
FN:158,onClick
FN:173,onClick
FNF:8
FNH:3
FNDA:8,App
FNDA:0,handleZohoConnect
FNDA:1,handleFileChange
FNDA:0,handleSubmit
FNDA:0,handleDownload
FNDA:2,handleSchedule
FNDA:0,onClick
FNDA:0,onClick
DA:2,1
DA:3,1
DA:4,1
DA:6,8
DA:7,8
DA:8,8
DA:9,8
DA:10,8
DA:11,8
DA:12,8
DA:13,8
DA:14,8
DA:15,8
DA:16,8
DA:17,8
DA:18,8
DA:19,8
DA:20,8
DA:21,8
DA:22,8
DA:23,8
DA:25,8
DA:26,0
DA:27,0
DA:28,0
DA:29,0
DA:30,0
DA:31,0
DA:32,0
DA:33,0
DA:34,0
DA:35,0
DA:36,0
DA:37,0
DA:38,0
DA:39,0
DA:40,0
DA:43,8
DA:44,1
DA:45,1
DA:46,1
DA:47,1
DA:48,1
DA:49,1
DA:50,0
DA:51,0
DA:52,0
DA:53,0
DA:54,0
DA:55,1
DA:57,8
DA:58,0
DA:59,0
DA:60,0
DA:61,0
DA:62,0
DA:63,0
DA:64,0
DA:65,0
DA:66,0
DA:68,8
DA:69,0
DA:70,0
DA:71,0
DA:72,0
DA:73,0
DA:74,0
DA:76,8
DA:77,2
DA:78,2
DA:79,2
DA:80,2
DA:81,2
DA:82,2
DA:83,2
DA:84,2
DA:85,2
DA:86,1
DA:87,1
DA:88,2
DA:89,0
DA:90,0
DA:91,2
DA:92,1
DA:93,1
DA:94,2
DA:96,8
DA:97,8
DA:98,8
DA:100,8
DA:101,8
DA:102,8
DA:104,8
DA:106,8
DA:107,8
DA:108,8
DA:109,8
DA:110,8
DA:111,8
DA:112,8
DA:113,8
DA:114,8
DA:115,8
DA:116,8
DA:117,8
DA:118,8
DA:119,8
DA:120,8
DA:121,8
DA:123,8
DA:124,8
DA:125,8
DA:126,0
DA:128,8
DA:131,8
DA:132,0
DA:133,0
DA:134,0
DA:136,8
DA:137,8
DA:138,8
DA:139,8
DA:141,8
DA:142,1
DA:143,1
DA:144,1
DA:146,8
DA:147,1
DA:148,1
DA:149,1
DA:152,8
DA:153,8
DA:154,8
DA:155,8
DA:156,8
DA:157,8
DA:158,8
DA:159,8
DA:161,8
DA:162,8
DA:165,8
DA:166,8
DA:167,8
DA:168,8
DA:169,8
DA:170,8
DA:171,8
DA:172,8
DA:173,8
DA:174,8
DA:176,8
DA:177,8
DA:180,8
DA:181,8
DA:182,8
DA:183,8
DA:184,8
DA:185,8
DA:186,8
DA:189,8
DA:190,8
DA:191,8
DA:192,8
DA:193,8
DA:194,8
DA:195,8
DA:196,8
DA:197,8
DA:198,8
DA:200,8
DA:201,8
DA:203,8
DA:205,8
LF:173
LH:132
BRDA:6,0,0,8
BRDA:116,1,0,0
BRDA:123,2,0,0
BRDA:125,3,0,0
BRDA:131,4,0,0
BRDA:141,5,0,1
BRDA:146,6,0,1
BRDA:43,7,0,1
BRDA:45,8,0,0
BRDA:49,9,0,0
BRDA:76,10,0,2
BRDA:85,11,0,1
BRDA:88,12,0,0
BRDA:91,13,0,1
BRDA:169,14,0,16
BRDA:184,15,0,8
BRF:16
BRH:9
end_of_record
TN:
SF:src\components\AudioUploader.jsx
FN:3,AudioUploader
FN:11,handleFileChange
FN:15,uploadAudio
FN:48,summarizeTranscript
FNF:4
FNH:4
FNDA:22,AudioUploader
FNDA:5,handleFileChange
FNDA:6,uploadAudio
FNDA:2,summarizeTranscript
DA:1,1
DA:3,22
DA:4,22
DA:5,22
DA:6,22
DA:7,22
DA:8,22
DA:9,22
DA:11,22
DA:12,5
DA:13,5
DA:15,22
DA:16,6
DA:17,6
DA:18,1
DA:19,1
DA:20,1
DA:22,4
DA:24,4
DA:25,4
DA:27,4
DA:28,4
DA:29,4
DA:30,4
DA:31,4
DA:33,3
DA:34,6
DA:35,2
DA:36,2
DA:37,6
DA:38,1
DA:39,1
DA:40,6
DA:41,1
DA:42,1
DA:43,1
DA:45,4
DA:46,6
DA:48,22
DA:49,2
DA:50,2
DA:51,2
DA:52,2
DA:53,2
DA:54,2
DA:55,2
DA:56,2
DA:58,1
DA:59,2
DA:60,2
DA:61,2
DA:62,2
DA:63,1
DA:64,1
DA:65,1
DA:66,2
DA:68,22
DA:69,22
DA:70,22
DA:72,22
DA:73,22
DA:74,22
DA:75,22
DA:76,22
DA:77,22
DA:79,22
DA:80,22
DA:81,22
DA:82,22
DA:84,22
DA:85,22
DA:87,22
DA:88,5
DA:89,5
DA:90,5
DA:91,5
DA:94,22
DA:95,2
DA:96,2
DA:97,2
DA:98,2
DA:99,2
DA:100,2
DA:101,2
DA:102,2
DA:105,22
DA:106,2
DA:107,2
DA:108,2
DA:109,2
DA:110,2
DA:111,2
DA:112,2
DA:113,2
DA:116,22
DA:117,2
DA:118,2
DA:119,2
DA:120,2
DA:121,2
DA:122,2
DA:123,2
DA:124,2
DA:126,22
DA:128,22
DA:130,1
LF:106
LH:106
BRDA:3,0,0,22
BRDA:84,1,0,7
BRDA:84,2,0,15
BRDA:87,3,0,5
BRDA:94,4,0,2
BRDA:105,5,0,2
BRDA:116,6,0,2
BRDA:11,7,0,5
BRDA:15,8,0,6
BRDA:16,9,0,1
BRDA:16,10,0,5
BRDA:17,11,0,1
BRDA:20,12,0,4
BRDA:31,13,0,3
BRDA:34,14,0,2
BRDA:37,15,0,1
BRDA:40,16,0,1
BRDA:43,17,0,4
BRDA:48,18,0,2
BRDA:56,19,0,1
BRDA:59,20,0,0
BRDA:60,21,0,0
BRDA:61,22,0,0
BRDA:62,23,0,1
BRDA:98,24,0,2
BRDA:109,25,0,2
BRDA:120,26,0,2
BRF:27
BRH:24
end_of_record
TN:
SF:src\components\CalendarEventForm.jsx
FN:4,CalendarEventForm
FN:14,handleChange
FN:18,handleSubmit
FNF:3
FNH:3
FNDA:16,CalendarEventForm
FNDA:10,handleChange
FNDA:2,handleSubmit
DA:1,1
DA:2,1
DA:4,16
DA:5,16
DA:6,16
DA:7,16
DA:8,16
DA:9,16
DA:10,16
DA:11,16
DA:12,16
DA:14,16
DA:15,10
DA:16,10
DA:18,16
DA:19,2
DA:20,2
DA:22,2
DA:23,2
DA:24,2
DA:25,2
DA:26,1
DA:27,1
DA:28,1
DA:29,2
DA:31,16
DA:32,16
DA:33,16
DA:34,16
DA:35,16
DA:36,16
DA:37,16
DA:38,16
DA:39,16
DA:40,16
DA:41,16
DA:42,16
DA:43,16
DA:45,16
LF:39
LH:39
BRDA:4,0,0,16
BRDA:42,1,0,4
BRDA:14,2,0,10
BRDA:18,3,0,2
BRDA:23,4,0,1
BRDA:25,5,0,1
BRF:6
BRH:6
end_of_record
TN:
SF:src\components\ReviewPanel.jsx
FN:4,ReviewPanel
FN:9,handleSchedule
FN:62,updateAction
FN:97,onChange
FN:103,onChange
FN:109,onChange
FNF:6
FNH:5
FNDA:22,ReviewPanel
FNDA:4,handleSchedule
FNDA:3,updateAction
FNDA:1,onChange
FNDA:2,onChange
FNDA:0,onChange
DA:1,1
DA:2,1
DA:4,1
DA:5,22
DA:6,22
DA:7,22
DA:9,22
DA:10,4
DA:11,4
DA:12,4
DA:14,4
DA:15,4
DA:17,4
DA:18,3
DA:19,4
DA:20,1
DA:21,1
DA:22,1
DA:23,1
DA:24,1
DA:26,3
DA:27,3
DA:28,3
DA:29,3
DA:31,3
DA:32,3
DA:33,3
DA:34,3
DA:35,3
DA:36,3
DA:37,3
DA:38,3
DA:39,3
DA:40,3
DA:41,3
DA:42,3
DA:43,3
DA:44,3
DA:45,3
DA:46,3
DA:47,3
DA:48,3
DA:49,3
DA:50,3
DA:52,2
DA:53,2
DA:54,4
DA:55,1
DA:56,1
DA:57,4
DA:58,3
DA:59,3
DA:60,4
DA:62,22
DA:63,3
DA:64,3
DA:66,0
DA:67,0
DA:68,3
DA:69,3
DA:70,3
DA:72,22
DA:73,22
DA:74,22
DA:75,22
DA:76,22
DA:78,30
DA:79,30
DA:80,30
DA:81,30
DA:83,30
DA:84,30
DA:86,30
DA:87,30
DA:88,30
DA:89,30
DA:90,30
DA:91,30
DA:92,30
DA:93,30
DA:94,30
DA:95,30
DA:96,30
DA:97,30
DA:98,30
DA:99,30
DA:100,30
DA:101,30
DA:102,30
DA:103,30
DA:104,30
DA:105,30
DA:106,30
DA:107,30
DA:108,30
DA:109,30
DA:110,30
DA:111,30
DA:112,30
DA:113,30
DA:114,30
DA:116,22
DA:117,22
DA:118,22
DA:119,22
DA:120,22
DA:121,22
DA:123,22
DA:124,22
DA:125,22
DA:126,4
DA:127,4
DA:128,4
DA:130,4
DA:131,4
DA:133,22
DA:135,22
DA:137,1
LF:118
LH:116
BRDA:4,0,0,22
BRDA:123,1,0,4
BRDA:123,2,0,18
BRDA:125,3,0,4
BRDA:127,4,0,2
BRDA:127,5,0,2
BRDA:128,6,0,2
BRDA:128,7,0,2
BRDA:9,8,0,4
BRDA:17,9,0,3
BRDA:19,10,0,1
BRDA:24,11,0,3
BRDA:50,12,0,2
BRDA:54,13,0,1
BRDA:57,14,0,3
BRDA:28,15,0,3
BRDA:32,16,0,3
BRDA:62,17,0,3
BRDA:64,18,0,0
BRDA:76,19,0,30
BRDA:78,20,0,16
BRDA:78,21,0,14
BRDA:78,22,0,0
BRDA:79,23,0,14
BRDA:79,24,0,5
BRDA:79,25,0,16
BRDA:80,26,0,14
BRDA:80,27,0,6
BRDA:80,28,0,16
BRDA:81,29,0,14
BRDA:81,30,0,16
BRDA:97,31,0,1
BRDA:103,32,0,2
BRF:33
BRH:31
end_of_record
TN:
SF:src\hooks\UseMeetingState.jsx
FN:4,useMeetingState
FNF:1
FNH:1
FNDA:9,useMeetingState
DA:1,1
DA:2,1
DA:4,1
DA:5,9
DA:6,9
DA:7,9
DA:8,9
DA:9,9
DA:10,9
DA:11,9
DA:13,9
DA:14,2
DA:15,2
DA:16,2
DA:17,2
DA:18,2
DA:19,2
DA:22,2
DA:23,1
DA:24,1
DA:25,1
DA:26,1
DA:27,1
DA:28,1
DA:29,1
DA:30,1
DA:31,1
DA:32,2
DA:33,2
DA:34,2
DA:35,9
DA:37,9
DA:38,2
DA:39,2
DA:40,2
DA:41,2
DA:42,1
DA:43,1
DA:44,1
DA:45,1
DA:46,1
DA:47,1
DA:48,1
DA:49,1
DA:50,1
DA:51,2
DA:52,2
DA:53,2
DA:54,9
DA:56,9
DA:57,0
DA:58,0
DA:59,0
DA:60,0
DA:61,0
DA:62,0
DA:63,9
DA:65,9
DA:66,9
DA:67,9
DA:68,9
DA:69,9
DA:70,9
DA:71,9
DA:72,9
DA:73,9
DA:74,9
DA:75,9
DA:76,9
DA:77,9
DA:78,9
DA:79,9
DA:81,1
LF:73
LH:67
BRDA:4,0,0,9
BRDA:13,1,0,2
BRDA:22,2,0,1
BRDA:28,3,0,0
BRDA:32,4,0,0
BRDA:16,5,0,2
BRDA:37,6,0,2
BRDA:41,7,0,1
BRDA:48,8,0,0
BRF:9
BRH:6
end_of_record
TN:
SF:src\utils\zoho_utils.jsx
FN:5,createEvent
FN:17,formatEventData
FN:33,listEvents
FN:48,getAccessToken
FNF:4
FNH:4
FNDA:7,createEvent
FNDA:2,formatEventData
FNDA:2,listEvents
FNDA:2,getAccessToken
DA:1,1
DA:5,7
DA:6,7
DA:7,7
DA:8,7
DA:9,5
DA:10,7
DA:11,2
DA:12,2
DA:13,2
DA:14,7
DA:17,1
DA:18,2
DA:19,2
DA:20,2
DA:21,2
DA:22,2
DA:23,2
DA:24,2
DA:25,2
DA:26,2
DA:27,2
DA:28,2
DA:29,2
DA:30,2
DA:33,1
DA:34,2
DA:35,2
DA:36,2
DA:37,2
DA:38,2
DA:39,2
DA:40,1
DA:41,1
DA:42,1
DA:43,1
DA:44,1
DA:45,2
DA:48,1
DA:49,2
DA:50,2
DA:51,2
DA:52,2
DA:53,2
DA:54,2
DA:55,2
DA:56,2
DA:57,2
DA:58,2
DA:59,2
DA:60,2
DA:61,2
DA:63,1
DA:64,1
DA:65,1
DA:66,1
DA:67,1
DA:68,1
DA:69,2
LF:59
LH:59
BRDA:5,0,0,7
BRDA:6,1,0,6
BRDA:6,2,0,1
BRDA:8,3,0,5
BRDA:10,4,0,2
BRDA:6,5,0,12
BRDA:6,6,0,11
BRDA:17,7,0,2
BRDA:28,8,0,1
BRDA:28,9,0,1
BRDA:33,10,0,2
BRDA:39,11,0,1
BRDA:48,12,0,2
BRDA:61,13,0,1
BRF:14
BRH:14
end_of_record
